
[[[接口调用]]]
[2018/11/5 0:01:54]
[线程：11]
    URL：https://api.weixin.qq.com/sns/oauth2/access_token?appid=wx15eb92053f01ff86&secret=55e9dac0dcf6d8ed52c2b1935d98fa86&code=071nR6MM1UoPc41nlJOM1biaMM1nR6M1&grant_type=authorization_code
    Result：
{"access_token":"15_CC4b3TVpiSueeWZzHuiKS7t9_ijk2E1YSf7Cbmr7ZeyxheOkKSC_fm0sU4JsjrqMMVsu8gsaZUBU1_nuwQPaA3G_68WRzf2JNA_HndxeIus","expires_in":7200,"refresh_token":"15_UVKLM-LLPvaZCvAopG3Yr5dZVHZ_zX7jLpII50Fb8TP1DZssxvcYS3nCqS0SYIgjxDcPPuZCiegD3pzDlzW8fouv8eLfKZ-tc83eOexf-FY","openid":"oOY_U1OatxdJ4_ObS3bbHU00gmGo","scope":"snsapi_userinfo","unionid":"oAmjlw_UfKePdYbf1XWudgxSZjis"}

[[[接口调用]]]
[2018/11/5 0:01:54]
[线程：11]
    URL：https://api.weixin.qq.com/sns/userinfo?access_token=15_CC4b3TVpiSueeWZzHuiKS7t9_ijk2E1YSf7Cbmr7ZeyxheOkKSC_fm0sU4JsjrqMMVsu8gsaZUBU1_nuwQPaA3G_68WRzf2JNA_HndxeIus&openid=oOY_U1OatxdJ4_ObS3bbHU00gmGo&lang=zh_CN
    Result：
{"openid":"oOY_U1OatxdJ4_ObS3bbHU00gmGo","nickname":"this.丰兄","sex":1,"language":"zh_CN","city":"","province":"威克洛","country":"爱尔兰","headimgurl":"http:\/\/thirdwx.qlogo.cn\/mmopen\/vi_32\/Q0j4TwGTfTJJwz24hXvS5rh5Pp5ebiahPXT5ZRdUubdzXoXFE1g01nRrUECicD9EnIjyHibeQelBdC6fYibmuusnEw\/132","privilege":[],"unionid":"oAmjlw_UfKePdYbf1XWudgxSZjis"}

[[[接口调用]]]
[2018/11/5 0:03:06]
[线程：21]
    URL：https://api.weixin.qq.com/sns/oauth2/access_token?appid=wx15eb92053f01ff86&secret=55e9dac0dcf6d8ed52c2b1935d98fa86&code=021mSXIj1mHpXv0dl7Kj1R13Jj1mSXI0&grant_type=authorization_code
    Result：
{"access_token":"15_VuMzqUM5WNxELxyrjGWIv2GR5ardEQ675o-_6J6L0eoR1B-7syDJV_L0xIm2TUXp9uH7adGDXZdiCsfjM3LDeg","expires_in":7200,"refresh_token":"15_ABb9K4CechxWbPduRROiBcUmqOcsVU3WYXnbatDi-y-j7QnobUOWNQwjfFz1uhTEEwMdDsy98X8DNWzvWXiuNw","openid":"oOY_U1KTeDL3W3PtecWdVp1QXi-A","scope":"snsapi_userinfo","unionid":"oAmjlwxfN1p0B0dXEkx-9sZeTAgQ"}

[[[接口调用]]]
[2018/11/5 0:03:06]
[线程：21]
    URL：https://api.weixin.qq.com/sns/userinfo?access_token=15_VuMzqUM5WNxELxyrjGWIv2GR5ardEQ675o-_6J6L0eoR1B-7syDJV_L0xIm2TUXp9uH7adGDXZdiCsfjM3LDeg&openid=oOY_U1KTeDL3W3PtecWdVp1QXi-A&lang=zh_CN
    Result：
{"openid":"oOY_U1KTeDL3W3PtecWdVp1QXi-A","nickname":"雕","sex":1,"language":"zh_CN","city":"深圳","province":"广东","country":"中国","headimgurl":"http:\/\/thirdwx.qlogo.cn\/mmopen\/vi_32\/zibC1nlwP5Z6a4IPCRMARwKhPMvvtSCicVEZl8XPDjK9ZoBRrEq1Ycto32crNBosibk9SbGK68xVu4c9URh0ib7Vzw\/132","privilege":[],"unionid":"oAmjlwxfN1p0B0dXEkx-9sZeTAgQ"}

[[[自动注册扩展缓存完成]]]
[2018/11/5 0:12:00]
[线程：1]
    注册总用时：0ms
自动扫描程序集：0个
扩展缓存：

[[[系统日志]]]
[2018/11/5 0:12:00]
[线程：1]
    系统启动

[[[微信扩展缓存注册完成]]]
[2018/11/5 0:12:00]
[线程：1]
    微信扩展缓存注册总用时：0ms
扩展缓存：Senparc.Weixin.Cache.LocalContainerCacheStrategy

[[[RegisterApiBind() 自动扫描程序集异常：Senparc.Weixin.MP, Version=16.4.6.303, Culture=neutral, PublicKeyToken=null]]]
[2018/11/5 0:12:00]
[线程：1]
    System.ArgumentException: 已添加了具有相同键的项。
   在 System.ThrowHelper.ThrowArgumentException(ExceptionResource resource)
   在 System.Collections.Generic.Dictionary`2.Insert(TKey key, TValue value, Boolean add)
   在 Senparc.NeuChar.ApiBind.ApiBindInfoCollection.Add(MethodInfo method, ApiBindAttribute apiBindAttr)
   在 Senparc.NeuChar.Register.RegisterApiBind()

[[[RegisterApiBind() 自动扫描程序集异常：Senparc.Weixin.Work, Version=3.1.13.304, Culture=neutral, PublicKeyToken=null]]]
[2018/11/5 0:12:00]
[线程：1]
    System.ArgumentException: 已添加了具有相同键的项。
   在 System.ThrowHelper.ThrowArgumentException(ExceptionResource resource)
   在 System.Collections.Generic.Dictionary`2.Insert(TKey key, TValue value, Boolean add)
   在 Senparc.NeuChar.ApiBind.ApiBindInfoCollection.Add(MethodInfo method, ApiBindAttribute apiBindAttr)
   在 Senparc.NeuChar.Register.RegisterApiBind()

[[[RegisterApiBind() 自动扫描程序集异常：Senparc.Weixin.WxOpen, Version=3.1.13.298, Culture=neutral, PublicKeyToken=null]]]
[2018/11/5 0:12:00]
[线程：1]
    System.ArgumentException: 已添加了具有相同键的项。
   在 System.ThrowHelper.ThrowArgumentException(ExceptionResource resource)
   在 System.Collections.Generic.Dictionary`2.Insert(TKey key, TValue value, Boolean add)
   在 Senparc.NeuChar.ApiBind.ApiBindInfoCollection.Add(MethodInfo method, ApiBindAttribute apiBindAttr)
   在 Senparc.NeuChar.Register.RegisterApiBind()

[[[接口调用]]]
[2018/11/5 0:12:16]
[线程：20]
    URL：https://api.weixin.qq.com/sns/oauth2/access_token?appid=wx15eb92053f01ff86&secret=55e9dac0dcf6d8ed52c2b1935d98fa86&code=081m2VJU10tSeW0ikLMU1X31KU1m2VJ8&grant_type=authorization_code
    Result：
{"access_token":"15_Tgcoe_k20n2bhc0wE9l7B5xtx7w_p8edE_EWqYkohCrUu0Nkjv2eyWRO0GX1AxLGI1WoaQmxjhLIlEWQRK62Uw","expires_in":7200,"refresh_token":"15_0TzkZuhRbPCmL56A6CLOBwfg7aPd2Tx5b3qqkX5niNAg68kd8gQnyQeBrFo2Sscd1jzCWnTdaNb_0hvLr7qCew","openid":"oOY_U1KTeDL3W3PtecWdVp1QXi-A","scope":"snsapi_userinfo","unionid":"oAmjlwxfN1p0B0dXEkx-9sZeTAgQ"}

[[[接口调用]]]
[2018/11/5 0:12:17]
[线程：20]
    URL：https://api.weixin.qq.com/sns/userinfo?access_token=15_Tgcoe_k20n2bhc0wE9l7B5xtx7w_p8edE_EWqYkohCrUu0Nkjv2eyWRO0GX1AxLGI1WoaQmxjhLIlEWQRK62Uw&openid=oOY_U1KTeDL3W3PtecWdVp1QXi-A&lang=zh_CN
    Result：
{"openid":"oOY_U1KTeDL3W3PtecWdVp1QXi-A","nickname":"雕","sex":1,"language":"zh_CN","city":"深圳","province":"广东","country":"中国","headimgurl":"http:\/\/thirdwx.qlogo.cn\/mmopen\/vi_32\/zibC1nlwP5Z6a4IPCRMARwKhPMvvtSCicVEZl8XPDjK9ZoBRrEq1Ycto32crNBosibk9SbGK68xVu4c9URh0ib7Vzw\/132","privilege":[],"unionid":"oAmjlwxfN1p0B0dXEkx-9sZeTAgQ"}
