
[[[自动注册扩展缓存完成]]]
[2018/11/3 0:58:22]
[线程：1]
    注册总用时：0ms
自动扫描程序集：0个
扩展缓存：

[[[系统日志]]]
[2018/11/3 0:58:22]
[线程：1]
    系统启动

[[[微信扩展缓存注册完成]]]
[2018/11/3 0:58:22]
[线程：1]
    微信扩展缓存注册总用时：0ms
扩展缓存：Senparc.Weixin.Cache.LocalContainerCacheStrategy

[[[RegisterApiBind() 自动扫描程序集异常：Senparc.Weixin.MP, Version=16.4.6.40034, Culture=neutral, PublicKeyToken=null]]]
[2018/11/3 0:58:23]
[线程：1]
    System.ArgumentException: 已添加了具有相同键的项。
   在 System.ThrowHelper.ThrowArgumentException(ExceptionResource resource)
   在 System.Collections.Generic.Dictionary`2.Insert(TKey key, TValue value, Boolean add)
   在 Senparc.NeuChar.ApiBind.ApiBindInfoCollection.Add(MethodInfo method, ApiBindAttribute apiBindAttr)
   在 Senparc.NeuChar.Register.RegisterApiBind()

[[[RegisterApiBind() 自动扫描程序集异常：Senparc.Weixin.WxOpen, Version=3.1.13.40034, Culture=neutral, PublicKeyToken=null]]]
[2018/11/3 0:58:23]
[线程：1]
    System.ArgumentException: 已添加了具有相同键的项。
   在 System.ThrowHelper.ThrowArgumentException(ExceptionResource resource)
   在 System.Collections.Generic.Dictionary`2.Insert(TKey key, TValue value, Boolean add)
   在 Senparc.NeuChar.ApiBind.ApiBindInfoCollection.Add(MethodInfo method, ApiBindAttribute apiBindAttr)
   在 Senparc.NeuChar.Register.RegisterApiBind()

[[[RegisterApiBind() 自动扫描程序集异常：Senparc.Weixin.Work, Version=3.1.13.40035, Culture=neutral, PublicKeyToken=null]]]
[2018/11/3 0:58:23]
[线程：1]
    System.ArgumentException: 已添加了具有相同键的项。
   在 System.ThrowHelper.ThrowArgumentException(ExceptionResource resource)
   在 System.Collections.Generic.Dictionary`2.Insert(TKey key, TValue value, Boolean add)
   在 Senparc.NeuChar.ApiBind.ApiBindInfoCollection.Add(MethodInfo method, ApiBindAttribute apiBindAttr)
   在 Senparc.NeuChar.Register.RegisterApiBind()

[[[自动注册扩展缓存完成]]]
[2018/11/3 1:13:21]
[线程：1]
    注册总用时：0ms
自动扫描程序集：0个
扩展缓存：

[[[系统日志]]]
[2018/11/3 1:13:21]
[线程：1]
    系统启动

[[[微信扩展缓存注册完成]]]
[2018/11/3 1:13:21]
[线程：1]
    微信扩展缓存注册总用时：0ms
扩展缓存：Senparc.Weixin.Cache.LocalContainerCacheStrategy

[[[RegisterApiBind() 自动扫描程序集异常：Senparc.Weixin.MP, Version=16.4.6.2144, Culture=neutral, PublicKeyToken=null]]]
[2018/11/3 1:13:21]
[线程：1]
    System.ArgumentException: 已添加了具有相同键的项。
   在 System.ThrowHelper.ThrowArgumentException(ExceptionResource resource)
   在 System.Collections.Generic.Dictionary`2.Insert(TKey key, TValue value, Boolean add)
   在 Senparc.NeuChar.ApiBind.ApiBindInfoCollection.Add(MethodInfo method, ApiBindAttribute apiBindAttr)
   在 Senparc.NeuChar.Register.RegisterApiBind()

[[[RegisterApiBind() 自动扫描程序集异常：Senparc.Weixin.Work, Version=3.1.13.2145, Culture=neutral, PublicKeyToken=null]]]
[2018/11/3 1:13:21]
[线程：1]
    System.ArgumentException: 已添加了具有相同键的项。
   在 System.ThrowHelper.ThrowArgumentException(ExceptionResource resource)
   在 System.Collections.Generic.Dictionary`2.Insert(TKey key, TValue value, Boolean add)
   在 Senparc.NeuChar.ApiBind.ApiBindInfoCollection.Add(MethodInfo method, ApiBindAttribute apiBindAttr)
   在 Senparc.NeuChar.Register.RegisterApiBind()

[[[RegisterApiBind() 自动扫描程序集异常：Senparc.Weixin.WxOpen, Version=3.1.13.2136, Culture=neutral, PublicKeyToken=null]]]
[2018/11/3 1:13:21]
[线程：1]
    System.ArgumentException: 已添加了具有相同键的项。
   在 System.ThrowHelper.ThrowArgumentException(ExceptionResource resource)
   在 System.Collections.Generic.Dictionary`2.Insert(TKey key, TValue value, Boolean add)
   在 Senparc.NeuChar.ApiBind.ApiBindInfoCollection.Add(MethodInfo method, ApiBindAttribute apiBindAttr)
   在 Senparc.NeuChar.Register.RegisterApiBind()

[[[接口调用]]]
[2018/11/3 1:13:24]
[线程：23]
    URL：https://api.weixin.qq.com/sns/oauth2/access_token?appid=wx15eb92053f01ff86&secret=55e9dac0dcf6d8ed52c2b1935d98fa86&code=011QAYAe1wYo0s0dtrze1zDiBe1QAYAV&grant_type=authorization_code
    Result：
{"access_token":"15_M6PhNEp1_y4QEyAsLtve6CX-MgVt7z6wzXZUGyejwPr_LqhcrTaXjb0MNV1zK12gFnrQtJALmoKNFjQbSoJTpg","expires_in":7200,"refresh_token":"15_I6hWS42gNofFXmVOqBYDR7IXFmrWJ5WG1ro538ZqTRc0Yqwe5eY7v38p2Ixr1X71Fp-SjRTlfIFC13q-VSAVWg","openid":"oOY_U1KTeDL3W3PtecWdVp1QXi-A","scope":"snsapi_userinfo","unionid":"oAmjlwxfN1p0B0dXEkx-9sZeTAgQ"}

[[[接口调用]]]
[2018/11/3 1:13:25]
[线程：23]
    URL：https://api.weixin.qq.com/sns/userinfo?access_token=15_M6PhNEp1_y4QEyAsLtve6CX-MgVt7z6wzXZUGyejwPr_LqhcrTaXjb0MNV1zK12gFnrQtJALmoKNFjQbSoJTpg&openid=oOY_U1KTeDL3W3PtecWdVp1QXi-A&lang=zh_CN
    Result：
{"openid":"oOY_U1KTeDL3W3PtecWdVp1QXi-A","nickname":"雕","sex":1,"language":"zh_CN","city":"深圳","province":"广东","country":"中国","headimgurl":"http:\/\/thirdwx.qlogo.cn\/mmopen\/vi_32\/zibC1nlwP5Z6a4IPCRMARwKhPMvvtSCicVEZl8XPDjK9ZoBRrEq1Ycto32crNBosibk9SbGK68xVu4c9URh0ib7Vzw\/132","privilege":[],"unionid":"oAmjlwxfN1p0B0dXEkx-9sZeTAgQ"}

[[[自动注册扩展缓存完成]]]
[2018/11/3 1:29:56]
[线程：32]
    注册总用时：0ms
自动扫描程序集：0个
扩展缓存：

[[[系统日志]]]
[2018/11/3 1:29:56]
[线程：32]
    系统启动

[[[微信扩展缓存注册完成]]]
[2018/11/3 1:29:56]
[线程：32]
    微信扩展缓存注册总用时：0ms
扩展缓存：Senparc.Weixin.Cache.LocalContainerCacheStrategy

[[[RegisterApiBind() 自动扫描程序集异常：Senparc.Weixin.MP, Version=16.4.6.2673, Culture=neutral, PublicKeyToken=null]]]
[2018/11/3 1:29:56]
[线程：32]
    System.ArgumentException: 已添加了具有相同键的项。
   在 System.ThrowHelper.ThrowArgumentException(ExceptionResource resource)
   在 System.Collections.Generic.Dictionary`2.Insert(TKey key, TValue value, Boolean add)
   在 Senparc.NeuChar.ApiBind.ApiBindInfoCollection.Add(MethodInfo method, ApiBindAttribute apiBindAttr)
   在 Senparc.NeuChar.Register.RegisterApiBind()

[[[RegisterApiBind() 自动扫描程序集异常：Senparc.Weixin.Work, Version=3.1.13.2674, Culture=neutral, PublicKeyToken=null]]]
[2018/11/3 1:29:56]
[线程：32]
    System.ArgumentException: 已添加了具有相同键的项。
   在 System.ThrowHelper.ThrowArgumentException(ExceptionResource resource)
   在 System.Collections.Generic.Dictionary`2.Insert(TKey key, TValue value, Boolean add)
   在 Senparc.NeuChar.ApiBind.ApiBindInfoCollection.Add(MethodInfo method, ApiBindAttribute apiBindAttr)
   在 Senparc.NeuChar.Register.RegisterApiBind()

[[[RegisterApiBind() 自动扫描程序集异常：Senparc.Weixin.WxOpen, Version=3.1.13.2668, Culture=neutral, PublicKeyToken=null]]]
[2018/11/3 1:29:56]
[线程：32]
    System.ArgumentException: 已添加了具有相同键的项。
   在 System.ThrowHelper.ThrowArgumentException(ExceptionResource resource)
   在 System.Collections.Generic.Dictionary`2.Insert(TKey key, TValue value, Boolean add)
   在 Senparc.NeuChar.ApiBind.ApiBindInfoCollection.Add(MethodInfo method, ApiBindAttribute apiBindAttr)
   在 Senparc.NeuChar.Register.RegisterApiBind()

[[[接口调用]]]
[2018/11/3 1:29:59]
[线程：31]
    URL：https://api.weixin.qq.com/sns/oauth2/access_token?appid=wx15eb92053f01ff86&secret=55e9dac0dcf6d8ed52c2b1935d98fa86&code=001OjcIx0NhRXh16vOJx07lgIx0OjcIn&grant_type=authorization_code
    Result：
{"access_token":"15_i7X3QGW0gcFHLOgrbpba0EE0ifPr4FHpnw4eFlFCgyln0DB_kp3Iqo2y_qezRI5wFW9MfcInGvq_v8-sGViIcg","expires_in":7200,"refresh_token":"15_Locr2G4v0wUamfOFd364UtJSXFZV8y4T7j4JCwgvEU2-nNKNtJkgK3JTISf1OzLZgYDojVunhG2YS818L-69Vg","openid":"oOY_U1KTeDL3W3PtecWdVp1QXi-A","scope":"snsapi_userinfo","unionid":"oAmjlwxfN1p0B0dXEkx-9sZeTAgQ"}

[[[接口调用]]]
[2018/11/3 1:30:00]
[线程：31]
    URL：https://api.weixin.qq.com/sns/userinfo?access_token=15_i7X3QGW0gcFHLOgrbpba0EE0ifPr4FHpnw4eFlFCgyln0DB_kp3Iqo2y_qezRI5wFW9MfcInGvq_v8-sGViIcg&openid=oOY_U1KTeDL3W3PtecWdVp1QXi-A&lang=zh_CN
    Result：
{"openid":"oOY_U1KTeDL3W3PtecWdVp1QXi-A","nickname":"雕","sex":1,"language":"zh_CN","city":"深圳","province":"广东","country":"中国","headimgurl":"http:\/\/thirdwx.qlogo.cn\/mmopen\/vi_32\/zibC1nlwP5Z6a4IPCRMARwKhPMvvtSCicVEZl8XPDjK9ZoBRrEq1Ycto32crNBosibk9SbGK68xVu4c9URh0ib7Vzw\/132","privilege":[],"unionid":"oAmjlwxfN1p0B0dXEkx-9sZeTAgQ"}

[[[自动注册扩展缓存完成]]]
[2018/11/3 1:38:24]
[线程：32]
    注册总用时：0ms
自动扫描程序集：0个
扩展缓存：

[[[系统日志]]]
[2018/11/3 1:38:24]
[线程：32]
    系统启动

[[[微信扩展缓存注册完成]]]
[2018/11/3 1:38:24]
[线程：32]
    微信扩展缓存注册总用时：0ms
扩展缓存：Senparc.Weixin.Cache.LocalContainerCacheStrategy

[[[RegisterApiBind() 自动扫描程序集异常：Senparc.Weixin.MP, Version=16.4.6.2928, Culture=neutral, PublicKeyToken=null]]]
[2018/11/3 1:38:24]
[线程：32]
    System.ArgumentException: 已添加了具有相同键的项。
   在 System.ThrowHelper.ThrowArgumentException(ExceptionResource resource)
   在 System.Collections.Generic.Dictionary`2.Insert(TKey key, TValue value, Boolean add)
   在 Senparc.NeuChar.ApiBind.ApiBindInfoCollection.Add(MethodInfo method, ApiBindAttribute apiBindAttr)
   在 Senparc.NeuChar.Register.RegisterApiBind()

[[[RegisterApiBind() 自动扫描程序集异常：Senparc.Weixin.Work, Version=3.1.13.2929, Culture=neutral, PublicKeyToken=null]]]
[2018/11/3 1:38:24]
[线程：32]
    System.ArgumentException: 已添加了具有相同键的项。
   在 System.ThrowHelper.ThrowArgumentException(ExceptionResource resource)
   在 System.Collections.Generic.Dictionary`2.Insert(TKey key, TValue value, Boolean add)
   在 Senparc.NeuChar.ApiBind.ApiBindInfoCollection.Add(MethodInfo method, ApiBindAttribute apiBindAttr)
   在 Senparc.NeuChar.Register.RegisterApiBind()

[[[RegisterApiBind() 自动扫描程序集异常：Senparc.Weixin.WxOpen, Version=3.1.13.2923, Culture=neutral, PublicKeyToken=null]]]
[2018/11/3 1:38:24]
[线程：32]
    System.ArgumentException: 已添加了具有相同键的项。
   在 System.ThrowHelper.ThrowArgumentException(ExceptionResource resource)
   在 System.Collections.Generic.Dictionary`2.Insert(TKey key, TValue value, Boolean add)
   在 Senparc.NeuChar.ApiBind.ApiBindInfoCollection.Add(MethodInfo method, ApiBindAttribute apiBindAttr)
   在 Senparc.NeuChar.Register.RegisterApiBind()

[[[接口调用]]]
[2018/11/3 1:38:27]
[线程：8]
    URL：https://api.weixin.qq.com/sns/oauth2/access_token?appid=wx15eb92053f01ff86&secret=55e9dac0dcf6d8ed52c2b1935d98fa86&code=071zFC9M14JmO41dsO9M1nBu9M1zFC9w&grant_type=authorization_code
    Result：
{"access_token":"15_pxMQkGN6v9NcOd9-C_iScrjjHw6gHNmgJKOQahF-1-N54ixSaKZA9M6JogtidWQ4gf__jUZoLsVZbN4kf2e3CA","expires_in":7200,"refresh_token":"15_Q_2C5cNaXs0_pLP01P3Cvw1RcbX0Dccj3jechYXSIoIj9FHrvMaUIaYjLP4wZ_KKGfPB47JFMHeRVZGJm3QUhw","openid":"oOY_U1KTeDL3W3PtecWdVp1QXi-A","scope":"snsapi_userinfo","unionid":"oAmjlwxfN1p0B0dXEkx-9sZeTAgQ"}

[[[接口调用]]]
[2018/11/3 1:38:27]
[线程：8]
    URL：https://api.weixin.qq.com/sns/userinfo?access_token=15_pxMQkGN6v9NcOd9-C_iScrjjHw6gHNmgJKOQahF-1-N54ixSaKZA9M6JogtidWQ4gf__jUZoLsVZbN4kf2e3CA&openid=oOY_U1KTeDL3W3PtecWdVp1QXi-A&lang=zh_CN
    Result：
{"openid":"oOY_U1KTeDL3W3PtecWdVp1QXi-A","nickname":"雕","sex":1,"language":"zh_CN","city":"深圳","province":"广东","country":"中国","headimgurl":"http:\/\/thirdwx.qlogo.cn\/mmopen\/vi_32\/zibC1nlwP5Z6a4IPCRMARwKhPMvvtSCicVEZl8XPDjK9ZoBRrEq1Ycto32crNBosibk9SbGK68xVu4c9URh0ib7Vzw\/132","privilege":[],"unionid":"oAmjlwxfN1p0B0dXEkx-9sZeTAgQ"}

[[[自动注册扩展缓存完成]]]
[2018/11/3 1:44:53]
[线程：32]
    注册总用时：0ms
自动扫描程序集：0个
扩展缓存：

[[[系统日志]]]
[2018/11/3 1:44:53]
[线程：32]
    系统启动

[[[微信扩展缓存注册完成]]]
[2018/11/3 1:44:53]
[线程：32]
    微信扩展缓存注册总用时：0ms
扩展缓存：Senparc.Weixin.Cache.LocalContainerCacheStrategy

[[[RegisterApiBind() 自动扫描程序集异常：Senparc.Weixin.MP, Version=16.4.6.3116, Culture=neutral, PublicKeyToken=null]]]
[2018/11/3 1:44:53]
[线程：32]
    System.ArgumentException: 已添加了具有相同键的项。
   在 System.ThrowHelper.ThrowArgumentException(ExceptionResource resource)
   在 System.Collections.Generic.Dictionary`2.Insert(TKey key, TValue value, Boolean add)
   在 Senparc.NeuChar.ApiBind.ApiBindInfoCollection.Add(MethodInfo method, ApiBindAttribute apiBindAttr)
   在 Senparc.NeuChar.Register.RegisterApiBind()

[[[RegisterApiBind() 自动扫描程序集异常：Senparc.Weixin.Work, Version=3.1.13.3117, Culture=neutral, PublicKeyToken=null]]]
[2018/11/3 1:44:53]
[线程：32]
    System.ArgumentException: 已添加了具有相同键的项。
   在 System.ThrowHelper.ThrowArgumentException(ExceptionResource resource)
   在 System.Collections.Generic.Dictionary`2.Insert(TKey key, TValue value, Boolean add)
   在 Senparc.NeuChar.ApiBind.ApiBindInfoCollection.Add(MethodInfo method, ApiBindAttribute apiBindAttr)
   在 Senparc.NeuChar.Register.RegisterApiBind()

[[[RegisterApiBind() 自动扫描程序集异常：Senparc.Weixin.WxOpen, Version=3.1.13.3112, Culture=neutral, PublicKeyToken=null]]]
[2018/11/3 1:44:53]
[线程：32]
    System.ArgumentException: 已添加了具有相同键的项。
   在 System.ThrowHelper.ThrowArgumentException(ExceptionResource resource)
   在 System.Collections.Generic.Dictionary`2.Insert(TKey key, TValue value, Boolean add)
   在 Senparc.NeuChar.ApiBind.ApiBindInfoCollection.Add(MethodInfo method, ApiBindAttribute apiBindAttr)
   在 Senparc.NeuChar.Register.RegisterApiBind()

[[[接口调用]]]
[2018/11/3 1:46:54]
[线程：38]
    URL：https://api.weixin.qq.com/sns/oauth2/access_token?appid=wx15eb92053f01ff86&secret=55e9dac0dcf6d8ed52c2b1935d98fa86&code=061LP7kB1NBpme0AW1kB1UiokB1LP7kt&grant_type=authorization_code
    Result：
{"access_token":"15_TSvzbg-lM1vMDCUJa98VakkJ-q2bP2gskEKmL3VlK4el7TwPPJt1WkbZ4kLbIQkduxtImBrjqqqLqArIOYkeZA","expires_in":7200,"refresh_token":"15_Tgcoe_k20n2bhc0wE9l7B9y0ZO0FeqzrzwMBbeJUeH1UPTvJgzC0tO9FZXYlRabgiU1oz4LeKk-MxbOBO25I9A","openid":"oOY_U1KTeDL3W3PtecWdVp1QXi-A","scope":"snsapi_userinfo","unionid":"oAmjlwxfN1p0B0dXEkx-9sZeTAgQ"}

[[[接口调用]]]
[2018/11/3 1:46:54]
[线程：38]
    URL：https://api.weixin.qq.com/sns/userinfo?access_token=15_TSvzbg-lM1vMDCUJa98VakkJ-q2bP2gskEKmL3VlK4el7TwPPJt1WkbZ4kLbIQkduxtImBrjqqqLqArIOYkeZA&openid=oOY_U1KTeDL3W3PtecWdVp1QXi-A&lang=zh_CN
    Result：
{"openid":"oOY_U1KTeDL3W3PtecWdVp1QXi-A","nickname":"雕","sex":1,"language":"zh_CN","city":"深圳","province":"广东","country":"中国","headimgurl":"http:\/\/thirdwx.qlogo.cn\/mmopen\/vi_32\/zibC1nlwP5Z6a4IPCRMARwKhPMvvtSCicVEZl8XPDjK9ZoBRrEq1Ycto32crNBosibk9SbGK68xVu4c9URh0ib7Vzw\/132","privilege":[],"unionid":"oAmjlwxfN1p0B0dXEkx-9sZeTAgQ"}

[[[自动注册扩展缓存完成]]]
[2018/11/3 10:31:52]
[线程：1]
    注册总用时：0ms
自动扫描程序集：0个
扩展缓存：

[[[系统日志]]]
[2018/11/3 10:31:52]
[线程：1]
    系统启动

[[[微信扩展缓存注册完成]]]
[2018/11/3 10:31:52]
[线程：1]
    微信扩展缓存注册总用时：0ms
扩展缓存：Senparc.Weixin.Cache.LocalContainerCacheStrategy

[[[RegisterApiBind() 自动扫描程序集异常：Senparc.Weixin.MP, Version=16.4.6.3116, Culture=neutral, PublicKeyToken=null]]]
[2018/11/3 10:31:52]
[线程：1]
    System.ArgumentException: 已添加了具有相同键的项。
   在 System.ThrowHelper.ThrowArgumentException(ExceptionResource resource)
   在 System.Collections.Generic.Dictionary`2.Insert(TKey key, TValue value, Boolean add)
   在 Senparc.NeuChar.ApiBind.ApiBindInfoCollection.Add(MethodInfo method, ApiBindAttribute apiBindAttr)
   在 Senparc.NeuChar.Register.RegisterApiBind()

[[[RegisterApiBind() 自动扫描程序集异常：Senparc.Weixin.WxOpen, Version=3.1.13.3112, Culture=neutral, PublicKeyToken=null]]]
[2018/11/3 10:31:52]
[线程：1]
    System.ArgumentException: 已添加了具有相同键的项。
   在 System.ThrowHelper.ThrowArgumentException(ExceptionResource resource)
   在 System.Collections.Generic.Dictionary`2.Insert(TKey key, TValue value, Boolean add)
   在 Senparc.NeuChar.ApiBind.ApiBindInfoCollection.Add(MethodInfo method, ApiBindAttribute apiBindAttr)
   在 Senparc.NeuChar.Register.RegisterApiBind()

[[[RegisterApiBind() 自动扫描程序集异常：Senparc.Weixin.Work, Version=3.1.13.3117, Culture=neutral, PublicKeyToken=null]]]
[2018/11/3 10:31:52]
[线程：1]
    System.ArgumentException: 已添加了具有相同键的项。
   在 System.ThrowHelper.ThrowArgumentException(ExceptionResource resource)
   在 System.Collections.Generic.Dictionary`2.Insert(TKey key, TValue value, Boolean add)
   在 Senparc.NeuChar.ApiBind.ApiBindInfoCollection.Add(MethodInfo method, ApiBindAttribute apiBindAttr)
   在 Senparc.NeuChar.Register.RegisterApiBind()

[[[自动注册扩展缓存完成]]]
[2018/11/3 13:14:34]
[线程：1]
    注册总用时：0ms
自动扫描程序集：0个
扩展缓存：

[[[系统日志]]]
[2018/11/3 13:14:34]
[线程：1]
    系统启动

[[[微信扩展缓存注册完成]]]
[2018/11/3 13:14:34]
[线程：1]
    微信扩展缓存注册总用时：0ms
扩展缓存：Senparc.Weixin.Cache.LocalContainerCacheStrategy

[[[RegisterApiBind() 自动扫描程序集异常：Senparc.Weixin.MP, Version=16.4.6.3116, Culture=neutral, PublicKeyToken=null]]]
[2018/11/3 13:14:34]
[线程：1]
    System.ArgumentException: 已添加了具有相同键的项。
   在 System.ThrowHelper.ThrowArgumentException(ExceptionResource resource)
   在 System.Collections.Generic.Dictionary`2.Insert(TKey key, TValue value, Boolean add)
   在 Senparc.NeuChar.ApiBind.ApiBindInfoCollection.Add(MethodInfo method, ApiBindAttribute apiBindAttr)
   在 Senparc.NeuChar.Register.RegisterApiBind()

[[[RegisterApiBind() 自动扫描程序集异常：Senparc.Weixin.WxOpen, Version=3.1.13.3112, Culture=neutral, PublicKeyToken=null]]]
[2018/11/3 13:14:34]
[线程：1]
    System.ArgumentException: 已添加了具有相同键的项。
   在 System.ThrowHelper.ThrowArgumentException(ExceptionResource resource)
   在 System.Collections.Generic.Dictionary`2.Insert(TKey key, TValue value, Boolean add)
   在 Senparc.NeuChar.ApiBind.ApiBindInfoCollection.Add(MethodInfo method, ApiBindAttribute apiBindAttr)
   在 Senparc.NeuChar.Register.RegisterApiBind()

[[[RegisterApiBind() 自动扫描程序集异常：Senparc.Weixin.Work, Version=3.1.13.3117, Culture=neutral, PublicKeyToken=null]]]
[2018/11/3 13:14:34]
[线程：1]
    System.ArgumentException: 已添加了具有相同键的项。
   在 System.ThrowHelper.ThrowArgumentException(ExceptionResource resource)
   在 System.Collections.Generic.Dictionary`2.Insert(TKey key, TValue value, Boolean add)
   在 Senparc.NeuChar.ApiBind.ApiBindInfoCollection.Add(MethodInfo method, ApiBindAttribute apiBindAttr)
   在 Senparc.NeuChar.Register.RegisterApiBind()

[[[接口调用]]]
[2018/11/3 13:15:01]
[线程：9]
    URL：https://api.weixin.qq.com/sns/oauth2/access_token?appid=wx15eb92053f01ff86&secret=55e9dac0dcf6d8ed52c2b1935d98fa86&code=001kyLme0RS4kB1Pnble0D7Ume0kyLmH&grant_type=authorization_code
    Result：
{"access_token":"15_eBaJJJj9JNOj0NHeL8PaW3XB5N4tJsIOVCrI2ihDfIXgvYaWxWSl6DbUl9CluIu97UFJkIL2T3FtJLNA9gkSPw","expires_in":7200,"refresh_token":"15_0wAZv4FQVxz4ePk3gUX7m9xqQTebGNL-2B9Wb3eCfvomukLry-HY7IE_3GkOpy_wLy79sIpM_piv_YQbKFYjdQ","openid":"oOY_U1OatxdJ4_ObS3bbHU00gmGo","scope":"snsapi_userinfo","unionid":"oAmjlw_UfKePdYbf1XWudgxSZjis"}

[[[接口调用]]]
[2018/11/3 13:15:02]
[线程：9]
    URL：https://api.weixin.qq.com/sns/userinfo?access_token=15_eBaJJJj9JNOj0NHeL8PaW3XB5N4tJsIOVCrI2ihDfIXgvYaWxWSl6DbUl9CluIu97UFJkIL2T3FtJLNA9gkSPw&openid=oOY_U1OatxdJ4_ObS3bbHU00gmGo&lang=zh_CN
    Result：
{"openid":"oOY_U1OatxdJ4_ObS3bbHU00gmGo","nickname":"this.丰兄","sex":1,"language":"zh_CN","city":"","province":"威克洛","country":"爱尔兰","headimgurl":"http:\/\/thirdwx.qlogo.cn\/mmopen\/vi_32\/Q0j4TwGTfTJJwz24hXvS5rh5Pp5ebiahPXT5ZRdUubdzXoXFE1g01nRrUECicD9EnIjyHibeQelBdC6fYibmuusnEw\/132","privilege":[],"unionid":"oAmjlw_UfKePdYbf1XWudgxSZjis"}

[[[接口调用]]]
[2018/11/3 13:19:20]
[线程：19]
    URL：https://api.weixin.qq.com/sns/oauth2/access_token?appid=wx15eb92053f01ff86&secret=55e9dac0dcf6d8ed52c2b1935d98fa86&code=001HAOUF1gkpo00N0HWF1rjwUF1HAOUP&grant_type=authorization_code
    Result：
{"access_token":"15_fTQBQeb1-4hv7sG6ri-c4Wzh75-Lcml1d4ffPLD-O3OvX4VkLVSqPLjpO8ZvvSj7zew_lQanbTsS5wsAmED0_1ypsDv2w4VU070viVM8SKk","expires_in":7200,"refresh_token":"15_eQ-tCsYjfwoepoh5v1DnkNKIbxbcT2y4m62h_-N9nQ-p6IAmvFGjqbgWvsJP59J0kx663dNZYt0k2vQlSeVvfjvuawelikWYGwj50ypQufQ","openid":"oOY_U1OatxdJ4_ObS3bbHU00gmGo","scope":"snsapi_userinfo","unionid":"oAmjlw_UfKePdYbf1XWudgxSZjis"}

[[[接口调用]]]
[2018/11/3 13:19:20]
[线程：19]
    URL：https://api.weixin.qq.com/sns/userinfo?access_token=15_fTQBQeb1-4hv7sG6ri-c4Wzh75-Lcml1d4ffPLD-O3OvX4VkLVSqPLjpO8ZvvSj7zew_lQanbTsS5wsAmED0_1ypsDv2w4VU070viVM8SKk&openid=oOY_U1OatxdJ4_ObS3bbHU00gmGo&lang=zh_CN
    Result：
{"openid":"oOY_U1OatxdJ4_ObS3bbHU00gmGo","nickname":"this.丰兄","sex":1,"language":"zh_CN","city":"","province":"威克洛","country":"爱尔兰","headimgurl":"http:\/\/thirdwx.qlogo.cn\/mmopen\/vi_32\/Q0j4TwGTfTJJwz24hXvS5rh5Pp5ebiahPXT5ZRdUubdzXoXFE1g01nRrUECicD9EnIjyHibeQelBdC6fYibmuusnEw\/132","privilege":[],"unionid":"oAmjlw_UfKePdYbf1XWudgxSZjis"}

[[[自动注册扩展缓存完成]]]
[2018/11/3 14:36:22]
[线程：1]
    注册总用时：0ms
自动扫描程序集：0个
扩展缓存：

[[[系统日志]]]
[2018/11/3 14:36:22]
[线程：1]
    系统启动

[[[微信扩展缓存注册完成]]]
[2018/11/3 14:36:22]
[线程：1]
    微信扩展缓存注册总用时：0ms
扩展缓存：Senparc.Weixin.Cache.LocalContainerCacheStrategy

[[[RegisterApiBind() 自动扫描程序集异常：Senparc.Weixin.MP, Version=16.4.6.3116, Culture=neutral, PublicKeyToken=null]]]
[2018/11/3 14:36:22]
[线程：1]
    System.ArgumentException: 已添加了具有相同键的项。
   在 System.ThrowHelper.ThrowArgumentException(ExceptionResource resource)
   在 System.Collections.Generic.Dictionary`2.Insert(TKey key, TValue value, Boolean add)
   在 Senparc.NeuChar.ApiBind.ApiBindInfoCollection.Add(MethodInfo method, ApiBindAttribute apiBindAttr)
   在 Senparc.NeuChar.Register.RegisterApiBind()

[[[RegisterApiBind() 自动扫描程序集异常：Senparc.Weixin.WxOpen, Version=3.1.13.3112, Culture=neutral, PublicKeyToken=null]]]
[2018/11/3 14:36:22]
[线程：1]
    System.ArgumentException: 已添加了具有相同键的项。
   在 System.ThrowHelper.ThrowArgumentException(ExceptionResource resource)
   在 System.Collections.Generic.Dictionary`2.Insert(TKey key, TValue value, Boolean add)
   在 Senparc.NeuChar.ApiBind.ApiBindInfoCollection.Add(MethodInfo method, ApiBindAttribute apiBindAttr)
   在 Senparc.NeuChar.Register.RegisterApiBind()

[[[RegisterApiBind() 自动扫描程序集异常：Senparc.Weixin.Work, Version=3.1.13.3117, Culture=neutral, PublicKeyToken=null]]]
[2018/11/3 14:36:22]
[线程：1]
    System.ArgumentException: 已添加了具有相同键的项。
   在 System.ThrowHelper.ThrowArgumentException(ExceptionResource resource)
   在 System.Collections.Generic.Dictionary`2.Insert(TKey key, TValue value, Boolean add)
   在 Senparc.NeuChar.ApiBind.ApiBindInfoCollection.Add(MethodInfo method, ApiBindAttribute apiBindAttr)
   在 Senparc.NeuChar.Register.RegisterApiBind()

[[[接口调用]]]
[2018/11/3 14:36:23]
[线程：8]
    URL：https://api.weixin.qq.com/sns/oauth2/access_token?appid=wx15eb92053f01ff86&secret=55e9dac0dcf6d8ed52c2b1935d98fa86&code=071EInjE1eeuZ10TlwgE1PbpjE1EInjS&grant_type=authorization_code
    Result：
{"access_token":"15__abNZEqUTJ3IC9TqfLPTxiGOXsjoFTlZA1ME8Rl3VhAmhBJZ6-EZ3BhfurH8pr7mtQUDMuO2dDXRKO-2v5713L4qaGs3AR0-qceDnL5Hjv4","expires_in":7200,"refresh_token":"15_vVq01b6qTL15mTv_ifsSXEzL-7rINSVXSagEaTKfUX6psTDbwyn2km9Xt8o-PHYhOXsgktE2LhFYW0TSyUqJRMMsZTeJv0Y9cacW78wZKzs","openid":"oOY_U1OatxdJ4_ObS3bbHU00gmGo","scope":"snsapi_userinfo","unionid":"oAmjlw_UfKePdYbf1XWudgxSZjis"}

[[[接口调用]]]
[2018/11/3 14:36:23]
[线程：8]
    URL：https://api.weixin.qq.com/sns/userinfo?access_token=15__abNZEqUTJ3IC9TqfLPTxiGOXsjoFTlZA1ME8Rl3VhAmhBJZ6-EZ3BhfurH8pr7mtQUDMuO2dDXRKO-2v5713L4qaGs3AR0-qceDnL5Hjv4&openid=oOY_U1OatxdJ4_ObS3bbHU00gmGo&lang=zh_CN
    Result：
{"openid":"oOY_U1OatxdJ4_ObS3bbHU00gmGo","nickname":"this.丰兄","sex":1,"language":"zh_CN","city":"","province":"威克洛","country":"爱尔兰","headimgurl":"http:\/\/thirdwx.qlogo.cn\/mmopen\/vi_32\/Q0j4TwGTfTJJwz24hXvS5rh5Pp5ebiahPXT5ZRdUubdzXoXFE1g01nRrUECicD9EnIjyHibeQelBdC6fYibmuusnEw\/132","privilege":[],"unionid":"oAmjlw_UfKePdYbf1XWudgxSZjis"}

[[[接口调用]]]
[2018/11/3 14:43:33]
[线程：28]
    URL：https://api.weixin.qq.com/sns/oauth2/access_token?appid=wx15eb92053f01ff86&secret=55e9dac0dcf6d8ed52c2b1935d98fa86&code=0811Lc0J0OY7mh2ifB0J0Cvt0J01Lc0L&grant_type=authorization_code
    Result：
{"access_token":"15_PzGeVmNkeSv4Vb5NtEVEP5EF0ydUECphGWNExyb1LT4_IcIOP9QGcuUPMnRokLavx-I04hqf7uT-8HENdxz6Og","expires_in":7200,"refresh_token":"15_wQLdALsK1Iv2PRqtM_udOcfEyTxorUIqg_-FZ7mpbjVRK_yERKeUmVAd68L79OUx4AahFHAturrgcYL4485oBg","openid":"oOY_U1KTeDL3W3PtecWdVp1QXi-A","scope":"snsapi_userinfo","unionid":"oAmjlwxfN1p0B0dXEkx-9sZeTAgQ"}

[[[接口调用]]]
[2018/11/3 14:43:33]
[线程：28]
    URL：https://api.weixin.qq.com/sns/userinfo?access_token=15_PzGeVmNkeSv4Vb5NtEVEP5EF0ydUECphGWNExyb1LT4_IcIOP9QGcuUPMnRokLavx-I04hqf7uT-8HENdxz6Og&openid=oOY_U1KTeDL3W3PtecWdVp1QXi-A&lang=zh_CN
    Result：
{"openid":"oOY_U1KTeDL3W3PtecWdVp1QXi-A","nickname":"雕","sex":1,"language":"zh_CN","city":"深圳","province":"广东","country":"中国","headimgurl":"http:\/\/thirdwx.qlogo.cn\/mmopen\/vi_32\/zibC1nlwP5Z6a4IPCRMARwKhPMvvtSCicVEZl8XPDjK9ZoBRrEq1Ycto32crNBosibk9SbGK68xVu4c9URh0ib7Vzw\/132","privilege":[],"unionid":"oAmjlwxfN1p0B0dXEkx-9sZeTAgQ"}

[[[接口调用]]]
[2018/11/3 14:50:27]
[线程：40]
    URL：https://api.weixin.qq.com/sns/oauth2/access_token?appid=wx15eb92053f01ff86&secret=55e9dac0dcf6d8ed52c2b1935d98fa86&code=001jFRf11cEg6Z13OZg11BC8g11jFRfZ&grant_type=authorization_code
    Result：
{"access_token":"15_hQz0faxLrIvZPvmbleLrNaRLXhJXvU-nna_4dVfFS0-n7J3SCGfAnZAa4Wxyn1wVVGqFfCYWg7dBhKmMvPR8JyQYYvOZoSkrOyEHXSkLJ28","expires_in":7200,"refresh_token":"15_4fZnh06zdMdrR_-4g97UtzpmMpzIerWFuvZLqi6WTr3CaDJoEb03AACUs6z4UTQ3n-9wxkjhcSBQz9bUw-70cdCvaX1ISIqVvmYqVCqRtvE","openid":"oOY_U1CNmNr5CHmm18i5suqti3UI","scope":"snsapi_userinfo","unionid":"oAmjlwxsoAYM3xsuTHUyKtnaXJf0"}

[[[接口调用]]]
[2018/11/3 14:50:27]
[线程：40]
    URL：https://api.weixin.qq.com/sns/userinfo?access_token=15_hQz0faxLrIvZPvmbleLrNaRLXhJXvU-nna_4dVfFS0-n7J3SCGfAnZAa4Wxyn1wVVGqFfCYWg7dBhKmMvPR8JyQYYvOZoSkrOyEHXSkLJ28&openid=oOY_U1CNmNr5CHmm18i5suqti3UI&lang=zh_CN
    Result：
{"openid":"oOY_U1CNmNr5CHmm18i5suqti3UI","nickname":"古风","sex":2,"language":"zh_CN","city":"南宁","province":"广西","country":"中国","headimgurl":"http:\/\/thirdwx.qlogo.cn\/mmopen\/vi_32\/TiaViavOJLMMYCFGTabADVOTzM4zwzxmLNayI9VRZvqqicIXnAyjNgXdHUlyBA4np4OIDImjBCwlkeXwQaYibM1eqw\/132","privilege":["chinaunicom"],"unionid":"oAmjlwxsoAYM3xsuTHUyKtnaXJf0"}

[[[自动注册扩展缓存完成]]]
[2018/11/3 16:06:37]
[线程：1]
    注册总用时：0ms
自动扫描程序集：0个
扩展缓存：

[[[系统日志]]]
[2018/11/3 16:06:37]
[线程：1]
    系统启动

[[[微信扩展缓存注册完成]]]
[2018/11/3 16:06:37]
[线程：1]
    微信扩展缓存注册总用时：0ms
扩展缓存：Senparc.Weixin.Cache.LocalContainerCacheStrategy

[[[RegisterApiBind() 自动扫描程序集异常：Senparc.Weixin.MP, Version=16.4.6.3116, Culture=neutral, PublicKeyToken=null]]]
[2018/11/3 16:06:38]
[线程：1]
    System.ArgumentException: 已添加了具有相同键的项。
   在 System.ThrowHelper.ThrowArgumentException(ExceptionResource resource)
   在 System.Collections.Generic.Dictionary`2.Insert(TKey key, TValue value, Boolean add)
   在 Senparc.NeuChar.ApiBind.ApiBindInfoCollection.Add(MethodInfo method, ApiBindAttribute apiBindAttr)
   在 Senparc.NeuChar.Register.RegisterApiBind()

[[[RegisterApiBind() 自动扫描程序集异常：Senparc.Weixin.WxOpen, Version=3.1.13.3112, Culture=neutral, PublicKeyToken=null]]]
[2018/11/3 16:06:38]
[线程：1]
    System.ArgumentException: 已添加了具有相同键的项。
   在 System.ThrowHelper.ThrowArgumentException(ExceptionResource resource)
   在 System.Collections.Generic.Dictionary`2.Insert(TKey key, TValue value, Boolean add)
   在 Senparc.NeuChar.ApiBind.ApiBindInfoCollection.Add(MethodInfo method, ApiBindAttribute apiBindAttr)
   在 Senparc.NeuChar.Register.RegisterApiBind()

[[[RegisterApiBind() 自动扫描程序集异常：Senparc.Weixin.Work, Version=3.1.13.3117, Culture=neutral, PublicKeyToken=null]]]
[2018/11/3 16:06:38]
[线程：1]
    System.ArgumentException: 已添加了具有相同键的项。
   在 System.ThrowHelper.ThrowArgumentException(ExceptionResource resource)
   在 System.Collections.Generic.Dictionary`2.Insert(TKey key, TValue value, Boolean add)
   在 Senparc.NeuChar.ApiBind.ApiBindInfoCollection.Add(MethodInfo method, ApiBindAttribute apiBindAttr)
   在 Senparc.NeuChar.Register.RegisterApiBind()

[[[接口调用]]]
[2018/11/3 16:06:40]
[线程：8]
    URL：https://api.weixin.qq.com/sns/oauth2/access_token?appid=wx15eb92053f01ff86&secret=55e9dac0dcf6d8ed52c2b1935d98fa86&code=001g7Ctz1owzVf08m0tz1AsBtz1g7CtT&grant_type=authorization_code
    Result：
{"access_token":"15_DK7ZITjORynWdfF-yee3HrXF9ueN4W0-FGTkU1MbPo5fkQCgtvveiNcua4noWo4ZRFp2SQwFMhJOK7m5GwI2gkkQuy1L9c7dWC2bHZ3xgBw","expires_in":7200,"refresh_token":"15_64dteum0cAmeLH2WWAM9THS-yuywUcGi_DoQfeuhDFBjqnmbwsneaPBvwpVvSF0EugeuS8zKf9jDZxlcGQyG5USCxZzh6c45Ht9IxCKXhtc","openid":"oOY_U1Bih6qLEvUpjUIcEUuI9M70","scope":"snsapi_userinfo","unionid":"oAmjlwwnFjU-ZjC2PLQdFLSETRDw"}

[[[接口调用]]]
[2018/11/3 16:06:40]
[线程：8]
    URL：https://api.weixin.qq.com/sns/userinfo?access_token=15_DK7ZITjORynWdfF-yee3HrXF9ueN4W0-FGTkU1MbPo5fkQCgtvveiNcua4noWo4ZRFp2SQwFMhJOK7m5GwI2gkkQuy1L9c7dWC2bHZ3xgBw&openid=oOY_U1Bih6qLEvUpjUIcEUuI9M70&lang=zh_CN
    Result：
{"openid":"oOY_U1Bih6qLEvUpjUIcEUuI9M70","nickname":"南去","sex":2,"language":"zh_CN","city":"河池","province":"广西","country":"中国","headimgurl":"http:\/\/thirdwx.qlogo.cn\/mmopen\/vi_32\/plh3lengbMFLjpR1ic84lpNErwGCkkjoAWbGEmTGuuNaSXG2hg6yazciasc6QVBHUIRYzC6ibvn5e5bib20bqYZ2yQ\/132","privilege":[],"unionid":"oAmjlwwnFjU-ZjC2PLQdFLSETRDw"}
