
[[[自动注册扩展缓存完成]]]
[2018/11/4 8:41:37]
[线程：1]
    注册总用时：0ms
自动扫描程序集：0个
扩展缓存：

[[[系统日志]]]
[2018/11/4 8:41:37]
[线程：1]
    系统启动

[[[微信扩展缓存注册完成]]]
[2018/11/4 8:41:37]
[线程：1]
    微信扩展缓存注册总用时：0ms
扩展缓存：Senparc.Weixin.Cache.LocalContainerCacheStrategy

[[[RegisterApiBind() 自动扫描程序集异常：Senparc.Weixin.MP, Version=16.4.6.3116, Culture=neutral, PublicKeyToken=null]]]
[2018/11/4 8:41:37]
[线程：1]
    System.ArgumentException: 已添加了具有相同键的项。
   在 System.ThrowHelper.ThrowArgumentException(ExceptionResource resource)
   在 System.Collections.Generic.Dictionary`2.Insert(TKey key, TValue value, Boolean add)
   在 Senparc.NeuChar.ApiBind.ApiBindInfoCollection.Add(MethodInfo method, ApiBindAttribute apiBindAttr)
   在 Senparc.NeuChar.Register.RegisterApiBind()

[[[RegisterApiBind() 自动扫描程序集异常：Senparc.Weixin.WxOpen, Version=3.1.13.3112, Culture=neutral, PublicKeyToken=null]]]
[2018/11/4 8:41:37]
[线程：1]
    System.ArgumentException: 已添加了具有相同键的项。
   在 System.ThrowHelper.ThrowArgumentException(ExceptionResource resource)
   在 System.Collections.Generic.Dictionary`2.Insert(TKey key, TValue value, Boolean add)
   在 Senparc.NeuChar.ApiBind.ApiBindInfoCollection.Add(MethodInfo method, ApiBindAttribute apiBindAttr)
   在 Senparc.NeuChar.Register.RegisterApiBind()

[[[RegisterApiBind() 自动扫描程序集异常：Senparc.Weixin.Work, Version=3.1.13.3117, Culture=neutral, PublicKeyToken=null]]]
[2018/11/4 8:41:37]
[线程：1]
    System.ArgumentException: 已添加了具有相同键的项。
   在 System.ThrowHelper.ThrowArgumentException(ExceptionResource resource)
   在 System.Collections.Generic.Dictionary`2.Insert(TKey key, TValue value, Boolean add)
   在 Senparc.NeuChar.ApiBind.ApiBindInfoCollection.Add(MethodInfo method, ApiBindAttribute apiBindAttr)
   在 Senparc.NeuChar.Register.RegisterApiBind()

[[[接口调用]]]
[2018/11/4 8:41:41]
[线程：9]
    URL：https://api.weixin.qq.com/sns/oauth2/access_token?appid=wx15eb92053f01ff86&secret=55e9dac0dcf6d8ed52c2b1935d98fa86&code=071P7M0j0btkAn1LfYXi0iuP0j0P7M02&grant_type=authorization_code
    Result：
{"access_token":"15_bxy71TwGwChg3pCUk2tgDVVUEsgJo7xnvGZpMPN0vHLVE6yRzntWrXuul3slof9wd7mReTew7mcmtdL2leoV0A","expires_in":7200,"refresh_token":"15_mTSjcSMpEs5biJ9uLiGB8BiFbyICPj0JyhT2gC_DXgNa55fJVfKa9WzL7KXqpUZYKANqLQPiwZawDmlxr5ORhw","openid":"oOY_U1OatxdJ4_ObS3bbHU00gmGo","scope":"snsapi_userinfo","unionid":"oAmjlw_UfKePdYbf1XWudgxSZjis"}

[[[接口调用]]]
[2018/11/4 8:41:41]
[线程：9]
    URL：https://api.weixin.qq.com/sns/userinfo?access_token=15_bxy71TwGwChg3pCUk2tgDVVUEsgJo7xnvGZpMPN0vHLVE6yRzntWrXuul3slof9wd7mReTew7mcmtdL2leoV0A&openid=oOY_U1OatxdJ4_ObS3bbHU00gmGo&lang=zh_CN
    Result：
{"openid":"oOY_U1OatxdJ4_ObS3bbHU00gmGo","nickname":"this.丰兄","sex":1,"language":"zh_CN","city":"","province":"威克洛","country":"爱尔兰","headimgurl":"http:\/\/thirdwx.qlogo.cn\/mmopen\/vi_32\/Q0j4TwGTfTJJwz24hXvS5rh5Pp5ebiahPXT5ZRdUubdzXoXFE1g01nRrUECicD9EnIjyHibeQelBdC6fYibmuusnEw\/132","privilege":[],"unionid":"oAmjlw_UfKePdYbf1XWudgxSZjis"}

[[[接口调用]]]
[2018/11/4 11:08:09]
[线程：103]
    URL：https://api.weixin.qq.com/sns/oauth2/access_token?appid=wx15eb92053f01ff86&secret=55e9dac0dcf6d8ed52c2b1935d98fa86&code=0218kJm31FsJBN1bF3o31MoKm318kJmH&grant_type=authorization_code
    Result：
{"access_token":"15_-mJra2f_cjiNhOkAqMkzeCMWj0MHUkIIbgEzemYgl8BlCf4u91NcntRdH2RDlttoGaqRI8lIgl5acRUTMrFXmt4kyqlnQ5U7Ca62OOjtwsw","expires_in":7200,"refresh_token":"15_vVq01b6qTL15mTv_ifsSXBuzFvoesDBHHctUabbDmIzn9AlNEA-Qm2oC90zthHeY8btEK7bJl2uhFv6_lMHm4HtbyJcKLxWIDgyUrlu4Z-4","openid":"oOY_U1OatxdJ4_ObS3bbHU00gmGo","scope":"snsapi_userinfo","unionid":"oAmjlw_UfKePdYbf1XWudgxSZjis"}

[[[接口调用]]]
[2018/11/4 11:08:09]
[线程：103]
    URL：https://api.weixin.qq.com/sns/userinfo?access_token=15_-mJra2f_cjiNhOkAqMkzeCMWj0MHUkIIbgEzemYgl8BlCf4u91NcntRdH2RDlttoGaqRI8lIgl5acRUTMrFXmt4kyqlnQ5U7Ca62OOjtwsw&openid=oOY_U1OatxdJ4_ObS3bbHU00gmGo&lang=zh_CN
    Result：
{"openid":"oOY_U1OatxdJ4_ObS3bbHU00gmGo","nickname":"this.丰兄","sex":1,"language":"zh_CN","city":"","province":"威克洛","country":"爱尔兰","headimgurl":"http:\/\/thirdwx.qlogo.cn\/mmopen\/vi_32\/Q0j4TwGTfTJJwz24hXvS5rh5Pp5ebiahPXT5ZRdUubdzXoXFE1g01nRrUECicD9EnIjyHibeQelBdC6fYibmuusnEw\/132","privilege":[],"unionid":"oAmjlw_UfKePdYbf1XWudgxSZjis"}

[[[自动注册扩展缓存完成]]]
[2018/11/4 11:11:40]
[线程：1]
    注册总用时：0ms
自动扫描程序集：0个
扩展缓存：

[[[系统日志]]]
[2018/11/4 11:11:40]
[线程：1]
    系统启动

[[[微信扩展缓存注册完成]]]
[2018/11/4 11:11:40]
[线程：1]
    微信扩展缓存注册总用时：0ms
扩展缓存：Senparc.Weixin.Cache.LocalContainerCacheStrategy

[[[RegisterApiBind() 自动扫描程序集异常：Senparc.Weixin.MP, Version=16.4.6.3116, Culture=neutral, PublicKeyToken=null]]]
[2018/11/4 11:11:40]
[线程：1]
    System.ArgumentException: 已添加了具有相同键的项。
   在 System.ThrowHelper.ThrowArgumentException(ExceptionResource resource)
   在 System.Collections.Generic.Dictionary`2.Insert(TKey key, TValue value, Boolean add)
   在 Senparc.NeuChar.ApiBind.ApiBindInfoCollection.Add(MethodInfo method, ApiBindAttribute apiBindAttr)
   在 Senparc.NeuChar.Register.RegisterApiBind()

[[[RegisterApiBind() 自动扫描程序集异常：Senparc.Weixin.WxOpen, Version=3.1.13.3112, Culture=neutral, PublicKeyToken=null]]]
[2018/11/4 11:11:40]
[线程：1]
    System.ArgumentException: 已添加了具有相同键的项。
   在 System.ThrowHelper.ThrowArgumentException(ExceptionResource resource)
   在 System.Collections.Generic.Dictionary`2.Insert(TKey key, TValue value, Boolean add)
   在 Senparc.NeuChar.ApiBind.ApiBindInfoCollection.Add(MethodInfo method, ApiBindAttribute apiBindAttr)
   在 Senparc.NeuChar.Register.RegisterApiBind()

[[[RegisterApiBind() 自动扫描程序集异常：Senparc.Weixin.Work, Version=3.1.13.3117, Culture=neutral, PublicKeyToken=null]]]
[2018/11/4 11:11:40]
[线程：1]
    System.ArgumentException: 已添加了具有相同键的项。
   在 System.ThrowHelper.ThrowArgumentException(ExceptionResource resource)
   在 System.Collections.Generic.Dictionary`2.Insert(TKey key, TValue value, Boolean add)
   在 Senparc.NeuChar.ApiBind.ApiBindInfoCollection.Add(MethodInfo method, ApiBindAttribute apiBindAttr)
   在 Senparc.NeuChar.Register.RegisterApiBind()

[[[接口调用]]]
[2018/11/4 11:11:44]
[线程：97]
    URL：https://api.weixin.qq.com/sns/oauth2/access_token?appid=wx15eb92053f01ff86&secret=55e9dac0dcf6d8ed52c2b1935d98fa86&code=0812sZ3m1tEZfk008p2m1JGG3m12sZ3v&grant_type=authorization_code
    Result：
{"access_token":"15_hbbiad_DlCt0eHKbqfrCzeEa14JonpkghX3MVCtGzrOTxWRNziDTPK26fiamjBuHYa4m5fhKVNlC2usJtbv8XQ","expires_in":7200,"refresh_token":"15_fc-O_NKBqI8FZ1dz2L3zF2A-EJa9W7OGOtRFScWVfnStM2_32V11P0SMT_leCV_ElSsgXcvrGR543wsks3kVpw","openid":"oOY_U1OatxdJ4_ObS3bbHU00gmGo","scope":"snsapi_userinfo","unionid":"oAmjlw_UfKePdYbf1XWudgxSZjis"}

[[[接口调用]]]
[2018/11/4 11:11:44]
[线程：97]
    URL：https://api.weixin.qq.com/sns/userinfo?access_token=15_hbbiad_DlCt0eHKbqfrCzeEa14JonpkghX3MVCtGzrOTxWRNziDTPK26fiamjBuHYa4m5fhKVNlC2usJtbv8XQ&openid=oOY_U1OatxdJ4_ObS3bbHU00gmGo&lang=zh_CN
    Result：
{"openid":"oOY_U1OatxdJ4_ObS3bbHU00gmGo","nickname":"this.丰兄","sex":1,"language":"zh_CN","city":"","province":"威克洛","country":"爱尔兰","headimgurl":"http:\/\/thirdwx.qlogo.cn\/mmopen\/vi_32\/Q0j4TwGTfTJJwz24hXvS5rh5Pp5ebiahPXT5ZRdUubdzXoXFE1g01nRrUECicD9EnIjyHibeQelBdC6fYibmuusnEw\/132","privilege":[],"unionid":"oAmjlw_UfKePdYbf1XWudgxSZjis"}

[[[接口调用]]]
[2018/11/4 11:30:20]
[线程：130]
    URL：https://api.weixin.qq.com/sns/oauth2/access_token?appid=wx15eb92053f01ff86&secret=55e9dac0dcf6d8ed52c2b1935d98fa86&code=0819oeKi1g3UEw06qDIi1cXhKi19oeKj&grant_type=authorization_code
    Result：
{"access_token":"15_2wb3nO-mny05hBL9BqTWF1ByGu_VsWvfz_FgFr-WFzEIl8EwbzAaIJEB9sSO76UoXxXWZr0yMzCe65_o0JhLOZGCuyoulInJP9diRlCfE1U","expires_in":7200,"refresh_token":"15_bxy71TwGwChg3pCUk2tgDTOFNZhZb5OHwf-PbHzoop-1lq4-W0S7R_JFBvizjKPB-_deNp8bcRTZymScL04GNmAXRhhw-CWPhj3TfACtH5s","openid":"oOY_U1OatxdJ4_ObS3bbHU00gmGo","scope":"snsapi_userinfo","unionid":"oAmjlw_UfKePdYbf1XWudgxSZjis"}

[[[接口调用]]]
[2018/11/4 11:30:20]
[线程：130]
    URL：https://api.weixin.qq.com/sns/userinfo?access_token=15_2wb3nO-mny05hBL9BqTWF1ByGu_VsWvfz_FgFr-WFzEIl8EwbzAaIJEB9sSO76UoXxXWZr0yMzCe65_o0JhLOZGCuyoulInJP9diRlCfE1U&openid=oOY_U1OatxdJ4_ObS3bbHU00gmGo&lang=zh_CN
    Result：
{"openid":"oOY_U1OatxdJ4_ObS3bbHU00gmGo","nickname":"this.丰兄","sex":1,"language":"zh_CN","city":"","province":"威克洛","country":"爱尔兰","headimgurl":"http:\/\/thirdwx.qlogo.cn\/mmopen\/vi_32\/Q0j4TwGTfTJJwz24hXvS5rh5Pp5ebiahPXT5ZRdUubdzXoXFE1g01nRrUECicD9EnIjyHibeQelBdC6fYibmuusnEw\/132","privilege":[],"unionid":"oAmjlw_UfKePdYbf1XWudgxSZjis"}

[[[自动注册扩展缓存完成]]]
[2018/11/4 12:44:09]
[线程：1]
    注册总用时：0ms
自动扫描程序集：0个
扩展缓存：

[[[系统日志]]]
[2018/11/4 12:44:09]
[线程：1]
    系统启动

[[[微信扩展缓存注册完成]]]
[2018/11/4 12:44:09]
[线程：1]
    微信扩展缓存注册总用时：0ms
扩展缓存：Senparc.Weixin.Cache.LocalContainerCacheStrategy

[[[RegisterApiBind() 自动扫描程序集异常：Senparc.Weixin.MP, Version=16.4.6.3116, Culture=neutral, PublicKeyToken=null]]]
[2018/11/4 12:44:10]
[线程：1]
    System.ArgumentException: 已添加了具有相同键的项。
   在 System.ThrowHelper.ThrowArgumentException(ExceptionResource resource)
   在 System.Collections.Generic.Dictionary`2.Insert(TKey key, TValue value, Boolean add)
   在 Senparc.NeuChar.ApiBind.ApiBindInfoCollection.Add(MethodInfo method, ApiBindAttribute apiBindAttr)
   在 Senparc.NeuChar.Register.RegisterApiBind()

[[[RegisterApiBind() 自动扫描程序集异常：Senparc.Weixin.WxOpen, Version=3.1.13.3112, Culture=neutral, PublicKeyToken=null]]]
[2018/11/4 12:44:10]
[线程：1]
    System.ArgumentException: 已添加了具有相同键的项。
   在 System.ThrowHelper.ThrowArgumentException(ExceptionResource resource)
   在 System.Collections.Generic.Dictionary`2.Insert(TKey key, TValue value, Boolean add)
   在 Senparc.NeuChar.ApiBind.ApiBindInfoCollection.Add(MethodInfo method, ApiBindAttribute apiBindAttr)
   在 Senparc.NeuChar.Register.RegisterApiBind()

[[[RegisterApiBind() 自动扫描程序集异常：Senparc.Weixin.Work, Version=3.1.13.3117, Culture=neutral, PublicKeyToken=null]]]
[2018/11/4 12:44:10]
[线程：1]
    System.ArgumentException: 已添加了具有相同键的项。
   在 System.ThrowHelper.ThrowArgumentException(ExceptionResource resource)
   在 System.Collections.Generic.Dictionary`2.Insert(TKey key, TValue value, Boolean add)
   在 Senparc.NeuChar.ApiBind.ApiBindInfoCollection.Add(MethodInfo method, ApiBindAttribute apiBindAttr)
   在 Senparc.NeuChar.Register.RegisterApiBind()

[[[自动注册扩展缓存完成]]]
[2018/11/4 23:45:22]
[线程：1]
    注册总用时：0ms
自动扫描程序集：0个
扩展缓存：

[[[系统日志]]]
[2018/11/4 23:45:22]
[线程：1]
    系统启动

[[[微信扩展缓存注册完成]]]
[2018/11/4 23:45:22]
[线程：1]
    微信扩展缓存注册总用时：0ms
扩展缓存：Senparc.Weixin.Cache.LocalContainerCacheStrategy

[[[RegisterApiBind() 自动扫描程序集异常：Senparc.Weixin.MP, Version=16.4.6.42698, Culture=neutral, PublicKeyToken=null]]]
[2018/11/4 23:45:22]
[线程：1]
    System.ArgumentException: 已添加了具有相同键的项。
   在 System.ThrowHelper.ThrowArgumentException(ExceptionResource resource)
   在 System.Collections.Generic.Dictionary`2.Insert(TKey key, TValue value, Boolean add)
   在 Senparc.NeuChar.ApiBind.ApiBindInfoCollection.Add(MethodInfo method, ApiBindAttribute apiBindAttr)
   在 Senparc.NeuChar.Register.RegisterApiBind()

[[[RegisterApiBind() 自动扫描程序集异常：Senparc.Weixin.Work, Version=3.1.13.42699, Culture=neutral, PublicKeyToken=null]]]
[2018/11/4 23:45:22]
[线程：1]
    System.ArgumentException: 已添加了具有相同键的项。
   在 System.ThrowHelper.ThrowArgumentException(ExceptionResource resource)
   在 System.Collections.Generic.Dictionary`2.Insert(TKey key, TValue value, Boolean add)
   在 Senparc.NeuChar.ApiBind.ApiBindInfoCollection.Add(MethodInfo method, ApiBindAttribute apiBindAttr)
   在 Senparc.NeuChar.Register.RegisterApiBind()

[[[RegisterApiBind() 自动扫描程序集异常：Senparc.Weixin.WxOpen, Version=3.1.13.42671, Culture=neutral, PublicKeyToken=null]]]
[2018/11/4 23:45:22]
[线程：1]
    System.ArgumentException: 已添加了具有相同键的项。
   在 System.ThrowHelper.ThrowArgumentException(ExceptionResource resource)
   在 System.Collections.Generic.Dictionary`2.Insert(TKey key, TValue value, Boolean add)
   在 Senparc.NeuChar.ApiBind.ApiBindInfoCollection.Add(MethodInfo method, ApiBindAttribute apiBindAttr)
   在 Senparc.NeuChar.Register.RegisterApiBind()

[[[接口调用]]]
[2018/11/4 23:45:43]
[线程：8]
    URL：https://api.weixin.qq.com/sns/oauth2/access_token?appid=wx15eb92053f01ff86&secret=55e9dac0dcf6d8ed52c2b1935d98fa86&code=011JLE4W17R3UU0RDc7W1bhF4W1JLE4-&grant_type=authorization_code
    Result：
{"access_token":"15_6Mq3VNJxtYgWBHMVI0ZXYkLqbggPBILOHuAkQQd5UHp29afdqKV66frYcy5MelDdC8-xm9wXYii5TCBkZaE06A","expires_in":7200,"refresh_token":"15_CtFiJjWZkZWtUzLomlMn9_wOBRhm6cbF5KTTf8fXRYsONfOL-KCHv7pkTp7S15Jpfjc3T4L-sc8Km2TYbrEhOw","openid":"oOY_U1KTeDL3W3PtecWdVp1QXi-A","scope":"snsapi_userinfo","unionid":"oAmjlwxfN1p0B0dXEkx-9sZeTAgQ"}

[[[接口调用]]]
[2018/11/4 23:45:43]
[线程：8]
    URL：https://api.weixin.qq.com/sns/userinfo?access_token=15_6Mq3VNJxtYgWBHMVI0ZXYkLqbggPBILOHuAkQQd5UHp29afdqKV66frYcy5MelDdC8-xm9wXYii5TCBkZaE06A&openid=oOY_U1KTeDL3W3PtecWdVp1QXi-A&lang=zh_CN
    Result：
{"openid":"oOY_U1KTeDL3W3PtecWdVp1QXi-A","nickname":"雕","sex":1,"language":"zh_CN","city":"深圳","province":"广东","country":"中国","headimgurl":"http:\/\/thirdwx.qlogo.cn\/mmopen\/vi_32\/zibC1nlwP5Z6a4IPCRMARwKhPMvvtSCicVEZl8XPDjK9ZoBRrEq1Ycto32crNBosibk9SbGK68xVu4c9URh0ib7Vzw\/132","privilege":[],"unionid":"oAmjlwxfN1p0B0dXEkx-9sZeTAgQ"}

[[[自动注册扩展缓存完成]]]
[2018/11/4 23:55:37]
[线程：1]
    注册总用时：0ms
自动扫描程序集：0个
扩展缓存：

[[[系统日志]]]
[2018/11/4 23:55:37]
[线程：1]
    系统启动

[[[微信扩展缓存注册完成]]]
[2018/11/4 23:55:37]
[线程：1]
    微信扩展缓存注册总用时：0ms
扩展缓存：Senparc.Weixin.Cache.LocalContainerCacheStrategy

[[[RegisterApiBind() 自动扫描程序集异常：Senparc.Weixin.MP, Version=16.4.6.43018, Culture=neutral, PublicKeyToken=null]]]
[2018/11/4 23:55:37]
[线程：1]
    System.ArgumentException: 已添加了具有相同键的项。
   在 System.ThrowHelper.ThrowArgumentException(ExceptionResource resource)
   在 System.Collections.Generic.Dictionary`2.Insert(TKey key, TValue value, Boolean add)
   在 Senparc.NeuChar.ApiBind.ApiBindInfoCollection.Add(MethodInfo method, ApiBindAttribute apiBindAttr)
   在 Senparc.NeuChar.Register.RegisterApiBind()

[[[RegisterApiBind() 自动扫描程序集异常：Senparc.Weixin.Work, Version=3.1.13.43018, Culture=neutral, PublicKeyToken=null]]]
[2018/11/4 23:55:37]
[线程：1]
    System.ArgumentException: 已添加了具有相同键的项。
   在 System.ThrowHelper.ThrowArgumentException(ExceptionResource resource)
   在 System.Collections.Generic.Dictionary`2.Insert(TKey key, TValue value, Boolean add)
   在 Senparc.NeuChar.ApiBind.ApiBindInfoCollection.Add(MethodInfo method, ApiBindAttribute apiBindAttr)
   在 Senparc.NeuChar.Register.RegisterApiBind()

[[[RegisterApiBind() 自动扫描程序集异常：Senparc.Weixin.WxOpen, Version=3.1.13.43012, Culture=neutral, PublicKeyToken=null]]]
[2018/11/4 23:55:37]
[线程：1]
    System.ArgumentException: 已添加了具有相同键的项。
   在 System.ThrowHelper.ThrowArgumentException(ExceptionResource resource)
   在 System.Collections.Generic.Dictionary`2.Insert(TKey key, TValue value, Boolean add)
   在 Senparc.NeuChar.ApiBind.ApiBindInfoCollection.Add(MethodInfo method, ApiBindAttribute apiBindAttr)
   在 Senparc.NeuChar.Register.RegisterApiBind()

[[[接口调用]]]
[2018/11/4 23:55:40]
[线程：16]
    URL：https://api.weixin.qq.com/sns/oauth2/access_token?appid=wx15eb92053f01ff86&secret=55e9dac0dcf6d8ed52c2b1935d98fa86&code=0612YRuB1mAzbe0YHZuB1P9DuB12YRuH&grant_type=authorization_code
    Result：
{"access_token":"15_5ZddX5mEn-Mx9oJdf-2ScVjGhQ_x7w7t713iGCy6zOymAP2orKYHMfND4CTBD9zL3zrf1DjzwK74mlkf7m8DAg","expires_in":7200,"refresh_token":"15_I6hWS42gNofFXmVOqBYDR3jzNjnCuXWeUeuOkglC9qmogejORaUbKHjgH_tJjvtQI8rfLVZ1ZXr6VEfOsa_OBw","openid":"oOY_U1KTeDL3W3PtecWdVp1QXi-A","scope":"snsapi_userinfo","unionid":"oAmjlwxfN1p0B0dXEkx-9sZeTAgQ"}

[[[接口调用]]]
[2018/11/4 23:55:40]
[线程：16]
    URL：https://api.weixin.qq.com/sns/userinfo?access_token=15_5ZddX5mEn-Mx9oJdf-2ScVjGhQ_x7w7t713iGCy6zOymAP2orKYHMfND4CTBD9zL3zrf1DjzwK74mlkf7m8DAg&openid=oOY_U1KTeDL3W3PtecWdVp1QXi-A&lang=zh_CN
    Result：
{"openid":"oOY_U1KTeDL3W3PtecWdVp1QXi-A","nickname":"雕","sex":1,"language":"zh_CN","city":"深圳","province":"广东","country":"中国","headimgurl":"http:\/\/thirdwx.qlogo.cn\/mmopen\/vi_32\/zibC1nlwP5Z6a4IPCRMARwKhPMvvtSCicVEZl8XPDjK9ZoBRrEq1Ycto32crNBosibk9SbGK68xVu4c9URh0ib7Vzw\/132","privilege":[],"unionid":"oAmjlwxfN1p0B0dXEkx-9sZeTAgQ"}
