
[[[自动注册扩展缓存完成]]]
[2018/11/1 0:41:27]
[线程：1]
    注册总用时：0ms
自动扫描程序集：0个
扩展缓存：

[[[系统日志]]]
[2018/11/1 0:41:27]
[线程：1]
    系统启动

[[[微信扩展缓存注册完成]]]
[2018/11/1 0:41:27]
[线程：1]
    微信扩展缓存注册总用时：0ms
扩展缓存：Senparc.Weixin.Cache.LocalContainerCacheStrategy

[[[RegisterApiBind() 自动扫描程序集异常：Senparc.Weixin.MP, Version=16.4.6.16587, Culture=neutral, PublicKeyToken=null]]]
[2018/11/1 0:41:27]
[线程：1]
    System.ArgumentException: 已添加了具有相同键的项。
   在 System.ThrowHelper.ThrowArgumentException(ExceptionResource resource)
   在 System.Collections.Generic.Dictionary`2.Insert(TKey key, TValue value, Boolean add)
   在 Senparc.NeuChar.ApiBind.ApiBindInfoCollection.Add(MethodInfo method, ApiBindAttribute apiBindAttr)
   在 Senparc.NeuChar.Register.RegisterApiBind()

[[[RegisterApiBind() 自动扫描程序集异常：Senparc.Weixin.WxOpen, Version=3.1.13.16583, Culture=neutral, PublicKeyToken=null]]]
[2018/11/1 0:41:27]
[线程：1]
    System.ArgumentException: 已添加了具有相同键的项。
   在 System.ThrowHelper.ThrowArgumentException(ExceptionResource resource)
   在 System.Collections.Generic.Dictionary`2.Insert(TKey key, TValue value, Boolean add)
   在 Senparc.NeuChar.ApiBind.ApiBindInfoCollection.Add(MethodInfo method, ApiBindAttribute apiBindAttr)
   在 Senparc.NeuChar.Register.RegisterApiBind()

[[[RegisterApiBind() 自动扫描程序集异常：Senparc.Weixin.Work, Version=3.1.13.16588, Culture=neutral, PublicKeyToken=null]]]
[2018/11/1 0:41:27]
[线程：1]
    System.ArgumentException: 已添加了具有相同键的项。
   在 System.ThrowHelper.ThrowArgumentException(ExceptionResource resource)
   在 System.Collections.Generic.Dictionary`2.Insert(TKey key, TValue value, Boolean add)
   在 Senparc.NeuChar.ApiBind.ApiBindInfoCollection.Add(MethodInfo method, ApiBindAttribute apiBindAttr)
   在 Senparc.NeuChar.Register.RegisterApiBind()

[[[自动注册扩展缓存完成]]]
[2018/11/1 3:13:03]
[线程：1]
    注册总用时：0ms
自动扫描程序集：0个
扩展缓存：

[[[系统日志]]]
[2018/11/1 3:13:03]
[线程：1]
    系统启动

[[[微信扩展缓存注册完成]]]
[2018/11/1 3:13:03]
[线程：1]
    微信扩展缓存注册总用时：0ms
扩展缓存：Senparc.Weixin.Cache.LocalContainerCacheStrategy

[[[RegisterApiBind() 自动扫描程序集异常：Senparc.Weixin.MP, Version=16.4.6.16587, Culture=neutral, PublicKeyToken=null]]]
[2018/11/1 3:13:03]
[线程：1]
    System.ArgumentException: 已添加了具有相同键的项。
   在 System.ThrowHelper.ThrowArgumentException(ExceptionResource resource)
   在 System.Collections.Generic.Dictionary`2.Insert(TKey key, TValue value, Boolean add)
   在 Senparc.NeuChar.ApiBind.ApiBindInfoCollection.Add(MethodInfo method, ApiBindAttribute apiBindAttr)
   在 Senparc.NeuChar.Register.RegisterApiBind()

[[[RegisterApiBind() 自动扫描程序集异常：Senparc.Weixin.WxOpen, Version=3.1.13.16583, Culture=neutral, PublicKeyToken=null]]]
[2018/11/1 3:13:03]
[线程：1]
    System.ArgumentException: 已添加了具有相同键的项。
   在 System.ThrowHelper.ThrowArgumentException(ExceptionResource resource)
   在 System.Collections.Generic.Dictionary`2.Insert(TKey key, TValue value, Boolean add)
   在 Senparc.NeuChar.ApiBind.ApiBindInfoCollection.Add(MethodInfo method, ApiBindAttribute apiBindAttr)
   在 Senparc.NeuChar.Register.RegisterApiBind()

[[[RegisterApiBind() 自动扫描程序集异常：Senparc.Weixin.Work, Version=3.1.13.16588, Culture=neutral, PublicKeyToken=null]]]
[2018/11/1 3:13:03]
[线程：1]
    System.ArgumentException: 已添加了具有相同键的项。
   在 System.ThrowHelper.ThrowArgumentException(ExceptionResource resource)
   在 System.Collections.Generic.Dictionary`2.Insert(TKey key, TValue value, Boolean add)
   在 Senparc.NeuChar.ApiBind.ApiBindInfoCollection.Add(MethodInfo method, ApiBindAttribute apiBindAttr)
   在 Senparc.NeuChar.Register.RegisterApiBind()

[[[自动注册扩展缓存完成]]]
[2018/11/1 6:18:51]
[线程：1]
    注册总用时：0ms
自动扫描程序集：0个
扩展缓存：

[[[系统日志]]]
[2018/11/1 6:18:51]
[线程：1]
    系统启动

[[[微信扩展缓存注册完成]]]
[2018/11/1 6:18:51]
[线程：1]
    微信扩展缓存注册总用时：0ms
扩展缓存：Senparc.Weixin.Cache.LocalContainerCacheStrategy

[[[RegisterApiBind() 自动扫描程序集异常：Senparc.Weixin.MP, Version=16.4.6.16587, Culture=neutral, PublicKeyToken=null]]]
[2018/11/1 6:18:51]
[线程：1]
    System.ArgumentException: 已添加了具有相同键的项。
   在 System.ThrowHelper.ThrowArgumentException(ExceptionResource resource)
   在 System.Collections.Generic.Dictionary`2.Insert(TKey key, TValue value, Boolean add)
   在 Senparc.NeuChar.ApiBind.ApiBindInfoCollection.Add(MethodInfo method, ApiBindAttribute apiBindAttr)
   在 Senparc.NeuChar.Register.RegisterApiBind()

[[[RegisterApiBind() 自动扫描程序集异常：Senparc.Weixin.WxOpen, Version=3.1.13.16583, Culture=neutral, PublicKeyToken=null]]]
[2018/11/1 6:18:51]
[线程：1]
    System.ArgumentException: 已添加了具有相同键的项。
   在 System.ThrowHelper.ThrowArgumentException(ExceptionResource resource)
   在 System.Collections.Generic.Dictionary`2.Insert(TKey key, TValue value, Boolean add)
   在 Senparc.NeuChar.ApiBind.ApiBindInfoCollection.Add(MethodInfo method, ApiBindAttribute apiBindAttr)
   在 Senparc.NeuChar.Register.RegisterApiBind()

[[[RegisterApiBind() 自动扫描程序集异常：Senparc.Weixin.Work, Version=3.1.13.16588, Culture=neutral, PublicKeyToken=null]]]
[2018/11/1 6:18:51]
[线程：1]
    System.ArgumentException: 已添加了具有相同键的项。
   在 System.ThrowHelper.ThrowArgumentException(ExceptionResource resource)
   在 System.Collections.Generic.Dictionary`2.Insert(TKey key, TValue value, Boolean add)
   在 Senparc.NeuChar.ApiBind.ApiBindInfoCollection.Add(MethodInfo method, ApiBindAttribute apiBindAttr)
   在 Senparc.NeuChar.Register.RegisterApiBind()

[[[自动注册扩展缓存完成]]]
[2018/11/1 7:43:27]
[线程：1]
    注册总用时：0ms
自动扫描程序集：0个
扩展缓存：

[[[系统日志]]]
[2018/11/1 7:43:27]
[线程：1]
    系统启动

[[[微信扩展缓存注册完成]]]
[2018/11/1 7:43:27]
[线程：1]
    微信扩展缓存注册总用时：0ms
扩展缓存：Senparc.Weixin.Cache.LocalContainerCacheStrategy

[[[RegisterApiBind() 自动扫描程序集异常：Senparc.Weixin.MP, Version=16.4.6.16587, Culture=neutral, PublicKeyToken=null]]]
[2018/11/1 7:43:27]
[线程：1]
    System.ArgumentException: 已添加了具有相同键的项。
   在 System.ThrowHelper.ThrowArgumentException(ExceptionResource resource)
   在 System.Collections.Generic.Dictionary`2.Insert(TKey key, TValue value, Boolean add)
   在 Senparc.NeuChar.ApiBind.ApiBindInfoCollection.Add(MethodInfo method, ApiBindAttribute apiBindAttr)
   在 Senparc.NeuChar.Register.RegisterApiBind()

[[[RegisterApiBind() 自动扫描程序集异常：Senparc.Weixin.WxOpen, Version=3.1.13.16583, Culture=neutral, PublicKeyToken=null]]]
[2018/11/1 7:43:27]
[线程：1]
    System.ArgumentException: 已添加了具有相同键的项。
   在 System.ThrowHelper.ThrowArgumentException(ExceptionResource resource)
   在 System.Collections.Generic.Dictionary`2.Insert(TKey key, TValue value, Boolean add)
   在 Senparc.NeuChar.ApiBind.ApiBindInfoCollection.Add(MethodInfo method, ApiBindAttribute apiBindAttr)
   在 Senparc.NeuChar.Register.RegisterApiBind()

[[[RegisterApiBind() 自动扫描程序集异常：Senparc.Weixin.Work, Version=3.1.13.16588, Culture=neutral, PublicKeyToken=null]]]
[2018/11/1 7:43:27]
[线程：1]
    System.ArgumentException: 已添加了具有相同键的项。
   在 System.ThrowHelper.ThrowArgumentException(ExceptionResource resource)
   在 System.Collections.Generic.Dictionary`2.Insert(TKey key, TValue value, Boolean add)
   在 Senparc.NeuChar.ApiBind.ApiBindInfoCollection.Add(MethodInfo method, ApiBindAttribute apiBindAttr)
   在 Senparc.NeuChar.Register.RegisterApiBind()

[[[自动注册扩展缓存完成]]]
[2018/11/1 10:14:12]
[线程：1]
    注册总用时：0ms
自动扫描程序集：0个
扩展缓存：

[[[系统日志]]]
[2018/11/1 10:14:12]
[线程：1]
    系统启动

[[[微信扩展缓存注册完成]]]
[2018/11/1 10:14:12]
[线程：1]
    微信扩展缓存注册总用时：0ms
扩展缓存：Senparc.Weixin.Cache.LocalContainerCacheStrategy

[[[RegisterApiBind() 自动扫描程序集异常：Senparc.Weixin.MP, Version=16.4.6.16587, Culture=neutral, PublicKeyToken=null]]]
[2018/11/1 10:14:12]
[线程：1]
    System.ArgumentException: 已添加了具有相同键的项。
   在 System.ThrowHelper.ThrowArgumentException(ExceptionResource resource)
   在 System.Collections.Generic.Dictionary`2.Insert(TKey key, TValue value, Boolean add)
   在 Senparc.NeuChar.ApiBind.ApiBindInfoCollection.Add(MethodInfo method, ApiBindAttribute apiBindAttr)
   在 Senparc.NeuChar.Register.RegisterApiBind()

[[[RegisterApiBind() 自动扫描程序集异常：Senparc.Weixin.WxOpen, Version=3.1.13.16583, Culture=neutral, PublicKeyToken=null]]]
[2018/11/1 10:14:12]
[线程：1]
    System.ArgumentException: 已添加了具有相同键的项。
   在 System.ThrowHelper.ThrowArgumentException(ExceptionResource resource)
   在 System.Collections.Generic.Dictionary`2.Insert(TKey key, TValue value, Boolean add)
   在 Senparc.NeuChar.ApiBind.ApiBindInfoCollection.Add(MethodInfo method, ApiBindAttribute apiBindAttr)
   在 Senparc.NeuChar.Register.RegisterApiBind()

[[[RegisterApiBind() 自动扫描程序集异常：Senparc.Weixin.Work, Version=3.1.13.16588, Culture=neutral, PublicKeyToken=null]]]
[2018/11/1 10:14:12]
[线程：1]
    System.ArgumentException: 已添加了具有相同键的项。
   在 System.ThrowHelper.ThrowArgumentException(ExceptionResource resource)
   在 System.Collections.Generic.Dictionary`2.Insert(TKey key, TValue value, Boolean add)
   在 Senparc.NeuChar.ApiBind.ApiBindInfoCollection.Add(MethodInfo method, ApiBindAttribute apiBindAttr)
   在 Senparc.NeuChar.Register.RegisterApiBind()

[[[自动注册扩展缓存完成]]]
[2018/11/1 10:51:58]
[线程：1]
    注册总用时：0ms
自动扫描程序集：0个
扩展缓存：

[[[系统日志]]]
[2018/11/1 10:51:58]
[线程：1]
    系统启动

[[[微信扩展缓存注册完成]]]
[2018/11/1 10:51:58]
[线程：1]
    微信扩展缓存注册总用时：0ms
扩展缓存：Senparc.Weixin.Cache.LocalContainerCacheStrategy

[[[RegisterApiBind() 自动扫描程序集异常：Senparc.Weixin.MP, Version=16.4.6.16587, Culture=neutral, PublicKeyToken=null]]]
[2018/11/1 10:51:58]
[线程：1]
    System.ArgumentException: 已添加了具有相同键的项。
   在 System.ThrowHelper.ThrowArgumentException(ExceptionResource resource)
   在 System.Collections.Generic.Dictionary`2.Insert(TKey key, TValue value, Boolean add)
   在 Senparc.NeuChar.ApiBind.ApiBindInfoCollection.Add(MethodInfo method, ApiBindAttribute apiBindAttr)
   在 Senparc.NeuChar.Register.RegisterApiBind()

[[[RegisterApiBind() 自动扫描程序集异常：Senparc.Weixin.WxOpen, Version=3.1.13.16583, Culture=neutral, PublicKeyToken=null]]]
[2018/11/1 10:51:58]
[线程：1]
    System.ArgumentException: 已添加了具有相同键的项。
   在 System.ThrowHelper.ThrowArgumentException(ExceptionResource resource)
   在 System.Collections.Generic.Dictionary`2.Insert(TKey key, TValue value, Boolean add)
   在 Senparc.NeuChar.ApiBind.ApiBindInfoCollection.Add(MethodInfo method, ApiBindAttribute apiBindAttr)
   在 Senparc.NeuChar.Register.RegisterApiBind()

[[[RegisterApiBind() 自动扫描程序集异常：Senparc.Weixin.Work, Version=3.1.13.16588, Culture=neutral, PublicKeyToken=null]]]
[2018/11/1 10:51:58]
[线程：1]
    System.ArgumentException: 已添加了具有相同键的项。
   在 System.ThrowHelper.ThrowArgumentException(ExceptionResource resource)
   在 System.Collections.Generic.Dictionary`2.Insert(TKey key, TValue value, Boolean add)
   在 Senparc.NeuChar.ApiBind.ApiBindInfoCollection.Add(MethodInfo method, ApiBindAttribute apiBindAttr)
   在 Senparc.NeuChar.Register.RegisterApiBind()

[[[自动注册扩展缓存完成]]]
[2018/11/1 13:21:01]
[线程：1]
    注册总用时：0ms
自动扫描程序集：0个
扩展缓存：

[[[系统日志]]]
[2018/11/1 13:21:01]
[线程：1]
    系统启动

[[[微信扩展缓存注册完成]]]
[2018/11/1 13:21:01]
[线程：1]
    微信扩展缓存注册总用时：0ms
扩展缓存：Senparc.Weixin.Cache.LocalContainerCacheStrategy

[[[RegisterApiBind() 自动扫描程序集异常：Senparc.Weixin.MP, Version=16.4.6.16587, Culture=neutral, PublicKeyToken=null]]]
[2018/11/1 13:21:01]
[线程：1]
    System.ArgumentException: 已添加了具有相同键的项。
   在 System.ThrowHelper.ThrowArgumentException(ExceptionResource resource)
   在 System.Collections.Generic.Dictionary`2.Insert(TKey key, TValue value, Boolean add)
   在 Senparc.NeuChar.ApiBind.ApiBindInfoCollection.Add(MethodInfo method, ApiBindAttribute apiBindAttr)
   在 Senparc.NeuChar.Register.RegisterApiBind()

[[[RegisterApiBind() 自动扫描程序集异常：Senparc.Weixin.WxOpen, Version=3.1.13.16583, Culture=neutral, PublicKeyToken=null]]]
[2018/11/1 13:21:01]
[线程：1]
    System.ArgumentException: 已添加了具有相同键的项。
   在 System.ThrowHelper.ThrowArgumentException(ExceptionResource resource)
   在 System.Collections.Generic.Dictionary`2.Insert(TKey key, TValue value, Boolean add)
   在 Senparc.NeuChar.ApiBind.ApiBindInfoCollection.Add(MethodInfo method, ApiBindAttribute apiBindAttr)
   在 Senparc.NeuChar.Register.RegisterApiBind()

[[[RegisterApiBind() 自动扫描程序集异常：Senparc.Weixin.Work, Version=3.1.13.16588, Culture=neutral, PublicKeyToken=null]]]
[2018/11/1 13:21:01]
[线程：1]
    System.ArgumentException: 已添加了具有相同键的项。
   在 System.ThrowHelper.ThrowArgumentException(ExceptionResource resource)
   在 System.Collections.Generic.Dictionary`2.Insert(TKey key, TValue value, Boolean add)
   在 Senparc.NeuChar.ApiBind.ApiBindInfoCollection.Add(MethodInfo method, ApiBindAttribute apiBindAttr)
   在 Senparc.NeuChar.Register.RegisterApiBind()

[[[自动注册扩展缓存完成]]]
[2018/11/1 14:11:00]
[线程：1]
    注册总用时：0ms
自动扫描程序集：0个
扩展缓存：

[[[系统日志]]]
[2018/11/1 14:11:00]
[线程：1]
    系统启动

[[[微信扩展缓存注册完成]]]
[2018/11/1 14:11:00]
[线程：1]
    微信扩展缓存注册总用时：0ms
扩展缓存：Senparc.Weixin.Cache.LocalContainerCacheStrategy

[[[RegisterApiBind() 自动扫描程序集异常：Senparc.Weixin.MP, Version=16.4.6.16587, Culture=neutral, PublicKeyToken=null]]]
[2018/11/1 14:11:01]
[线程：1]
    System.ArgumentException: 已添加了具有相同键的项。
   在 System.ThrowHelper.ThrowArgumentException(ExceptionResource resource)
   在 System.Collections.Generic.Dictionary`2.Insert(TKey key, TValue value, Boolean add)
   在 Senparc.NeuChar.ApiBind.ApiBindInfoCollection.Add(MethodInfo method, ApiBindAttribute apiBindAttr)
   在 Senparc.NeuChar.Register.RegisterApiBind()

[[[RegisterApiBind() 自动扫描程序集异常：Senparc.Weixin.WxOpen, Version=3.1.13.16583, Culture=neutral, PublicKeyToken=null]]]
[2018/11/1 14:11:01]
[线程：1]
    System.ArgumentException: 已添加了具有相同键的项。
   在 System.ThrowHelper.ThrowArgumentException(ExceptionResource resource)
   在 System.Collections.Generic.Dictionary`2.Insert(TKey key, TValue value, Boolean add)
   在 Senparc.NeuChar.ApiBind.ApiBindInfoCollection.Add(MethodInfo method, ApiBindAttribute apiBindAttr)
   在 Senparc.NeuChar.Register.RegisterApiBind()

[[[RegisterApiBind() 自动扫描程序集异常：Senparc.Weixin.Work, Version=3.1.13.16588, Culture=neutral, PublicKeyToken=null]]]
[2018/11/1 14:11:01]
[线程：1]
    System.ArgumentException: 已添加了具有相同键的项。
   在 System.ThrowHelper.ThrowArgumentException(ExceptionResource resource)
   在 System.Collections.Generic.Dictionary`2.Insert(TKey key, TValue value, Boolean add)
   在 Senparc.NeuChar.ApiBind.ApiBindInfoCollection.Add(MethodInfo method, ApiBindAttribute apiBindAttr)
   在 Senparc.NeuChar.Register.RegisterApiBind()

[[[自动注册扩展缓存完成]]]
[2018/11/1 19:26:17]
[线程：1]
    注册总用时：0ms
自动扫描程序集：0个
扩展缓存：

[[[系统日志]]]
[2018/11/1 19:26:17]
[线程：1]
    系统启动

[[[微信扩展缓存注册完成]]]
[2018/11/1 19:26:17]
[线程：1]
    微信扩展缓存注册总用时：0ms
扩展缓存：Senparc.Weixin.Cache.LocalContainerCacheStrategy

[[[RegisterApiBind() 自动扫描程序集异常：Senparc.Weixin.MP, Version=16.4.6.16587, Culture=neutral, PublicKeyToken=null]]]
[2018/11/1 19:26:17]
[线程：1]
    System.ArgumentException: 已添加了具有相同键的项。
   在 System.ThrowHelper.ThrowArgumentException(ExceptionResource resource)
   在 System.Collections.Generic.Dictionary`2.Insert(TKey key, TValue value, Boolean add)
   在 Senparc.NeuChar.ApiBind.ApiBindInfoCollection.Add(MethodInfo method, ApiBindAttribute apiBindAttr)
   在 Senparc.NeuChar.Register.RegisterApiBind()

[[[RegisterApiBind() 自动扫描程序集异常：Senparc.Weixin.WxOpen, Version=3.1.13.16583, Culture=neutral, PublicKeyToken=null]]]
[2018/11/1 19:26:17]
[线程：1]
    System.ArgumentException: 已添加了具有相同键的项。
   在 System.ThrowHelper.ThrowArgumentException(ExceptionResource resource)
   在 System.Collections.Generic.Dictionary`2.Insert(TKey key, TValue value, Boolean add)
   在 Senparc.NeuChar.ApiBind.ApiBindInfoCollection.Add(MethodInfo method, ApiBindAttribute apiBindAttr)
   在 Senparc.NeuChar.Register.RegisterApiBind()

[[[RegisterApiBind() 自动扫描程序集异常：Senparc.Weixin.Work, Version=3.1.13.16588, Culture=neutral, PublicKeyToken=null]]]
[2018/11/1 19:26:18]
[线程：1]
    System.ArgumentException: 已添加了具有相同键的项。
   在 System.ThrowHelper.ThrowArgumentException(ExceptionResource resource)
   在 System.Collections.Generic.Dictionary`2.Insert(TKey key, TValue value, Boolean add)
   在 Senparc.NeuChar.ApiBind.ApiBindInfoCollection.Add(MethodInfo method, ApiBindAttribute apiBindAttr)
   在 Senparc.NeuChar.Register.RegisterApiBind()

[[[自动注册扩展缓存完成]]]
[2018/11/1 21:18:49]
[线程：1]
    注册总用时：0ms
自动扫描程序集：0个
扩展缓存：

[[[系统日志]]]
[2018/11/1 21:18:49]
[线程：1]
    系统启动

[[[微信扩展缓存注册完成]]]
[2018/11/1 21:18:49]
[线程：1]
    微信扩展缓存注册总用时：0ms
扩展缓存：Senparc.Weixin.Cache.LocalContainerCacheStrategy

[[[RegisterApiBind() 自动扫描程序集异常：Senparc.Weixin.MP, Version=16.4.6.16587, Culture=neutral, PublicKeyToken=null]]]
[2018/11/1 21:18:49]
[线程：1]
    System.ArgumentException: 已添加了具有相同键的项。
   在 System.ThrowHelper.ThrowArgumentException(ExceptionResource resource)
   在 System.Collections.Generic.Dictionary`2.Insert(TKey key, TValue value, Boolean add)
   在 Senparc.NeuChar.ApiBind.ApiBindInfoCollection.Add(MethodInfo method, ApiBindAttribute apiBindAttr)
   在 Senparc.NeuChar.Register.RegisterApiBind()

[[[RegisterApiBind() 自动扫描程序集异常：Senparc.Weixin.WxOpen, Version=3.1.13.16583, Culture=neutral, PublicKeyToken=null]]]
[2018/11/1 21:18:49]
[线程：1]
    System.ArgumentException: 已添加了具有相同键的项。
   在 System.ThrowHelper.ThrowArgumentException(ExceptionResource resource)
   在 System.Collections.Generic.Dictionary`2.Insert(TKey key, TValue value, Boolean add)
   在 Senparc.NeuChar.ApiBind.ApiBindInfoCollection.Add(MethodInfo method, ApiBindAttribute apiBindAttr)
   在 Senparc.NeuChar.Register.RegisterApiBind()

[[[RegisterApiBind() 自动扫描程序集异常：Senparc.Weixin.Work, Version=3.1.13.16588, Culture=neutral, PublicKeyToken=null]]]
[2018/11/1 21:18:49]
[线程：1]
    System.ArgumentException: 已添加了具有相同键的项。
   在 System.ThrowHelper.ThrowArgumentException(ExceptionResource resource)
   在 System.Collections.Generic.Dictionary`2.Insert(TKey key, TValue value, Boolean add)
   在 Senparc.NeuChar.ApiBind.ApiBindInfoCollection.Add(MethodInfo method, ApiBindAttribute apiBindAttr)
   在 Senparc.NeuChar.Register.RegisterApiBind()

[[[自动注册扩展缓存完成]]]
[2018/11/1 22:02:25]
[线程：1]
    注册总用时：0ms
自动扫描程序集：0个
扩展缓存：

[[[系统日志]]]
[2018/11/1 22:02:25]
[线程：1]
    系统启动

[[[微信扩展缓存注册完成]]]
[2018/11/1 22:02:25]
[线程：1]
    微信扩展缓存注册总用时：0ms
扩展缓存：Senparc.Weixin.Cache.LocalContainerCacheStrategy

[[[RegisterApiBind() 自动扫描程序集异常：Senparc.Weixin.MP, Version=16.4.6.16587, Culture=neutral, PublicKeyToken=null]]]
[2018/11/1 22:02:25]
[线程：1]
    System.ArgumentException: 已添加了具有相同键的项。
   在 System.ThrowHelper.ThrowArgumentException(ExceptionResource resource)
   在 System.Collections.Generic.Dictionary`2.Insert(TKey key, TValue value, Boolean add)
   在 Senparc.NeuChar.ApiBind.ApiBindInfoCollection.Add(MethodInfo method, ApiBindAttribute apiBindAttr)
   在 Senparc.NeuChar.Register.RegisterApiBind()

[[[RegisterApiBind() 自动扫描程序集异常：Senparc.Weixin.WxOpen, Version=3.1.13.16583, Culture=neutral, PublicKeyToken=null]]]
[2018/11/1 22:02:25]
[线程：1]
    System.ArgumentException: 已添加了具有相同键的项。
   在 System.ThrowHelper.ThrowArgumentException(ExceptionResource resource)
   在 System.Collections.Generic.Dictionary`2.Insert(TKey key, TValue value, Boolean add)
   在 Senparc.NeuChar.ApiBind.ApiBindInfoCollection.Add(MethodInfo method, ApiBindAttribute apiBindAttr)
   在 Senparc.NeuChar.Register.RegisterApiBind()

[[[RegisterApiBind() 自动扫描程序集异常：Senparc.Weixin.Work, Version=3.1.13.16588, Culture=neutral, PublicKeyToken=null]]]
[2018/11/1 22:02:25]
[线程：1]
    System.ArgumentException: 已添加了具有相同键的项。
   在 System.ThrowHelper.ThrowArgumentException(ExceptionResource resource)
   在 System.Collections.Generic.Dictionary`2.Insert(TKey key, TValue value, Boolean add)
   在 Senparc.NeuChar.ApiBind.ApiBindInfoCollection.Add(MethodInfo method, ApiBindAttribute apiBindAttr)
   在 Senparc.NeuChar.Register.RegisterApiBind()

[[[自动注册扩展缓存完成]]]
[2018/11/1 22:09:16]
[线程：1]
    注册总用时：0ms
自动扫描程序集：0个
扩展缓存：

[[[系统日志]]]
[2018/11/1 22:09:16]
[线程：1]
    系统启动

[[[微信扩展缓存注册完成]]]
[2018/11/1 22:09:16]
[线程：1]
    微信扩展缓存注册总用时：0ms
扩展缓存：Senparc.Weixin.Cache.LocalContainerCacheStrategy

[[[RegisterApiBind() 自动扫描程序集异常：Senparc.Weixin.MP, Version=16.4.6.16587, Culture=neutral, PublicKeyToken=null]]]
[2018/11/1 22:09:16]
[线程：1]
    System.ArgumentException: 已添加了具有相同键的项。
   在 System.ThrowHelper.ThrowArgumentException(ExceptionResource resource)
   在 System.Collections.Generic.Dictionary`2.Insert(TKey key, TValue value, Boolean add)
   在 Senparc.NeuChar.ApiBind.ApiBindInfoCollection.Add(MethodInfo method, ApiBindAttribute apiBindAttr)
   在 Senparc.NeuChar.Register.RegisterApiBind()

[[[RegisterApiBind() 自动扫描程序集异常：Senparc.Weixin.Work, Version=3.1.13.16588, Culture=neutral, PublicKeyToken=null]]]
[2018/11/1 22:09:16]
[线程：1]
    System.ArgumentException: 已添加了具有相同键的项。
   在 System.ThrowHelper.ThrowArgumentException(ExceptionResource resource)
   在 System.Collections.Generic.Dictionary`2.Insert(TKey key, TValue value, Boolean add)
   在 Senparc.NeuChar.ApiBind.ApiBindInfoCollection.Add(MethodInfo method, ApiBindAttribute apiBindAttr)
   在 Senparc.NeuChar.Register.RegisterApiBind()

[[[RegisterApiBind() 自动扫描程序集异常：Senparc.Weixin.WxOpen, Version=3.1.13.16583, Culture=neutral, PublicKeyToken=null]]]
[2018/11/1 22:09:16]
[线程：1]
    System.ArgumentException: 已添加了具有相同键的项。
   在 System.ThrowHelper.ThrowArgumentException(ExceptionResource resource)
   在 System.Collections.Generic.Dictionary`2.Insert(TKey key, TValue value, Boolean add)
   在 Senparc.NeuChar.ApiBind.ApiBindInfoCollection.Add(MethodInfo method, ApiBindAttribute apiBindAttr)
   在 Senparc.NeuChar.Register.RegisterApiBind()

[[[自动注册扩展缓存完成]]]
[2018/11/1 22:23:36]
[线程：1]
    注册总用时：0ms
自动扫描程序集：0个
扩展缓存：

[[[系统日志]]]
[2018/11/1 22:23:36]
[线程：1]
    系统启动

[[[微信扩展缓存注册完成]]]
[2018/11/1 22:23:36]
[线程：1]
    微信扩展缓存注册总用时：0ms
扩展缓存：Senparc.Weixin.Cache.LocalContainerCacheStrategy

[[[RegisterApiBind() 自动扫描程序集异常：Senparc.Weixin.MP, Version=16.4.6.40034, Culture=neutral, PublicKeyToken=null]]]
[2018/11/1 22:23:36]
[线程：1]
    System.ArgumentException: 已添加了具有相同键的项。
   在 System.ThrowHelper.ThrowArgumentException(ExceptionResource resource)
   在 System.Collections.Generic.Dictionary`2.Insert(TKey key, TValue value, Boolean add)
   在 Senparc.NeuChar.ApiBind.ApiBindInfoCollection.Add(MethodInfo method, ApiBindAttribute apiBindAttr)
   在 Senparc.NeuChar.Register.RegisterApiBind()

[[[RegisterApiBind() 自动扫描程序集异常：Senparc.Weixin.Work, Version=3.1.13.40035, Culture=neutral, PublicKeyToken=null]]]
[2018/11/1 22:23:36]
[线程：1]
    System.ArgumentException: 已添加了具有相同键的项。
   在 System.ThrowHelper.ThrowArgumentException(ExceptionResource resource)
   在 System.Collections.Generic.Dictionary`2.Insert(TKey key, TValue value, Boolean add)
   在 Senparc.NeuChar.ApiBind.ApiBindInfoCollection.Add(MethodInfo method, ApiBindAttribute apiBindAttr)
   在 Senparc.NeuChar.Register.RegisterApiBind()

[[[RegisterApiBind() 自动扫描程序集异常：Senparc.Weixin.WxOpen, Version=3.1.13.40034, Culture=neutral, PublicKeyToken=null]]]
[2018/11/1 22:23:36]
[线程：1]
    System.ArgumentException: 已添加了具有相同键的项。
   在 System.ThrowHelper.ThrowArgumentException(ExceptionResource resource)
   在 System.Collections.Generic.Dictionary`2.Insert(TKey key, TValue value, Boolean add)
   在 Senparc.NeuChar.ApiBind.ApiBindInfoCollection.Add(MethodInfo method, ApiBindAttribute apiBindAttr)
   在 Senparc.NeuChar.Register.RegisterApiBind()

[[[接口调用]]]
[2018/11/1 22:23:40]
[线程：25]
    URL：https://api.weixin.qq.com/sns/oauth2/access_token?appid=wx15eb92053f01ff86&secret=55e9dac0dcf6d8ed52c2b1935d98fa86&code=001ikTnn0x2QZr1ggFon0EsOnn0ikTnb&grant_type=authorization_code
    Result：
{"access_token":"15_Kv_j3xojxaO4vKdfIEoCWgUM5tmVoW-dWCZReOEdaDVdyKWLgR1qr9rk9vKiP4sQtcr4N1r5vW_K6NtzSDhLQA","expires_in":7200,"refresh_token":"15_pp5SUJy8nSiqcU3vhzRTCnC0A5gS7EoHQZRwMtk9jKh2NESYgDOz2w-LJBFijqdphX_SuSSLoBKpDZVNwsTLdg","openid":"oOY_U1KTeDL3W3PtecWdVp1QXi-A","scope":"snsapi_userinfo","unionid":"oAmjlwxfN1p0B0dXEkx-9sZeTAgQ"}

[[[接口调用]]]
[2018/11/1 22:23:40]
[线程：25]
    URL：https://api.weixin.qq.com/sns/userinfo?access_token=15_Kv_j3xojxaO4vKdfIEoCWgUM5tmVoW-dWCZReOEdaDVdyKWLgR1qr9rk9vKiP4sQtcr4N1r5vW_K6NtzSDhLQA&openid=oOY_U1KTeDL3W3PtecWdVp1QXi-A&lang=zh_CN
    Result：
{"openid":"oOY_U1KTeDL3W3PtecWdVp1QXi-A","nickname":"雕","sex":1,"language":"zh_CN","city":"深圳","province":"广东","country":"中国","headimgurl":"http:\/\/thirdwx.qlogo.cn\/mmopen\/vi_32\/zibC1nlwP5Z6a4IPCRMARwKhPMvvtSCicVEZl8XPDjK9ZoBRrEq1Ycto32crNBosibk9SbGK68xVu4c9URh0ib7Vzw\/132","privilege":[],"unionid":"oAmjlwxfN1p0B0dXEkx-9sZeTAgQ"}

[[[自动注册扩展缓存完成]]]
[2018/11/1 22:34:11]
[线程：35]
    注册总用时：0ms
自动扫描程序集：0个
扩展缓存：

[[[系统日志]]]
[2018/11/1 22:34:11]
[线程：35]
    系统启动

[[[微信扩展缓存注册完成]]]
[2018/11/1 22:34:11]
[线程：35]
    微信扩展缓存注册总用时：0ms
扩展缓存：Senparc.Weixin.Cache.LocalContainerCacheStrategy

[[[RegisterApiBind() 自动扫描程序集异常：Senparc.Weixin.MP, Version=16.4.6.40034, Culture=neutral, PublicKeyToken=null]]]
[2018/11/1 22:34:11]
[线程：35]
    System.ArgumentException: 已添加了具有相同键的项。
   在 System.ThrowHelper.ThrowArgumentException(ExceptionResource resource)
   在 System.Collections.Generic.Dictionary`2.Insert(TKey key, TValue value, Boolean add)
   在 Senparc.NeuChar.ApiBind.ApiBindInfoCollection.Add(MethodInfo method, ApiBindAttribute apiBindAttr)
   在 Senparc.NeuChar.Register.RegisterApiBind()

[[[RegisterApiBind() 自动扫描程序集异常：Senparc.Weixin.Work, Version=3.1.13.40035, Culture=neutral, PublicKeyToken=null]]]
[2018/11/1 22:34:11]
[线程：35]
    System.ArgumentException: 已添加了具有相同键的项。
   在 System.ThrowHelper.ThrowArgumentException(ExceptionResource resource)
   在 System.Collections.Generic.Dictionary`2.Insert(TKey key, TValue value, Boolean add)
   在 Senparc.NeuChar.ApiBind.ApiBindInfoCollection.Add(MethodInfo method, ApiBindAttribute apiBindAttr)
   在 Senparc.NeuChar.Register.RegisterApiBind()

[[[RegisterApiBind() 自动扫描程序集异常：Senparc.Weixin.WxOpen, Version=3.1.13.40034, Culture=neutral, PublicKeyToken=null]]]
[2018/11/1 22:34:11]
[线程：35]
    System.ArgumentException: 已添加了具有相同键的项。
   在 System.ThrowHelper.ThrowArgumentException(ExceptionResource resource)
   在 System.Collections.Generic.Dictionary`2.Insert(TKey key, TValue value, Boolean add)
   在 Senparc.NeuChar.ApiBind.ApiBindInfoCollection.Add(MethodInfo method, ApiBindAttribute apiBindAttr)
   在 Senparc.NeuChar.Register.RegisterApiBind()

[[[接口调用]]]
[2018/11/1 22:34:14]
[线程：33]
    URL：https://api.weixin.qq.com/sns/oauth2/access_token?appid=wx15eb92053f01ff86&secret=55e9dac0dcf6d8ed52c2b1935d98fa86&code=061seTTc18rEIt0t9jTc1tCKTc1seTTx&grant_type=authorization_code
    Result：
{"access_token":"15_iNVa_jES9kERVRiNiSQU0laV2TJG__lgv-efjRUKW1Or86xScRdB34C-TbXVEh0uWePAmMt18BmAJRRiMEHdxQ","expires_in":7200,"refresh_token":"15_Q3ApE_okSylN7VU45bHXX4Edrjon9UkqcvDZ-4nfM15wFXLifwntCoHYfafWBFo9xpN5J1G0ed1OCgGoAvLooQ","openid":"oOY_U1KTeDL3W3PtecWdVp1QXi-A","scope":"snsapi_userinfo","unionid":"oAmjlwxfN1p0B0dXEkx-9sZeTAgQ"}

[[[接口调用]]]
[2018/11/1 22:34:14]
[线程：33]
    URL：https://api.weixin.qq.com/sns/userinfo?access_token=15_iNVa_jES9kERVRiNiSQU0laV2TJG__lgv-efjRUKW1Or86xScRdB34C-TbXVEh0uWePAmMt18BmAJRRiMEHdxQ&openid=oOY_U1KTeDL3W3PtecWdVp1QXi-A&lang=zh_CN
    Result：
{"openid":"oOY_U1KTeDL3W3PtecWdVp1QXi-A","nickname":"雕","sex":1,"language":"zh_CN","city":"深圳","province":"广东","country":"中国","headimgurl":"http:\/\/thirdwx.qlogo.cn\/mmopen\/vi_32\/zibC1nlwP5Z6a4IPCRMARwKhPMvvtSCicVEZl8XPDjK9ZoBRrEq1Ycto32crNBosibk9SbGK68xVu4c9URh0ib7Vzw\/132","privilege":[],"unionid":"oAmjlwxfN1p0B0dXEkx-9sZeTAgQ"}

[[[接口调用]]]
[2018/11/1 22:36:40]
[线程：41]
    URL：https://api.weixin.qq.com/sns/oauth2/access_token?appid=wx15eb92053f01ff86&secret=55e9dac0dcf6d8ed52c2b1935d98fa86&code=061seTTc18rEIt0t9jTc1tCKTc1seTTx&grant_type=authorization_code
    Result：
{"errcode":40163,"errmsg":"code been used, hints: [ req_id: D6a28a0000ha61 ]"}

[[[ErrorJsonResultException]]]
[2018/11/1 22:36:40]
[线程：41]
    ErrorJsonResultException
    AccessTokenOrAppId：null
    URL：https://api.weixin.qq.com/sns/oauth2/access_token?appid=wx15eb92053f01ff86&secret=55e9dac0dcf6d8ed52c2b1935d98fa86&code=061seTTc18rEIt0t9jTc1tCKTc1seTTx&grant_type=authorization_code
    errcode：40163
    errmsg：code been used, hints: [ req_id: D6a28a0000ha61 ]

[[[接口调用]]]
[2018/11/1 22:36:54]
[线程：40]
    URL：https://api.weixin.qq.com/sns/oauth2/access_token?appid=wx15eb92053f01ff86&secret=55e9dac0dcf6d8ed52c2b1935d98fa86&code=061seTTc18rEIt0t9jTc1tCKTc1seTTx&grant_type=authorization_code
    Result：
{"errcode":40163,"errmsg":"code been used, hints: [ req_id: 3WtRIA00142065 ]"}

[[[ErrorJsonResultException]]]
[2018/11/1 22:36:54]
[线程：40]
    ErrorJsonResultException
    AccessTokenOrAppId：null
    URL：https://api.weixin.qq.com/sns/oauth2/access_token?appid=wx15eb92053f01ff86&secret=55e9dac0dcf6d8ed52c2b1935d98fa86&code=061seTTc18rEIt0t9jTc1tCKTc1seTTx&grant_type=authorization_code
    errcode：40163
    errmsg：code been used, hints: [ req_id: 3WtRIA00142065 ]

[[[自动注册扩展缓存完成]]]
[2018/11/1 22:43:28]
[线程：35]
    注册总用时：0ms
自动扫描程序集：0个
扩展缓存：

[[[系统日志]]]
[2018/11/1 22:43:28]
[线程：35]
    系统启动

[[[微信扩展缓存注册完成]]]
[2018/11/1 22:43:28]
[线程：35]
    微信扩展缓存注册总用时：0ms
扩展缓存：Senparc.Weixin.Cache.LocalContainerCacheStrategy

[[[RegisterApiBind() 自动扫描程序集异常：Senparc.Weixin.MP, Version=16.4.6.40034, Culture=neutral, PublicKeyToken=null]]]
[2018/11/1 22:43:28]
[线程：35]
    System.ArgumentException: 已添加了具有相同键的项。
   在 System.ThrowHelper.ThrowArgumentException(ExceptionResource resource)
   在 System.Collections.Generic.Dictionary`2.Insert(TKey key, TValue value, Boolean add)
   在 Senparc.NeuChar.ApiBind.ApiBindInfoCollection.Add(MethodInfo method, ApiBindAttribute apiBindAttr)
   在 Senparc.NeuChar.Register.RegisterApiBind()

[[[RegisterApiBind() 自动扫描程序集异常：Senparc.Weixin.Work, Version=3.1.13.40035, Culture=neutral, PublicKeyToken=null]]]
[2018/11/1 22:43:28]
[线程：35]
    System.ArgumentException: 已添加了具有相同键的项。
   在 System.ThrowHelper.ThrowArgumentException(ExceptionResource resource)
   在 System.Collections.Generic.Dictionary`2.Insert(TKey key, TValue value, Boolean add)
   在 Senparc.NeuChar.ApiBind.ApiBindInfoCollection.Add(MethodInfo method, ApiBindAttribute apiBindAttr)
   在 Senparc.NeuChar.Register.RegisterApiBind()

[[[RegisterApiBind() 自动扫描程序集异常：Senparc.Weixin.WxOpen, Version=3.1.13.40034, Culture=neutral, PublicKeyToken=null]]]
[2018/11/1 22:43:28]
[线程：35]
    System.ArgumentException: 已添加了具有相同键的项。
   在 System.ThrowHelper.ThrowArgumentException(ExceptionResource resource)
   在 System.Collections.Generic.Dictionary`2.Insert(TKey key, TValue value, Boolean add)
   在 Senparc.NeuChar.ApiBind.ApiBindInfoCollection.Add(MethodInfo method, ApiBindAttribute apiBindAttr)
   在 Senparc.NeuChar.Register.RegisterApiBind()

[[[接口调用]]]
[2018/11/1 22:43:31]
[线程：49]
    URL：https://api.weixin.qq.com/sns/oauth2/access_token?appid=wx15eb92053f01ff86&secret=55e9dac0dcf6d8ed52c2b1935d98fa86&code=021ZqWjo0Cstlr1pLiko0lsMjo0ZqWjW&grant_type=authorization_code
    Result：
{"access_token":"15_VuMzqUM5WNxELxyrjGWIvxxQKSxoM3SrKdjVGIv2KQwxFR64avoaU_OvSzPKsu4kPyzsvqbMaXigP_ke5qVkfw","expires_in":7200,"refresh_token":"15_0NKh6WHMFcGBnSl0oIW4hqMF8vGivl_iWXB9iJ_c1ZeUsCLPQWd0wnx1w060m9PuLTpZ3w79euSQo4bqRejnDw","openid":"oOY_U1KTeDL3W3PtecWdVp1QXi-A","scope":"snsapi_userinfo","unionid":"oAmjlwxfN1p0B0dXEkx-9sZeTAgQ"}

[[[接口调用]]]
[2018/11/1 22:43:32]
[线程：49]
    URL：https://api.weixin.qq.com/sns/userinfo?access_token=15_VuMzqUM5WNxELxyrjGWIvxxQKSxoM3SrKdjVGIv2KQwxFR64avoaU_OvSzPKsu4kPyzsvqbMaXigP_ke5qVkfw&openid=oOY_U1KTeDL3W3PtecWdVp1QXi-A&lang=zh_CN
    Result：
{"openid":"oOY_U1KTeDL3W3PtecWdVp1QXi-A","nickname":"雕","sex":1,"language":"zh_CN","city":"深圳","province":"广东","country":"中国","headimgurl":"http:\/\/thirdwx.qlogo.cn\/mmopen\/vi_32\/zibC1nlwP5Z6a4IPCRMARwKhPMvvtSCicVEZl8XPDjK9ZoBRrEq1Ycto32crNBosibk9SbGK68xVu4c9URh0ib7Vzw\/132","privilege":[],"unionid":"oAmjlwxfN1p0B0dXEkx-9sZeTAgQ"}

[[[自动注册扩展缓存完成]]]
[2018/11/1 22:50:34]
[线程：35]
    注册总用时：0ms
自动扫描程序集：0个
扩展缓存：

[[[系统日志]]]
[2018/11/1 22:50:34]
[线程：35]
    系统启动

[[[微信扩展缓存注册完成]]]
[2018/11/1 22:50:35]
[线程：35]
    微信扩展缓存注册总用时：0ms
扩展缓存：Senparc.Weixin.Cache.LocalContainerCacheStrategy

[[[RegisterApiBind() 自动扫描程序集异常：Senparc.Weixin.MP, Version=16.4.6.40034, Culture=neutral, PublicKeyToken=null]]]
[2018/11/1 22:50:35]
[线程：35]
    System.ArgumentException: 已添加了具有相同键的项。
   在 System.ThrowHelper.ThrowArgumentException(ExceptionResource resource)
   在 System.Collections.Generic.Dictionary`2.Insert(TKey key, TValue value, Boolean add)
   在 Senparc.NeuChar.ApiBind.ApiBindInfoCollection.Add(MethodInfo method, ApiBindAttribute apiBindAttr)
   在 Senparc.NeuChar.Register.RegisterApiBind()

[[[RegisterApiBind() 自动扫描程序集异常：Senparc.Weixin.WxOpen, Version=3.1.13.40034, Culture=neutral, PublicKeyToken=null]]]
[2018/11/1 22:50:35]
[线程：35]
    System.ArgumentException: 已添加了具有相同键的项。
   在 System.ThrowHelper.ThrowArgumentException(ExceptionResource resource)
   在 System.Collections.Generic.Dictionary`2.Insert(TKey key, TValue value, Boolean add)
   在 Senparc.NeuChar.ApiBind.ApiBindInfoCollection.Add(MethodInfo method, ApiBindAttribute apiBindAttr)
   在 Senparc.NeuChar.Register.RegisterApiBind()

[[[RegisterApiBind() 自动扫描程序集异常：Senparc.Weixin.Work, Version=3.1.13.40035, Culture=neutral, PublicKeyToken=null]]]
[2018/11/1 22:50:35]
[线程：35]
    System.ArgumentException: 已添加了具有相同键的项。
   在 System.ThrowHelper.ThrowArgumentException(ExceptionResource resource)
   在 System.Collections.Generic.Dictionary`2.Insert(TKey key, TValue value, Boolean add)
   在 Senparc.NeuChar.ApiBind.ApiBindInfoCollection.Add(MethodInfo method, ApiBindAttribute apiBindAttr)
   在 Senparc.NeuChar.Register.RegisterApiBind()

[[[接口调用]]]
[2018/11/1 22:57:30]
[线程：25]
    URL：https://api.weixin.qq.com/sns/oauth2/access_token?appid=wx15eb92053f01ff86&secret=55e9dac0dcf6d8ed52c2b1935d98fa86&code=081zv3o50W9yjK1Y13k502EZn50zv3o-&grant_type=authorization_code
    Result：
{"access_token":"15_NRgFjLDUjJIB4E9KdtKZM1a0-lGwX6kxpeSD7bKuH_Fkoa5AV-otXAmXHE85VlC1yiUpsP34JP-NTwVmvxFw0g","expires_in":7200,"refresh_token":"15_NRgFjLDUjJIB4E9KdtKZM0YlTNIzI26zDikxKk8acdK43jAU8zRmiuFeujwhQJcFXYwge40sTjRTzwpdrCseJg","openid":"oOY_U1KTeDL3W3PtecWdVp1QXi-A","scope":"snsapi_userinfo","unionid":"oAmjlwxfN1p0B0dXEkx-9sZeTAgQ"}

[[[接口调用]]]
[2018/11/1 22:57:30]
[线程：25]
    URL：https://api.weixin.qq.com/sns/userinfo?access_token=15_NRgFjLDUjJIB4E9KdtKZM1a0-lGwX6kxpeSD7bKuH_Fkoa5AV-otXAmXHE85VlC1yiUpsP34JP-NTwVmvxFw0g&openid=oOY_U1KTeDL3W3PtecWdVp1QXi-A&lang=zh_CN
    Result：
{"openid":"oOY_U1KTeDL3W3PtecWdVp1QXi-A","nickname":"雕","sex":1,"language":"zh_CN","city":"深圳","province":"广东","country":"中国","headimgurl":"http:\/\/thirdwx.qlogo.cn\/mmopen\/vi_32\/zibC1nlwP5Z6a4IPCRMARwKhPMvvtSCicVEZl8XPDjK9ZoBRrEq1Ycto32crNBosibk9SbGK68xVu4c9URh0ib7Vzw\/132","privilege":[],"unionid":"oAmjlwxfN1p0B0dXEkx-9sZeTAgQ"}
