
[[[自动注册扩展缓存完成]]]
[2018/10/23 2:58:22]
[线程：1]
    注册总用时：0ms
自动扫描程序集：0个
扩展缓存：

[[[系统日志]]]
[2018/10/23 2:58:22]
[线程：1]
    系统启动

[[[微信扩展缓存注册完成]]]
[2018/10/23 2:58:22]
[线程：1]
    微信扩展缓存注册总用时：0ms
扩展缓存：Senparc.Weixin.Cache.LocalContainerCacheStrategy

[[[RegisterApiBind() 自动扫描程序集异常：Senparc.Weixin.MP, Version=16.4.6.41774, Culture=neutral, PublicKeyToken=null]]]
[2018/10/23 2:58:23]
[线程：1]
    System.ArgumentException: 已添加了具有相同键的项。
   在 System.ThrowHelper.ThrowArgumentException(ExceptionResource resource)
   在 System.Collections.Generic.Dictionary`2.Insert(TKey key, TValue value, Boolean add)
   在 Senparc.NeuChar.ApiBind.ApiBindInfoCollection.Add(MethodInfo method, ApiBindAttribute apiBindAttr)
   在 Senparc.NeuChar.Register.RegisterApiBind()

[[[RegisterApiBind() 自动扫描程序集异常：Senparc.Weixin.WxOpen, Version=3.1.13.29940, Culture=neutral, PublicKeyToken=null]]]
[2018/10/23 2:58:23]
[线程：1]
    System.ArgumentException: 已添加了具有相同键的项。
   在 System.ThrowHelper.ThrowArgumentException(ExceptionResource resource)
   在 System.Collections.Generic.Dictionary`2.Insert(TKey key, TValue value, Boolean add)
   在 Senparc.NeuChar.ApiBind.ApiBindInfoCollection.Add(MethodInfo method, ApiBindAttribute apiBindAttr)
   在 Senparc.NeuChar.Register.RegisterApiBind()

[[[RegisterApiBind() 自动扫描程序集异常：Senparc.Weixin.Work, Version=3.1.13.41550, Culture=neutral, PublicKeyToken=null]]]
[2018/10/23 2:58:23]
[线程：1]
    System.ArgumentException: 已添加了具有相同键的项。
   在 System.ThrowHelper.ThrowArgumentException(ExceptionResource resource)
   在 System.Collections.Generic.Dictionary`2.Insert(TKey key, TValue value, Boolean add)
   在 Senparc.NeuChar.ApiBind.ApiBindInfoCollection.Add(MethodInfo method, ApiBindAttribute apiBindAttr)
   在 Senparc.NeuChar.Register.RegisterApiBind()
