
[[[自动注册扩展缓存完成]]]
[2018/10/20 17:07:17]
[线程：1]
    注册总用时：0ms
自动扫描程序集：0个
扩展缓存：

[[[系统日志]]]
[2018/10/20 17:07:17]
[线程：1]
    系统启动

[[[微信扩展缓存注册完成]]]
[2018/10/20 17:07:17]
[线程：1]
    微信扩展缓存注册总用时：0ms
扩展缓存：Senparc.Weixin.Cache.LocalContainerCacheStrategy

[[[RegisterApiBind() 自动扫描程序集异常：Senparc.Weixin.MP, Version=16.4.6.29941, Culture=neutral, PublicKeyToken=null]]]
[2018/10/20 17:07:17]
[线程：1]
    System.ArgumentException: 已添加了具有相同键的项。
   在 System.ThrowHelper.ThrowArgumentException(ExceptionResource resource)
   在 System.Collections.Generic.Dictionary`2.Insert(TKey key, TValue value, Boolean add)
   在 Senparc.NeuChar.ApiBind.ApiBindInfoCollection.Add(MethodInfo method, ApiBindAttribute apiBindAttr)
   在 Senparc.NeuChar.Register.RegisterApiBind()

[[[RegisterApiBind() 自动扫描程序集异常：Senparc.Weixin.Work, Version=3.1.13.29942, Culture=neutral, PublicKeyToken=null]]]
[2018/10/20 17:07:17]
[线程：1]
    System.ArgumentException: 已添加了具有相同键的项。
   在 System.ThrowHelper.ThrowArgumentException(ExceptionResource resource)
   在 System.Collections.Generic.Dictionary`2.Insert(TKey key, TValue value, Boolean add)
   在 Senparc.NeuChar.ApiBind.ApiBindInfoCollection.Add(MethodInfo method, ApiBindAttribute apiBindAttr)
   在 Senparc.NeuChar.Register.RegisterApiBind()

[[[RegisterApiBind() 自动扫描程序集异常：Senparc.Weixin.WxOpen, Version=3.1.13.29940, Culture=neutral, PublicKeyToken=null]]]
[2018/10/20 17:07:17]
[线程：1]
    System.ArgumentException: 已添加了具有相同键的项。
   在 System.ThrowHelper.ThrowArgumentException(ExceptionResource resource)
   在 System.Collections.Generic.Dictionary`2.Insert(TKey key, TValue value, Boolean add)
   在 Senparc.NeuChar.ApiBind.ApiBindInfoCollection.Add(MethodInfo method, ApiBindAttribute apiBindAttr)
   在 Senparc.NeuChar.Register.RegisterApiBind()

[[[自动注册扩展缓存完成]]]
[2018/10/20 17:53:21]
[线程：1]
    注册总用时：0ms
自动扫描程序集：0个
扩展缓存：

[[[系统日志]]]
[2018/10/20 17:53:21]
[线程：1]
    系统启动

[[[微信扩展缓存注册完成]]]
[2018/10/20 17:53:21]
[线程：1]
    微信扩展缓存注册总用时：0ms
扩展缓存：Senparc.Weixin.Cache.LocalContainerCacheStrategy

[[[RegisterApiBind() 自动扫描程序集异常：Senparc.Weixin.MP, Version=16.4.6.31944, Culture=neutral, PublicKeyToken=null]]]
[2018/10/20 17:53:21]
[线程：1]
    System.ArgumentException: 已添加了具有相同键的项。
   在 System.ThrowHelper.ThrowArgumentException(ExceptionResource resource)
   在 System.Collections.Generic.Dictionary`2.Insert(TKey key, TValue value, Boolean add)
   在 Senparc.NeuChar.ApiBind.ApiBindInfoCollection.Add(MethodInfo method, ApiBindAttribute apiBindAttr)
   在 Senparc.NeuChar.Register.RegisterApiBind()

[[[RegisterApiBind() 自动扫描程序集异常：Senparc.Weixin.Work, Version=3.1.13.31945, Culture=neutral, PublicKeyToken=null]]]
[2018/10/20 17:53:21]
[线程：1]
    System.ArgumentException: 已添加了具有相同键的项。
   在 System.ThrowHelper.ThrowArgumentException(ExceptionResource resource)
   在 System.Collections.Generic.Dictionary`2.Insert(TKey key, TValue value, Boolean add)
   在 Senparc.NeuChar.ApiBind.ApiBindInfoCollection.Add(MethodInfo method, ApiBindAttribute apiBindAttr)
   在 Senparc.NeuChar.Register.RegisterApiBind()

[[[RegisterApiBind() 自动扫描程序集异常：Senparc.Weixin.WxOpen, Version=3.1.13.29940, Culture=neutral, PublicKeyToken=null]]]
[2018/10/20 17:53:21]
[线程：1]
    System.ArgumentException: 已添加了具有相同键的项。
   在 System.ThrowHelper.ThrowArgumentException(ExceptionResource resource)
   在 System.Collections.Generic.Dictionary`2.Insert(TKey key, TValue value, Boolean add)
   在 Senparc.NeuChar.ApiBind.ApiBindInfoCollection.Add(MethodInfo method, ApiBindAttribute apiBindAttr)
   在 Senparc.NeuChar.Register.RegisterApiBind()

[[[自动注册扩展缓存完成]]]
[2018/10/20 18:14:33]
[线程：24]
    注册总用时：0ms
自动扫描程序集：0个
扩展缓存：

[[[系统日志]]]
[2018/10/20 18:14:33]
[线程：24]
    系统启动

[[[微信扩展缓存注册完成]]]
[2018/10/20 18:14:33]
[线程：24]
    微信扩展缓存注册总用时：0ms
扩展缓存：Senparc.Weixin.Cache.LocalContainerCacheStrategy

[[[RegisterApiBind() 自动扫描程序集异常：Senparc.Weixin.MP, Version=16.4.6.32801, Culture=neutral, PublicKeyToken=null]]]
[2018/10/20 18:14:33]
[线程：24]
    System.ArgumentException: 已添加了具有相同键的项。
   在 System.ThrowHelper.ThrowArgumentException(ExceptionResource resource)
   在 System.Collections.Generic.Dictionary`2.Insert(TKey key, TValue value, Boolean add)
   在 Senparc.NeuChar.ApiBind.ApiBindInfoCollection.Add(MethodInfo method, ApiBindAttribute apiBindAttr)
   在 Senparc.NeuChar.Register.RegisterApiBind()

[[[RegisterApiBind() 自动扫描程序集异常：Senparc.Weixin.Work, Version=3.1.13.32801, Culture=neutral, PublicKeyToken=null]]]
[2018/10/20 18:14:33]
[线程：24]
    System.ArgumentException: 已添加了具有相同键的项。
   在 System.ThrowHelper.ThrowArgumentException(ExceptionResource resource)
   在 System.Collections.Generic.Dictionary`2.Insert(TKey key, TValue value, Boolean add)
   在 Senparc.NeuChar.ApiBind.ApiBindInfoCollection.Add(MethodInfo method, ApiBindAttribute apiBindAttr)
   在 Senparc.NeuChar.Register.RegisterApiBind()

[[[RegisterApiBind() 自动扫描程序集异常：Senparc.Weixin.WxOpen, Version=3.1.13.29940, Culture=neutral, PublicKeyToken=null]]]
[2018/10/20 18:14:33]
[线程：24]
    System.ArgumentException: 已添加了具有相同键的项。
   在 System.ThrowHelper.ThrowArgumentException(ExceptionResource resource)
   在 System.Collections.Generic.Dictionary`2.Insert(TKey key, TValue value, Boolean add)
   在 Senparc.NeuChar.ApiBind.ApiBindInfoCollection.Add(MethodInfo method, ApiBindAttribute apiBindAttr)
   在 Senparc.NeuChar.Register.RegisterApiBind()

[[[自动注册扩展缓存完成]]]
[2018/10/20 19:14:28]
[线程：1]
    注册总用时：0ms
自动扫描程序集：0个
扩展缓存：

[[[系统日志]]]
[2018/10/20 19:14:28]
[线程：1]
    系统启动

[[[微信扩展缓存注册完成]]]
[2018/10/20 19:14:28]
[线程：1]
    微信扩展缓存注册总用时：0ms
扩展缓存：Senparc.Weixin.Cache.LocalContainerCacheStrategy

[[[RegisterApiBind() 自动扫描程序集异常：Senparc.Weixin.MP, Version=16.4.6.32801, Culture=neutral, PublicKeyToken=null]]]
[2018/10/20 19:14:28]
[线程：1]
    System.ArgumentException: 已添加了具有相同键的项。
   在 System.ThrowHelper.ThrowArgumentException(ExceptionResource resource)
   在 System.Collections.Generic.Dictionary`2.Insert(TKey key, TValue value, Boolean add)
   在 Senparc.NeuChar.ApiBind.ApiBindInfoCollection.Add(MethodInfo method, ApiBindAttribute apiBindAttr)
   在 Senparc.NeuChar.Register.RegisterApiBind()

[[[RegisterApiBind() 自动扫描程序集异常：Senparc.Weixin.WxOpen, Version=3.1.13.29940, Culture=neutral, PublicKeyToken=null]]]
[2018/10/20 19:14:28]
[线程：1]
    System.ArgumentException: 已添加了具有相同键的项。
   在 System.ThrowHelper.ThrowArgumentException(ExceptionResource resource)
   在 System.Collections.Generic.Dictionary`2.Insert(TKey key, TValue value, Boolean add)
   在 Senparc.NeuChar.ApiBind.ApiBindInfoCollection.Add(MethodInfo method, ApiBindAttribute apiBindAttr)
   在 Senparc.NeuChar.Register.RegisterApiBind()

[[[RegisterApiBind() 自动扫描程序集异常：Senparc.Weixin.Work, Version=3.1.13.32801, Culture=neutral, PublicKeyToken=null]]]
[2018/10/20 19:14:28]
[线程：1]
    System.ArgumentException: 已添加了具有相同键的项。
   在 System.ThrowHelper.ThrowArgumentException(ExceptionResource resource)
   在 System.Collections.Generic.Dictionary`2.Insert(TKey key, TValue value, Boolean add)
   在 Senparc.NeuChar.ApiBind.ApiBindInfoCollection.Add(MethodInfo method, ApiBindAttribute apiBindAttr)
   在 Senparc.NeuChar.Register.RegisterApiBind()

[[[自动注册扩展缓存完成]]]
[2018/10/20 20:56:03]
[线程：1]
    注册总用时：0ms
自动扫描程序集：0个
扩展缓存：

[[[系统日志]]]
[2018/10/20 20:56:03]
[线程：1]
    系统启动

[[[微信扩展缓存注册完成]]]
[2018/10/20 20:56:03]
[线程：1]
    微信扩展缓存注册总用时：0ms
扩展缓存：Senparc.Weixin.Cache.LocalContainerCacheStrategy

[[[RegisterApiBind() 自动扫描程序集异常：Senparc.Weixin.MP, Version=16.4.6.32801, Culture=neutral, PublicKeyToken=null]]]
[2018/10/20 20:56:03]
[线程：1]
    System.ArgumentException: 已添加了具有相同键的项。
   在 System.ThrowHelper.ThrowArgumentException(ExceptionResource resource)
   在 System.Collections.Generic.Dictionary`2.Insert(TKey key, TValue value, Boolean add)
   在 Senparc.NeuChar.ApiBind.ApiBindInfoCollection.Add(MethodInfo method, ApiBindAttribute apiBindAttr)
   在 Senparc.NeuChar.Register.RegisterApiBind()

[[[RegisterApiBind() 自动扫描程序集异常：Senparc.Weixin.WxOpen, Version=3.1.13.29940, Culture=neutral, PublicKeyToken=null]]]
[2018/10/20 20:56:03]
[线程：1]
    System.ArgumentException: 已添加了具有相同键的项。
   在 System.ThrowHelper.ThrowArgumentException(ExceptionResource resource)
   在 System.Collections.Generic.Dictionary`2.Insert(TKey key, TValue value, Boolean add)
   在 Senparc.NeuChar.ApiBind.ApiBindInfoCollection.Add(MethodInfo method, ApiBindAttribute apiBindAttr)
   在 Senparc.NeuChar.Register.RegisterApiBind()

[[[RegisterApiBind() 自动扫描程序集异常：Senparc.Weixin.Work, Version=3.1.13.32801, Culture=neutral, PublicKeyToken=null]]]
[2018/10/20 20:56:03]
[线程：1]
    System.ArgumentException: 已添加了具有相同键的项。
   在 System.ThrowHelper.ThrowArgumentException(ExceptionResource resource)
   在 System.Collections.Generic.Dictionary`2.Insert(TKey key, TValue value, Boolean add)
   在 Senparc.NeuChar.ApiBind.ApiBindInfoCollection.Add(MethodInfo method, ApiBindAttribute apiBindAttr)
   在 Senparc.NeuChar.Register.RegisterApiBind()

[[[自动注册扩展缓存完成]]]
[2018/10/20 22:18:17]
[线程：1]
    注册总用时：0ms
自动扫描程序集：0个
扩展缓存：

[[[系统日志]]]
[2018/10/20 22:18:17]
[线程：1]
    系统启动

[[[微信扩展缓存注册完成]]]
[2018/10/20 22:18:17]
[线程：1]
    微信扩展缓存注册总用时：0ms
扩展缓存：Senparc.Weixin.Cache.LocalContainerCacheStrategy

[[[RegisterApiBind() 自动扫描程序集异常：Senparc.Weixin.MP, Version=16.4.6.32801, Culture=neutral, PublicKeyToken=null]]]
[2018/10/20 22:18:18]
[线程：1]
    System.ArgumentException: 已添加了具有相同键的项。
   在 System.ThrowHelper.ThrowArgumentException(ExceptionResource resource)
   在 System.Collections.Generic.Dictionary`2.Insert(TKey key, TValue value, Boolean add)
   在 Senparc.NeuChar.ApiBind.ApiBindInfoCollection.Add(MethodInfo method, ApiBindAttribute apiBindAttr)
   在 Senparc.NeuChar.Register.RegisterApiBind()

[[[RegisterApiBind() 自动扫描程序集异常：Senparc.Weixin.WxOpen, Version=3.1.13.29940, Culture=neutral, PublicKeyToken=null]]]
[2018/10/20 22:18:18]
[线程：1]
    System.ArgumentException: 已添加了具有相同键的项。
   在 System.ThrowHelper.ThrowArgumentException(ExceptionResource resource)
   在 System.Collections.Generic.Dictionary`2.Insert(TKey key, TValue value, Boolean add)
   在 Senparc.NeuChar.ApiBind.ApiBindInfoCollection.Add(MethodInfo method, ApiBindAttribute apiBindAttr)
   在 Senparc.NeuChar.Register.RegisterApiBind()

[[[RegisterApiBind() 自动扫描程序集异常：Senparc.Weixin.Work, Version=3.1.13.32801, Culture=neutral, PublicKeyToken=null]]]
[2018/10/20 22:18:18]
[线程：1]
    System.ArgumentException: 已添加了具有相同键的项。
   在 System.ThrowHelper.ThrowArgumentException(ExceptionResource resource)
   在 System.Collections.Generic.Dictionary`2.Insert(TKey key, TValue value, Boolean add)
   在 Senparc.NeuChar.ApiBind.ApiBindInfoCollection.Add(MethodInfo method, ApiBindAttribute apiBindAttr)
   在 Senparc.NeuChar.Register.RegisterApiBind()

[[[自动注册扩展缓存完成]]]
[2018/10/20 22:24:11]
[线程：1]
    注册总用时：0ms
自动扫描程序集：0个
扩展缓存：

[[[系统日志]]]
[2018/10/20 22:24:11]
[线程：1]
    系统启动

[[[微信扩展缓存注册完成]]]
[2018/10/20 22:24:11]
[线程：1]
    微信扩展缓存注册总用时：0ms
扩展缓存：Senparc.Weixin.Cache.LocalContainerCacheStrategy

[[[RegisterApiBind() 自动扫描程序集异常：Senparc.Weixin.MP, Version=16.4.6.32801, Culture=neutral, PublicKeyToken=null]]]
[2018/10/20 22:24:11]
[线程：1]
    System.ArgumentException: 已添加了具有相同键的项。
   在 System.ThrowHelper.ThrowArgumentException(ExceptionResource resource)
   在 System.Collections.Generic.Dictionary`2.Insert(TKey key, TValue value, Boolean add)
   在 Senparc.NeuChar.ApiBind.ApiBindInfoCollection.Add(MethodInfo method, ApiBindAttribute apiBindAttr)
   在 Senparc.NeuChar.Register.RegisterApiBind()

[[[RegisterApiBind() 自动扫描程序集异常：Senparc.Weixin.WxOpen, Version=3.1.13.29940, Culture=neutral, PublicKeyToken=null]]]
[2018/10/20 22:24:11]
[线程：1]
    System.ArgumentException: 已添加了具有相同键的项。
   在 System.ThrowHelper.ThrowArgumentException(ExceptionResource resource)
   在 System.Collections.Generic.Dictionary`2.Insert(TKey key, TValue value, Boolean add)
   在 Senparc.NeuChar.ApiBind.ApiBindInfoCollection.Add(MethodInfo method, ApiBindAttribute apiBindAttr)
   在 Senparc.NeuChar.Register.RegisterApiBind()

[[[RegisterApiBind() 自动扫描程序集异常：Senparc.Weixin.Work, Version=3.1.13.32801, Culture=neutral, PublicKeyToken=null]]]
[2018/10/20 22:24:11]
[线程：1]
    System.ArgumentException: 已添加了具有相同键的项。
   在 System.ThrowHelper.ThrowArgumentException(ExceptionResource resource)
   在 System.Collections.Generic.Dictionary`2.Insert(TKey key, TValue value, Boolean add)
   在 Senparc.NeuChar.ApiBind.ApiBindInfoCollection.Add(MethodInfo method, ApiBindAttribute apiBindAttr)
   在 Senparc.NeuChar.Register.RegisterApiBind()

[[[自动注册扩展缓存完成]]]
[2018/10/20 22:26:23]
[线程：1]
    注册总用时：0ms
自动扫描程序集：0个
扩展缓存：

[[[系统日志]]]
[2018/10/20 22:26:23]
[线程：1]
    系统启动

[[[微信扩展缓存注册完成]]]
[2018/10/20 22:26:23]
[线程：1]
    微信扩展缓存注册总用时：1.002ms
扩展缓存：Senparc.Weixin.Cache.LocalContainerCacheStrategy

[[[RegisterApiBind() 自动扫描程序集异常：Senparc.Weixin.MP, Version=16.4.6.40368, Culture=neutral, PublicKeyToken=null]]]
[2018/10/20 22:26:23]
[线程：1]
    System.ArgumentException: 已添加了具有相同键的项。
   在 System.ThrowHelper.ThrowArgumentException(ExceptionResource resource)
   在 System.Collections.Generic.Dictionary`2.Insert(TKey key, TValue value, Boolean add)
   在 Senparc.NeuChar.ApiBind.ApiBindInfoCollection.Add(MethodInfo method, ApiBindAttribute apiBindAttr)
   在 Senparc.NeuChar.Register.RegisterApiBind()

[[[RegisterApiBind() 自动扫描程序集异常：Senparc.Weixin.Work, Version=3.1.13.40368, Culture=neutral, PublicKeyToken=null]]]
[2018/10/20 22:26:23]
[线程：1]
    System.ArgumentException: 已添加了具有相同键的项。
   在 System.ThrowHelper.ThrowArgumentException(ExceptionResource resource)
   在 System.Collections.Generic.Dictionary`2.Insert(TKey key, TValue value, Boolean add)
   在 Senparc.NeuChar.ApiBind.ApiBindInfoCollection.Add(MethodInfo method, ApiBindAttribute apiBindAttr)
   在 Senparc.NeuChar.Register.RegisterApiBind()

[[[RegisterApiBind() 自动扫描程序集异常：Senparc.Weixin.WxOpen, Version=3.1.13.29940, Culture=neutral, PublicKeyToken=null]]]
[2018/10/20 22:26:23]
[线程：1]
    System.ArgumentException: 已添加了具有相同键的项。
   在 System.ThrowHelper.ThrowArgumentException(ExceptionResource resource)
   在 System.Collections.Generic.Dictionary`2.Insert(TKey key, TValue value, Boolean add)
   在 Senparc.NeuChar.ApiBind.ApiBindInfoCollection.Add(MethodInfo method, ApiBindAttribute apiBindAttr)
   在 Senparc.NeuChar.Register.RegisterApiBind()

[[[自动注册扩展缓存完成]]]
[2018/10/20 22:39:56]
[线程：1]
    注册总用时：0ms
自动扫描程序集：0个
扩展缓存：

[[[系统日志]]]
[2018/10/20 22:39:56]
[线程：1]
    系统启动

[[[微信扩展缓存注册完成]]]
[2018/10/20 22:39:56]
[线程：1]
    微信扩展缓存注册总用时：0ms
扩展缓存：Senparc.Weixin.Cache.LocalContainerCacheStrategy

[[[RegisterApiBind() 自动扫描程序集异常：Senparc.Weixin.MP, Version=16.4.6.40368, Culture=neutral, PublicKeyToken=null]]]
[2018/10/20 22:39:56]
[线程：1]
    System.ArgumentException: 已添加了具有相同键的项。
   在 System.ThrowHelper.ThrowArgumentException(ExceptionResource resource)
   在 System.Collections.Generic.Dictionary`2.Insert(TKey key, TValue value, Boolean add)
   在 Senparc.NeuChar.ApiBind.ApiBindInfoCollection.Add(MethodInfo method, ApiBindAttribute apiBindAttr)
   在 Senparc.NeuChar.Register.RegisterApiBind()

[[[RegisterApiBind() 自动扫描程序集异常：Senparc.Weixin.Work, Version=3.1.13.40368, Culture=neutral, PublicKeyToken=null]]]
[2018/10/20 22:39:56]
[线程：1]
    System.ArgumentException: 已添加了具有相同键的项。
   在 System.ThrowHelper.ThrowArgumentException(ExceptionResource resource)
   在 System.Collections.Generic.Dictionary`2.Insert(TKey key, TValue value, Boolean add)
   在 Senparc.NeuChar.ApiBind.ApiBindInfoCollection.Add(MethodInfo method, ApiBindAttribute apiBindAttr)
   在 Senparc.NeuChar.Register.RegisterApiBind()

[[[RegisterApiBind() 自动扫描程序集异常：Senparc.Weixin.WxOpen, Version=3.1.13.29940, Culture=neutral, PublicKeyToken=null]]]
[2018/10/20 22:39:56]
[线程：1]
    System.ArgumentException: 已添加了具有相同键的项。
   在 System.ThrowHelper.ThrowArgumentException(ExceptionResource resource)
   在 System.Collections.Generic.Dictionary`2.Insert(TKey key, TValue value, Boolean add)
   在 Senparc.NeuChar.ApiBind.ApiBindInfoCollection.Add(MethodInfo method, ApiBindAttribute apiBindAttr)
   在 Senparc.NeuChar.Register.RegisterApiBind()

[[[自动注册扩展缓存完成]]]
[2018/10/20 22:43:34]
[线程：1]
    注册总用时：0ms
自动扫描程序集：0个
扩展缓存：

[[[系统日志]]]
[2018/10/20 22:43:34]
[线程：1]
    系统启动

[[[微信扩展缓存注册完成]]]
[2018/10/20 22:43:34]
[线程：1]
    微信扩展缓存注册总用时：0ms
扩展缓存：Senparc.Weixin.Cache.LocalContainerCacheStrategy

[[[RegisterApiBind() 自动扫描程序集异常：Senparc.Weixin.MP, Version=16.4.6.40886, Culture=neutral, PublicKeyToken=null]]]
[2018/10/20 22:43:34]
[线程：1]
    System.ArgumentException: 已添加了具有相同键的项。
   在 System.ThrowHelper.ThrowArgumentException(ExceptionResource resource)
   在 System.Collections.Generic.Dictionary`2.Insert(TKey key, TValue value, Boolean add)
   在 Senparc.NeuChar.ApiBind.ApiBindInfoCollection.Add(MethodInfo method, ApiBindAttribute apiBindAttr)
   在 Senparc.NeuChar.Register.RegisterApiBind()

[[[RegisterApiBind() 自动扫描程序集异常：Senparc.Weixin.Work, Version=3.1.13.40886, Culture=neutral, PublicKeyToken=null]]]
[2018/10/20 22:43:34]
[线程：1]
    System.ArgumentException: 已添加了具有相同键的项。
   在 System.ThrowHelper.ThrowArgumentException(ExceptionResource resource)
   在 System.Collections.Generic.Dictionary`2.Insert(TKey key, TValue value, Boolean add)
   在 Senparc.NeuChar.ApiBind.ApiBindInfoCollection.Add(MethodInfo method, ApiBindAttribute apiBindAttr)
   在 Senparc.NeuChar.Register.RegisterApiBind()

[[[RegisterApiBind() 自动扫描程序集异常：Senparc.Weixin.WxOpen, Version=3.1.13.29940, Culture=neutral, PublicKeyToken=null]]]
[2018/10/20 22:43:34]
[线程：1]
    System.ArgumentException: 已添加了具有相同键的项。
   在 System.ThrowHelper.ThrowArgumentException(ExceptionResource resource)
   在 System.Collections.Generic.Dictionary`2.Insert(TKey key, TValue value, Boolean add)
   在 Senparc.NeuChar.ApiBind.ApiBindInfoCollection.Add(MethodInfo method, ApiBindAttribute apiBindAttr)
   在 Senparc.NeuChar.Register.RegisterApiBind()

[[[接口调用]]]
[2018/10/20 22:43:38]
[线程：9]
    URL：https://api.weixin.qq.com/sns/oauth2/access_token?appid=wx15eb92053f01ff86&secret=55e9dac0dcf6d8ed52c2b1935d98fa86&code=0016pP492XbxmR0RiR692ji15926pP4S&grant_type=authorization_code
    Result：
{"access_token":"14_b0oTigOIJdU5qS4DeUiKQZDRuw_vvw8X0ANcy2UpxYQh-zyDS5zym6_aSyiNCDGmN55a0jmSM9u_ELJ36TNTog","expires_in":7200,"refresh_token":"14_4YDsA59TfB53FKJdwc-g-H2Pow8rcUNdQwndNbxSy7Ux6azoeO6oVPUtj7ty0nLQCeB3uUnLMPe1plxu9JE5BQ","openid":"oOY_U1KTeDL3W3PtecWdVp1QXi-A","scope":"snsapi_userinfo","unionid":"oAmjlwxfN1p0B0dXEkx-9sZeTAgQ"}

[[[接口调用]]]
[2018/10/20 22:43:38]
[线程：9]
    URL：https://api.weixin.qq.com/sns/userinfo?access_token=14_b0oTigOIJdU5qS4DeUiKQZDRuw_vvw8X0ANcy2UpxYQh-zyDS5zym6_aSyiNCDGmN55a0jmSM9u_ELJ36TNTog&openid=oOY_U1KTeDL3W3PtecWdVp1QXi-A&lang=zh_CN
    Result：
{"openid":"oOY_U1KTeDL3W3PtecWdVp1QXi-A","nickname":"雕","sex":1,"language":"zh_CN","city":"深圳","province":"广东","country":"中国","headimgurl":"http:\/\/thirdwx.qlogo.cn\/mmopen\/vi_32\/zibC1nlwP5Z6a4IPCRMARwKhPMvvtSCicVEZl8XPDjK9ZoBRrEq1Ycto32crNBosibk9SbGK68xVu4c9URh0ib7Vzw\/132","privilege":[],"unionid":"oAmjlwxfN1p0B0dXEkx-9sZeTAgQ"}

[[[接口调用]]]
[2018/10/20 22:43:41]
[线程：11]
    URL：https://api.weixin.qq.com/sns/oauth2/access_token?appid=wx15eb92053f01ff86&secret=55e9dac0dcf6d8ed52c2b1935d98fa86&code=071jc2yc22GqlE0K3jyc24yPxc2jc2yp&grant_type=authorization_code
    Result：
{"access_token":"14_PNPlko4klxkDYUIZ1O2mtjCkGDNl-Z7T9mukOYAgzEZXmpgjZO0l4fCc1Rlz0zVH58oGTi_rVrcMa9LqwiP2lg","expires_in":7200,"refresh_token":"14_0RkU1jalXelhRIFhF5w1fZTqxcNFsAppPWG6m5lYhd2kQIwDicuRiD7lckjQ49Fmq9tT4QK7RKeGxJYMBZ-CMQ","openid":"oOY_U1KTeDL3W3PtecWdVp1QXi-A","scope":"snsapi_userinfo","unionid":"oAmjlwxfN1p0B0dXEkx-9sZeTAgQ"}

[[[接口调用]]]
[2018/10/20 22:43:41]
[线程：11]
    URL：https://api.weixin.qq.com/sns/userinfo?access_token=14_PNPlko4klxkDYUIZ1O2mtjCkGDNl-Z7T9mukOYAgzEZXmpgjZO0l4fCc1Rlz0zVH58oGTi_rVrcMa9LqwiP2lg&openid=oOY_U1KTeDL3W3PtecWdVp1QXi-A&lang=zh_CN
    Result：
{"openid":"oOY_U1KTeDL3W3PtecWdVp1QXi-A","nickname":"雕","sex":1,"language":"zh_CN","city":"深圳","province":"广东","country":"中国","headimgurl":"http:\/\/thirdwx.qlogo.cn\/mmopen\/vi_32\/zibC1nlwP5Z6a4IPCRMARwKhPMvvtSCicVEZl8XPDjK9ZoBRrEq1Ycto32crNBosibk9SbGK68xVu4c9URh0ib7Vzw\/132","privilege":[],"unionid":"oAmjlwxfN1p0B0dXEkx-9sZeTAgQ"}

[[[接口调用]]]
[2018/10/20 22:43:44]
[线程：19]
    URL：https://api.weixin.qq.com/sns/oauth2/access_token?appid=wx15eb92053f01ff86&secret=55e9dac0dcf6d8ed52c2b1935d98fa86&code=011MNKCE0qqUic2od6BE0FvvCE0MNKCn&grant_type=authorization_code
    Result：
{"access_token":"14_8De6mLZC0n8QrhWjwH_2JtFIWbbEbz007gp-DiEQzIONL_mSGL_ZyjY9SIYIroYgv0OCepL9AKNNm1j8iLwg7A","expires_in":7200,"refresh_token":"14_KobpOLqragdxpdjmM2L-E45Qqart4RB0N-BqOKPdCeZ95TEwLVHEQxYtvYOU4M7mEWT7pxhRcjmw1keUHK6Gpg","openid":"oOY_U1KTeDL3W3PtecWdVp1QXi-A","scope":"snsapi_userinfo","unionid":"oAmjlwxfN1p0B0dXEkx-9sZeTAgQ"}

[[[接口调用]]]
[2018/10/20 22:43:44]
[线程：19]
    URL：https://api.weixin.qq.com/sns/userinfo?access_token=14_8De6mLZC0n8QrhWjwH_2JtFIWbbEbz007gp-DiEQzIONL_mSGL_ZyjY9SIYIroYgv0OCepL9AKNNm1j8iLwg7A&openid=oOY_U1KTeDL3W3PtecWdVp1QXi-A&lang=zh_CN
    Result：
{"openid":"oOY_U1KTeDL3W3PtecWdVp1QXi-A","nickname":"雕","sex":1,"language":"zh_CN","city":"深圳","province":"广东","country":"中国","headimgurl":"http:\/\/thirdwx.qlogo.cn\/mmopen\/vi_32\/zibC1nlwP5Z6a4IPCRMARwKhPMvvtSCicVEZl8XPDjK9ZoBRrEq1Ycto32crNBosibk9SbGK68xVu4c9URh0ib7Vzw\/132","privilege":[],"unionid":"oAmjlwxfN1p0B0dXEkx-9sZeTAgQ"}

[[[接口调用]]]
[2018/10/20 22:43:47]
[线程：9]
    URL：https://api.weixin.qq.com/sns/oauth2/access_token?appid=wx15eb92053f01ff86&secret=55e9dac0dcf6d8ed52c2b1935d98fa86&code=081LNZl00CGuUF1JaHk007FFl00LNZl8&grant_type=authorization_code
    Result：
{"access_token":"14_WJXDaJT-UyWMzUzARat0b0r269iS3qtTHh9HpFWkONNgr7vol43qOYDqKXxYuahNO_cygkELQTNmzjoypm1T2A","expires_in":7200,"refresh_token":"14_sZdEALoWqdra5pI6OOFItid4MFlXoRX_VBkgLOf11kPiQj1izOKmRSgOSK94b4WHyWQ08eJc-VY9rxeBBx-BOg","openid":"oOY_U1KTeDL3W3PtecWdVp1QXi-A","scope":"snsapi_userinfo","unionid":"oAmjlwxfN1p0B0dXEkx-9sZeTAgQ"}

[[[接口调用]]]
[2018/10/20 22:43:47]
[线程：9]
    URL：https://api.weixin.qq.com/sns/userinfo?access_token=14_WJXDaJT-UyWMzUzARat0b0r269iS3qtTHh9HpFWkONNgr7vol43qOYDqKXxYuahNO_cygkELQTNmzjoypm1T2A&openid=oOY_U1KTeDL3W3PtecWdVp1QXi-A&lang=zh_CN
    Result：
{"openid":"oOY_U1KTeDL3W3PtecWdVp1QXi-A","nickname":"雕","sex":1,"language":"zh_CN","city":"深圳","province":"广东","country":"中国","headimgurl":"http:\/\/thirdwx.qlogo.cn\/mmopen\/vi_32\/zibC1nlwP5Z6a4IPCRMARwKhPMvvtSCicVEZl8XPDjK9ZoBRrEq1Ycto32crNBosibk9SbGK68xVu4c9URh0ib7Vzw\/132","privilege":[],"unionid":"oAmjlwxfN1p0B0dXEkx-9sZeTAgQ"}

[[[接口调用]]]
[2018/10/20 22:43:50]
[线程：5]
    URL：https://api.weixin.qq.com/sns/oauth2/access_token?appid=wx15eb92053f01ff86&secret=55e9dac0dcf6d8ed52c2b1935d98fa86&code=011vNtC715jOuS1ka8D71SFDC71vNtC8&grant_type=authorization_code
    Result：
{"access_token":"14_90nOpj7zlv5uSuRUf6v-HCHN6p_3Xu1oAZcXh-Gh7YUtXzAdGoTL_qNCoBVqfotEitNwK86wqa_pXr0ZPBQwEg","expires_in":7200,"refresh_token":"14_FX9_VV32YnDwJiQT-7MyzEjQCrxiqPMQEqFsN09Y7RoIQjAqAtrz_ZDj243PFHN3KwWMLYuwfHTOjj9a57TRQA","openid":"oOY_U1KTeDL3W3PtecWdVp1QXi-A","scope":"snsapi_userinfo","unionid":"oAmjlwxfN1p0B0dXEkx-9sZeTAgQ"}

[[[接口调用]]]
[2018/10/20 22:43:50]
[线程：5]
    URL：https://api.weixin.qq.com/sns/userinfo?access_token=14_90nOpj7zlv5uSuRUf6v-HCHN6p_3Xu1oAZcXh-Gh7YUtXzAdGoTL_qNCoBVqfotEitNwK86wqa_pXr0ZPBQwEg&openid=oOY_U1KTeDL3W3PtecWdVp1QXi-A&lang=zh_CN
    Result：
{"openid":"oOY_U1KTeDL3W3PtecWdVp1QXi-A","nickname":"雕","sex":1,"language":"zh_CN","city":"深圳","province":"广东","country":"中国","headimgurl":"http:\/\/thirdwx.qlogo.cn\/mmopen\/vi_32\/zibC1nlwP5Z6a4IPCRMARwKhPMvvtSCicVEZl8XPDjK9ZoBRrEq1Ycto32crNBosibk9SbGK68xVu4c9URh0ib7Vzw\/132","privilege":[],"unionid":"oAmjlwxfN1p0B0dXEkx-9sZeTAgQ"}

[[[接口调用]]]
[2018/10/20 22:43:53]
[线程：14]
    URL：https://api.weixin.qq.com/sns/oauth2/access_token?appid=wx15eb92053f01ff86&secret=55e9dac0dcf6d8ed52c2b1935d98fa86&code=081eFtZ62zbZ4K0nAOZ62JhlZ62eFtZf&grant_type=authorization_code
    Result：
{"access_token":"14_BCkFDiWzOBfNqgZ4oxUjpfdQ4yBu4jdm5fHZCldavt-prOWW6ffJlIS1fvwrhcoU-Yx4_cFdUBfYx3UX78UYRQ","expires_in":7200,"refresh_token":"14_NDayaaOBaXJVfjb0cJi02mJW_-l8hm7KenlDAElVBfp0HAnwt5FLcRQy5bN6Lna-P3hQWmqNdgUF5_y7nAJ_PQ","openid":"oOY_U1KTeDL3W3PtecWdVp1QXi-A","scope":"snsapi_userinfo","unionid":"oAmjlwxfN1p0B0dXEkx-9sZeTAgQ"}

[[[接口调用]]]
[2018/10/20 22:43:53]
[线程：14]
    URL：https://api.weixin.qq.com/sns/userinfo?access_token=14_BCkFDiWzOBfNqgZ4oxUjpfdQ4yBu4jdm5fHZCldavt-prOWW6ffJlIS1fvwrhcoU-Yx4_cFdUBfYx3UX78UYRQ&openid=oOY_U1KTeDL3W3PtecWdVp1QXi-A&lang=zh_CN
    Result：
{"openid":"oOY_U1KTeDL3W3PtecWdVp1QXi-A","nickname":"雕","sex":1,"language":"zh_CN","city":"深圳","province":"广东","country":"中国","headimgurl":"http:\/\/thirdwx.qlogo.cn\/mmopen\/vi_32\/zibC1nlwP5Z6a4IPCRMARwKhPMvvtSCicVEZl8XPDjK9ZoBRrEq1Ycto32crNBosibk9SbGK68xVu4c9URh0ib7Vzw\/132","privilege":[],"unionid":"oAmjlwxfN1p0B0dXEkx-9sZeTAgQ"}

[[[接口调用]]]
[2018/10/20 22:43:56]
[线程：19]
    URL：https://api.weixin.qq.com/sns/oauth2/access_token?appid=wx15eb92053f01ff86&secret=55e9dac0dcf6d8ed52c2b1935d98fa86&code=021RIBDM1aOfG41t0kHM10mADM1RIBDC&grant_type=authorization_code
    Result：
{"access_token":"14_sZdEALoWqdra5pI6OOFItg1AlH3WWq_kZL4EWs8F21Gws2bVlsJpKCkBCVPjX1bGiXFQihYqvRPfUQp7_XjGrA","expires_in":7200,"refresh_token":"14_aEgTjYp51yTKN6paE9nvQoOiedRymlqobhqhR_ltcNg0zsozi723cKNtae5ZWOpwPhJfvmRylSHRzqCuD4fZgw","openid":"oOY_U1KTeDL3W3PtecWdVp1QXi-A","scope":"snsapi_userinfo","unionid":"oAmjlwxfN1p0B0dXEkx-9sZeTAgQ"}

[[[接口调用]]]
[2018/10/20 22:43:56]
[线程：19]
    URL：https://api.weixin.qq.com/sns/userinfo?access_token=14_sZdEALoWqdra5pI6OOFItg1AlH3WWq_kZL4EWs8F21Gws2bVlsJpKCkBCVPjX1bGiXFQihYqvRPfUQp7_XjGrA&openid=oOY_U1KTeDL3W3PtecWdVp1QXi-A&lang=zh_CN
    Result：
{"openid":"oOY_U1KTeDL3W3PtecWdVp1QXi-A","nickname":"雕","sex":1,"language":"zh_CN","city":"深圳","province":"广东","country":"中国","headimgurl":"http:\/\/thirdwx.qlogo.cn\/mmopen\/vi_32\/zibC1nlwP5Z6a4IPCRMARwKhPMvvtSCicVEZl8XPDjK9ZoBRrEq1Ycto32crNBosibk9SbGK68xVu4c9URh0ib7Vzw\/132","privilege":[],"unionid":"oAmjlwxfN1p0B0dXEkx-9sZeTAgQ"}

[[[接口调用]]]
[2018/10/20 22:43:58]
[线程：11]
    URL：https://api.weixin.qq.com/sns/oauth2/access_token?appid=wx15eb92053f01ff86&secret=55e9dac0dcf6d8ed52c2b1935d98fa86&code=081YBiCZ0QiFo02HGjDZ0BkBCZ0YBiCe&grant_type=authorization_code
    Result：
{"access_token":"14_31ffcsVlZdriqbcw1sb0Nv75wTE9XiWVNHtqluuFj1V4utNjDbXmbU7kWO5oFfEIP86t5eFaaxENPUaeNGAYWQ","expires_in":7200,"refresh_token":"14_zIdTrNFDkyiSbymI8W3jYmiNqXCvE7fyjryWscP-txSPARFBSaiE8-bxmLVH-Lw6EI1rtCEl-tpdpadxNPWxWA","openid":"oOY_U1KTeDL3W3PtecWdVp1QXi-A","scope":"snsapi_userinfo","unionid":"oAmjlwxfN1p0B0dXEkx-9sZeTAgQ"}

[[[接口调用]]]
[2018/10/20 22:43:59]
[线程：11]
    URL：https://api.weixin.qq.com/sns/userinfo?access_token=14_31ffcsVlZdriqbcw1sb0Nv75wTE9XiWVNHtqluuFj1V4utNjDbXmbU7kWO5oFfEIP86t5eFaaxENPUaeNGAYWQ&openid=oOY_U1KTeDL3W3PtecWdVp1QXi-A&lang=zh_CN
    Result：
{"openid":"oOY_U1KTeDL3W3PtecWdVp1QXi-A","nickname":"雕","sex":1,"language":"zh_CN","city":"深圳","province":"广东","country":"中国","headimgurl":"http:\/\/thirdwx.qlogo.cn\/mmopen\/vi_32\/zibC1nlwP5Z6a4IPCRMARwKhPMvvtSCicVEZl8XPDjK9ZoBRrEq1Ycto32crNBosibk9SbGK68xVu4c9URh0ib7Vzw\/132","privilege":[],"unionid":"oAmjlwxfN1p0B0dXEkx-9sZeTAgQ"}

[[[接口调用]]]
[2018/10/20 22:44:01]
[线程：14]
    URL：https://api.weixin.qq.com/sns/oauth2/access_token?appid=wx15eb92053f01ff86&secret=55e9dac0dcf6d8ed52c2b1935d98fa86&code=061PMSfR1SeKI81rnthR1qB9gR1PMSfQ&grant_type=authorization_code
    Result：
{"access_token":"14_NUWOIFxo0Kaa86-8o14PBhaHi4WtVG8sSYLT4pAgQldXMSJr4rR3ES1BQIyLJws0h8dzaqBr0qdY0zixfGXfsQ","expires_in":7200,"refresh_token":"14_jStYLHSLug-93aUYA8ArKehBMHmvylMxxmmb-_8uHp5SXKS8s0h4cv1R9bQDFr92J-JVUHsQn2psujGvhyxYkg","openid":"oOY_U1KTeDL3W3PtecWdVp1QXi-A","scope":"snsapi_userinfo","unionid":"oAmjlwxfN1p0B0dXEkx-9sZeTAgQ"}

[[[接口调用]]]
[2018/10/20 22:44:02]
[线程：14]
    URL：https://api.weixin.qq.com/sns/userinfo?access_token=14_NUWOIFxo0Kaa86-8o14PBhaHi4WtVG8sSYLT4pAgQldXMSJr4rR3ES1BQIyLJws0h8dzaqBr0qdY0zixfGXfsQ&openid=oOY_U1KTeDL3W3PtecWdVp1QXi-A&lang=zh_CN
    Result：
{"openid":"oOY_U1KTeDL3W3PtecWdVp1QXi-A","nickname":"雕","sex":1,"language":"zh_CN","city":"深圳","province":"广东","country":"中国","headimgurl":"http:\/\/thirdwx.qlogo.cn\/mmopen\/vi_32\/zibC1nlwP5Z6a4IPCRMARwKhPMvvtSCicVEZl8XPDjK9ZoBRrEq1Ycto32crNBosibk9SbGK68xVu4c9URh0ib7Vzw\/132","privilege":[],"unionid":"oAmjlwxfN1p0B0dXEkx-9sZeTAgQ"}

[[[自动注册扩展缓存完成]]]
[2018/10/20 22:50:33]
[线程：29]
    注册总用时：0ms
自动扫描程序集：0个
扩展缓存：

[[[系统日志]]]
[2018/10/20 22:50:33]
[线程：29]
    系统启动

[[[微信扩展缓存注册完成]]]
[2018/10/20 22:50:33]
[线程：29]
    微信扩展缓存注册总用时：0ms
扩展缓存：Senparc.Weixin.Cache.LocalContainerCacheStrategy

[[[RegisterApiBind() 自动扫描程序集异常：Senparc.Weixin.MP, Version=16.4.6.41029, Culture=neutral, PublicKeyToken=null]]]
[2018/10/20 22:50:33]
[线程：29]
    System.ArgumentException: 已添加了具有相同键的项。
   在 System.ThrowHelper.ThrowArgumentException(ExceptionResource resource)
   在 System.Collections.Generic.Dictionary`2.Insert(TKey key, TValue value, Boolean add)
   在 Senparc.NeuChar.ApiBind.ApiBindInfoCollection.Add(MethodInfo method, ApiBindAttribute apiBindAttr)
   在 Senparc.NeuChar.Register.RegisterApiBind()

[[[RegisterApiBind() 自动扫描程序集异常：Senparc.Weixin.Work, Version=3.1.13.41028, Culture=neutral, PublicKeyToken=null]]]
[2018/10/20 22:50:33]
[线程：29]
    System.ArgumentException: 已添加了具有相同键的项。
   在 System.ThrowHelper.ThrowArgumentException(ExceptionResource resource)
   在 System.Collections.Generic.Dictionary`2.Insert(TKey key, TValue value, Boolean add)
   在 Senparc.NeuChar.ApiBind.ApiBindInfoCollection.Add(MethodInfo method, ApiBindAttribute apiBindAttr)
   在 Senparc.NeuChar.Register.RegisterApiBind()

[[[RegisterApiBind() 自动扫描程序集异常：Senparc.Weixin.WxOpen, Version=3.1.13.29940, Culture=neutral, PublicKeyToken=null]]]
[2018/10/20 22:50:33]
[线程：29]
    System.ArgumentException: 已添加了具有相同键的项。
   在 System.ThrowHelper.ThrowArgumentException(ExceptionResource resource)
   在 System.Collections.Generic.Dictionary`2.Insert(TKey key, TValue value, Boolean add)
   在 Senparc.NeuChar.ApiBind.ApiBindInfoCollection.Add(MethodInfo method, ApiBindAttribute apiBindAttr)
   在 Senparc.NeuChar.Register.RegisterApiBind()

[[[接口调用]]]
[2018/10/20 22:50:36]
[线程：27]
    URL：https://api.weixin.qq.com/sns/oauth2/access_token?appid=wx15eb92053f01ff86&secret=55e9dac0dcf6d8ed52c2b1935d98fa86&code=071Um5Ue1wywKr03glRe1VuQTe1Um5Ua&grant_type=authorization_code
    Result：
{"access_token":"14_ARqj8pE2kmfQaVhCYcKrusunQrTjflvf49i5JuaX9YkETL7zgbZoukFp13QpEw4K6aFzRtWCZNCuqCvpbkDpKw","expires_in":7200,"refresh_token":"14_dpeGxibX8CFbajo7V1v_XyYiso3-4igmRm1Xs-YPEt8nrhMsk603ipoFF7CdHG2EhxxfYUH3w-Lms_Nv1YqqnQ","openid":"oOY_U1KTeDL3W3PtecWdVp1QXi-A","scope":"snsapi_userinfo","unionid":"oAmjlwxfN1p0B0dXEkx-9sZeTAgQ"}

[[[接口调用]]]
[2018/10/20 22:50:37]
[线程：27]
    URL：https://api.weixin.qq.com/sns/userinfo?access_token=14_ARqj8pE2kmfQaVhCYcKrusunQrTjflvf49i5JuaX9YkETL7zgbZoukFp13QpEw4K6aFzRtWCZNCuqCvpbkDpKw&openid=oOY_U1KTeDL3W3PtecWdVp1QXi-A&lang=zh_CN
    Result：
{"openid":"oOY_U1KTeDL3W3PtecWdVp1QXi-A","nickname":"雕","sex":1,"language":"zh_CN","city":"深圳","province":"广东","country":"中国","headimgurl":"http:\/\/thirdwx.qlogo.cn\/mmopen\/vi_32\/zibC1nlwP5Z6a4IPCRMARwKhPMvvtSCicVEZl8XPDjK9ZoBRrEq1Ycto32crNBosibk9SbGK68xVu4c9URh0ib7Vzw\/132","privilege":[],"unionid":"oAmjlwxfN1p0B0dXEkx-9sZeTAgQ"}

[[[首页被访问]]]
[2018/10/20 22:50:37]
[线程：27]
    Url：https://ai.12xiong.top/
IP：116.11.196.251

[[[首页被访问]]]
[2018/10/20 23:04:43]
[线程：20]
    Url：https://ai.12xiong.top/
IP：116.11.196.251

[[[接口调用]]]
[2018/10/20 23:04:56]
[线程：20]
    URL：https://api.weixin.qq.com/sns/oauth2/access_token?appid=wx15eb92053f01ff86&secret=55e9dac0dcf6d8ed52c2b1935d98fa86&code=001RgsHB0fvpEf2EPPHB0lqzHB0RgsHj&grant_type=authorization_code
    Result：
{"access_token":"14_dpeGxibX8CFbajo7V1v_X-cjNmHVdo-Fu7w5AKFDY1IJ9sr7GVb9qXCQtFJ0SjXRDnpxq6eHrZUahWat_4kNKA","expires_in":7200,"refresh_token":"14_z8E4RaqCv3arXvFKCV0FpF8z8E_d70VPx6r0w0iItyi177OyK9LDKTqCswvsVVCG35MSvV4NgK6XKUl_lMz_XQ","openid":"oOY_U1KTeDL3W3PtecWdVp1QXi-A","scope":"snsapi_userinfo","unionid":"oAmjlwxfN1p0B0dXEkx-9sZeTAgQ"}

[[[接口调用]]]
[2018/10/20 23:04:56]
[线程：20]
    URL：https://api.weixin.qq.com/sns/userinfo?access_token=14_dpeGxibX8CFbajo7V1v_X-cjNmHVdo-Fu7w5AKFDY1IJ9sr7GVb9qXCQtFJ0SjXRDnpxq6eHrZUahWat_4kNKA&openid=oOY_U1KTeDL3W3PtecWdVp1QXi-A&lang=zh_CN
    Result：
{"openid":"oOY_U1KTeDL3W3PtecWdVp1QXi-A","nickname":"雕","sex":1,"language":"zh_CN","city":"深圳","province":"广东","country":"中国","headimgurl":"http:\/\/thirdwx.qlogo.cn\/mmopen\/vi_32\/zibC1nlwP5Z6a4IPCRMARwKhPMvvtSCicVEZl8XPDjK9ZoBRrEq1Ycto32crNBosibk9SbGK68xVu4c9URh0ib7Vzw\/132","privilege":[],"unionid":"oAmjlwxfN1p0B0dXEkx-9sZeTAgQ"}

[[[首页被访问]]]
[2018/10/20 23:04:56]
[线程：26]
    Url：https://ai.12xiong.top/
IP：116.11.196.251

[[[首页被访问]]]
[2018/10/20 23:05:50]
[线程：26]
    Url：https://ai.12xiong.top/
IP：116.11.196.251

[[[首页被访问]]]
[2018/10/20 23:05:50]
[线程：27]
    Url：https://ai.12xiong.top/
IP：116.11.196.251

[[[首页被访问]]]
[2018/10/20 23:05:50]
[线程：20]
    Url：https://ai.12xiong.top/
IP：116.11.196.251

[[[首页被访问]]]
[2018/10/20 23:05:50]
[线程：28]
    Url：https://ai.12xiong.top/
IP：116.11.196.251

[[[首页被访问]]]
[2018/10/20 23:05:50]
[线程：12]
    Url：https://ai.12xiong.top/
IP：116.11.196.251

[[[首页被访问]]]
[2018/10/20 23:05:51]
[线程：26]
    Url：https://ai.12xiong.top/
IP：116.11.196.251

[[[首页被访问]]]
[2018/10/20 23:05:51]
[线程：27]
    Url：https://ai.12xiong.top/
IP：116.11.196.251

[[[首页被访问]]]
[2018/10/20 23:07:05]
[线程：12]
    Url：https://ai.12xiong.top/
IP：116.11.196.251

[[[接口调用]]]
[2018/10/20 23:24:13]
[线程：26]
    URL：https://api.weixin.qq.com/sns/oauth2/access_token?appid=wx15eb92053f01ff86&secret=55e9dac0dcf6d8ed52c2b1935d98fa86&code=001RgsHB0fvpEf2EPPHB0lqzHB0RgsHj&grant_type=authorization_code
    Result：
{"errcode":40163,"errmsg":"code been used, hints: [ req_id: y7bdma0053hc56 ]"}

[[[ErrorJsonResultException]]]
[2018/10/20 23:24:13]
[线程：26]
    ErrorJsonResultException
    AccessTokenOrAppId：null
    URL：https://api.weixin.qq.com/sns/oauth2/access_token?appid=wx15eb92053f01ff86&secret=55e9dac0dcf6d8ed52c2b1935d98fa86&code=001RgsHB0fvpEf2EPPHB0lqzHB0RgsHj&grant_type=authorization_code
    errcode：40163
    errmsg：code been used, hints: [ req_id: y7bdma0053hc56 ]

[[[接口调用]]]
[2018/10/20 23:24:14]
[线程：27]
    URL：https://api.weixin.qq.com/sns/oauth2/access_token?appid=wx15eb92053f01ff86&secret=55e9dac0dcf6d8ed52c2b1935d98fa86&code=001RgsHB0fvpEf2EPPHB0lqzHB0RgsHj&grant_type=authorization_code
    Result：
{"errcode":40163,"errmsg":"code been used, hints: [ req_id: Zr9g1a00542044 ]"}

[[[ErrorJsonResultException]]]
[2018/10/20 23:24:14]
[线程：27]
    ErrorJsonResultException
    AccessTokenOrAppId：null
    URL：https://api.weixin.qq.com/sns/oauth2/access_token?appid=wx15eb92053f01ff86&secret=55e9dac0dcf6d8ed52c2b1935d98fa86&code=001RgsHB0fvpEf2EPPHB0lqzHB0RgsHj&grant_type=authorization_code
    errcode：40163
    errmsg：code been used, hints: [ req_id: Zr9g1a00542044 ]

[[[接口调用]]]
[2018/10/20 23:24:19]
[线程：28]
    URL：https://api.weixin.qq.com/sns/oauth2/access_token?appid=wx15eb92053f01ff86&secret=55e9dac0dcf6d8ed52c2b1935d98fa86&code=001RgsHB0fvpEf2EPPHB0lqzHB0RgsHj&grant_type=authorization_code
    Result：
{"errcode":40163,"errmsg":"code been used, hints: [ req_id: sL_SAa00582281 ]"}

[[[ErrorJsonResultException]]]
[2018/10/20 23:24:19]
[线程：28]
    ErrorJsonResultException
    AccessTokenOrAppId：null
    URL：https://api.weixin.qq.com/sns/oauth2/access_token?appid=wx15eb92053f01ff86&secret=55e9dac0dcf6d8ed52c2b1935d98fa86&code=001RgsHB0fvpEf2EPPHB0lqzHB0RgsHj&grant_type=authorization_code
    errcode：40163
    errmsg：code been used, hints: [ req_id: sL_SAa00582281 ]

[[[首页被访问]]]
[2018/10/20 23:24:28]
[线程：26]
    Url：https://ai.12xiong.top/
IP：116.11.196.251

[[[首页被访问]]]
[2018/10/20 23:25:48]
[线程：28]
    Url：https://ai.12xiong.top/
IP：116.11.196.251

[[[首页被访问]]]
[2018/10/20 23:33:07]
[线程：28]
    Url：https://ai.12xiong.top/
IP：116.11.196.251

[[[首页被访问]]]
[2018/10/20 23:47:13]
[线程：20]
    Url：https://ai.12xiong.top/
IP：116.11.196.251
