
[[[自动注册扩展缓存完成]]]
[2018/10/21 4:57:46]
[线程：1]
    注册总用时：0ms
自动扫描程序集：0个
扩展缓存：

[[[系统日志]]]
[2018/10/21 4:57:46]
[线程：1]
    系统启动

[[[微信扩展缓存注册完成]]]
[2018/10/21 4:57:46]
[线程：1]
    微信扩展缓存注册总用时：0ms
扩展缓存：Senparc.Weixin.Cache.LocalContainerCacheStrategy

[[[RegisterApiBind() 自动扫描程序集异常：Senparc.Weixin.MP, Version=16.4.6.41029, Culture=neutral, PublicKeyToken=null]]]
[2018/10/21 4:57:47]
[线程：1]
    System.ArgumentException: 已添加了具有相同键的项。
   在 System.ThrowHelper.ThrowArgumentException(ExceptionResource resource)
   在 System.Collections.Generic.Dictionary`2.Insert(TKey key, TValue value, Boolean add)
   在 Senparc.NeuChar.ApiBind.ApiBindInfoCollection.Add(MethodInfo method, ApiBindAttribute apiBindAttr)
   在 Senparc.NeuChar.Register.RegisterApiBind()

[[[RegisterApiBind() 自动扫描程序集异常：Senparc.Weixin.WxOpen, Version=3.1.13.29940, Culture=neutral, PublicKeyToken=null]]]
[2018/10/21 4:57:47]
[线程：1]
    System.ArgumentException: 已添加了具有相同键的项。
   在 System.ThrowHelper.ThrowArgumentException(ExceptionResource resource)
   在 System.Collections.Generic.Dictionary`2.Insert(TKey key, TValue value, Boolean add)
   在 Senparc.NeuChar.ApiBind.ApiBindInfoCollection.Add(MethodInfo method, ApiBindAttribute apiBindAttr)
   在 Senparc.NeuChar.Register.RegisterApiBind()

[[[RegisterApiBind() 自动扫描程序集异常：Senparc.Weixin.Work, Version=3.1.13.41028, Culture=neutral, PublicKeyToken=null]]]
[2018/10/21 4:57:47]
[线程：1]
    System.ArgumentException: 已添加了具有相同键的项。
   在 System.ThrowHelper.ThrowArgumentException(ExceptionResource resource)
   在 System.Collections.Generic.Dictionary`2.Insert(TKey key, TValue value, Boolean add)
   在 Senparc.NeuChar.ApiBind.ApiBindInfoCollection.Add(MethodInfo method, ApiBindAttribute apiBindAttr)
   在 Senparc.NeuChar.Register.RegisterApiBind()

[[[自动注册扩展缓存完成]]]
[2018/10/21 22:42:53]
[线程：1]
    注册总用时：0ms
自动扫描程序集：0个
扩展缓存：

[[[系统日志]]]
[2018/10/21 22:42:53]
[线程：1]
    系统启动

[[[微信扩展缓存注册完成]]]
[2018/10/21 22:42:53]
[线程：1]
    微信扩展缓存注册总用时：0ms
扩展缓存：Senparc.Weixin.Cache.LocalContainerCacheStrategy

[[[RegisterApiBind() 自动扫描程序集异常：Senparc.Weixin.MP, Version=16.4.6.41029, Culture=neutral, PublicKeyToken=null]]]
[2018/10/21 22:42:53]
[线程：1]
    System.ArgumentException: 已添加了具有相同键的项。
   在 System.ThrowHelper.ThrowArgumentException(ExceptionResource resource)
   在 System.Collections.Generic.Dictionary`2.Insert(TKey key, TValue value, Boolean add)
   在 Senparc.NeuChar.ApiBind.ApiBindInfoCollection.Add(MethodInfo method, ApiBindAttribute apiBindAttr)
   在 Senparc.NeuChar.Register.RegisterApiBind()

[[[RegisterApiBind() 自动扫描程序集异常：Senparc.Weixin.WxOpen, Version=3.1.13.29940, Culture=neutral, PublicKeyToken=null]]]
[2018/10/21 22:42:53]
[线程：1]
    System.ArgumentException: 已添加了具有相同键的项。
   在 System.ThrowHelper.ThrowArgumentException(ExceptionResource resource)
   在 System.Collections.Generic.Dictionary`2.Insert(TKey key, TValue value, Boolean add)
   在 Senparc.NeuChar.ApiBind.ApiBindInfoCollection.Add(MethodInfo method, ApiBindAttribute apiBindAttr)
   在 Senparc.NeuChar.Register.RegisterApiBind()

[[[RegisterApiBind() 自动扫描程序集异常：Senparc.Weixin.Work, Version=3.1.13.41028, Culture=neutral, PublicKeyToken=null]]]
[2018/10/21 22:42:53]
[线程：1]
    System.ArgumentException: 已添加了具有相同键的项。
   在 System.ThrowHelper.ThrowArgumentException(ExceptionResource resource)
   在 System.Collections.Generic.Dictionary`2.Insert(TKey key, TValue value, Boolean add)
   在 Senparc.NeuChar.ApiBind.ApiBindInfoCollection.Add(MethodInfo method, ApiBindAttribute apiBindAttr)
   在 Senparc.NeuChar.Register.RegisterApiBind()

[[[接口调用]]]
[2018/10/21 22:43:25]
[线程：5]
    URL：https://api.weixin.qq.com/sns/oauth2/access_token?appid=wx15eb92053f01ff86&secret=55e9dac0dcf6d8ed52c2b1935d98fa86&code=081vTbFe2F4YvC05VUHe2sqAFe2vTbFD&grant_type=authorization_code
    Result：
{"access_token":"14_0oja1khtCNvf4dQ3rAaQZDoX6Oz6_-qLXaOmXgMRwzPkqx1pI_gPetYQwUbKnPm8LAOyaMgXciGb9qVeOsJhCQ","expires_in":7200,"refresh_token":"14_auM8-SoZsYjqXDMzM-MQNtU1vIhF4OjlttGLsf-YY62-IIVO8iAwvQr42MciD2PnMtUTzthZ_h8_5qfpCgDTfg","openid":"oOY_U1OatxdJ4_ObS3bbHU00gmGo","scope":"snsapi_userinfo","unionid":"oAmjlw_UfKePdYbf1XWudgxSZjis"}

[[[接口调用]]]
[2018/10/21 22:43:25]
[线程：5]
    URL：https://api.weixin.qq.com/sns/userinfo?access_token=14_0oja1khtCNvf4dQ3rAaQZDoX6Oz6_-qLXaOmXgMRwzPkqx1pI_gPetYQwUbKnPm8LAOyaMgXciGb9qVeOsJhCQ&openid=oOY_U1OatxdJ4_ObS3bbHU00gmGo&lang=zh_CN
    Result：
{"openid":"oOY_U1OatxdJ4_ObS3bbHU00gmGo","nickname":"this.丰兄","sex":1,"language":"zh_CN","city":"","province":"威克洛","country":"爱尔兰","headimgurl":"http:\/\/thirdwx.qlogo.cn\/mmopen\/vi_32\/Q0j4TwGTfTJJwz24hXvS5rh5Pp5ebiahPXT5ZRdUubdzXoXFE1g01nRrUECicD9EnIjyHibeQelBdC6fYibmuusnEw\/132","privilege":[],"unionid":"oAmjlw_UfKePdYbf1XWudgxSZjis"}

[[[首页被访问]]]
[2018/10/21 22:43:25]
[线程：9]
    Url：https://ai.12xiong.top/
IP：182.90.223.195

[[[接口调用]]]
[2018/10/21 22:43:27]
[线程：8]
    URL：https://api.weixin.qq.com/sns/oauth2/access_token?appid=wx15eb92053f01ff86&secret=55e9dac0dcf6d8ed52c2b1935d98fa86&code=0118pjUd1SV2us0Y9ySd1GXaUd18pjU6&grant_type=authorization_code
    Result：
{"access_token":"14_kZJRveJADXd4dQgsmfO83eQcj1N0T4blxrBYqSA8IYUZs4LwOtSoL4V0PBQxobW_udpPtFf4mWt_X-UFU3oOlQ","expires_in":7200,"refresh_token":"14_ARqj8pE2kmfQaVhCYcKruprigxWq4jqZWvrFEN0LWSHb-052P1fFbrFBN9sAY9_BVfaSaWbHDiCo7iwWw3E2pA","openid":"oOY_U1KTeDL3W3PtecWdVp1QXi-A","scope":"snsapi_userinfo","unionid":"oAmjlwxfN1p0B0dXEkx-9sZeTAgQ"}

[[[接口调用]]]
[2018/10/21 22:43:27]
[线程：8]
    URL：https://api.weixin.qq.com/sns/userinfo?access_token=14_kZJRveJADXd4dQgsmfO83eQcj1N0T4blxrBYqSA8IYUZs4LwOtSoL4V0PBQxobW_udpPtFf4mWt_X-UFU3oOlQ&openid=oOY_U1KTeDL3W3PtecWdVp1QXi-A&lang=zh_CN
    Result：
{"openid":"oOY_U1KTeDL3W3PtecWdVp1QXi-A","nickname":"雕","sex":1,"language":"zh_CN","city":"深圳","province":"广东","country":"中国","headimgurl":"http:\/\/thirdwx.qlogo.cn\/mmopen\/vi_32\/zibC1nlwP5Z6a4IPCRMARwKhPMvvtSCicVEZl8XPDjK9ZoBRrEq1Ycto32crNBosibk9SbGK68xVu4c9URh0ib7Vzw\/132","privilege":[],"unionid":"oAmjlwxfN1p0B0dXEkx-9sZeTAgQ"}

[[[首页被访问]]]
[2018/10/21 22:43:27]
[线程：5]
    Url：https://ai.12xiong.top/
IP：116.11.196.251

[[[首页被访问]]]
[2018/10/21 22:43:35]
[线程：8]
    Url：https://ai.12xiong.top/
IP：182.90.223.195

[[[首页被访问]]]
[2018/10/21 22:43:36]
[线程：9]
    Url：https://ai.12xiong.top/
IP：182.90.223.195

[[[首页被访问]]]
[2018/10/21 22:43:37]
[线程：8]
    Url：https://ai.12xiong.top/
IP：182.90.223.195

[[[接口调用]]]
[2018/10/21 22:43:38]
[线程：8]
    URL：https://api.weixin.qq.com/sns/oauth2/access_token?appid=wx15eb92053f01ff86&secret=55e9dac0dcf6d8ed52c2b1935d98fa86&code=0718Os4Z1G85c11eFP3Z1urp4Z18Os4i&grant_type=authorization_code
    Result：
{"access_token":"14_Q0UftBnqpf244nF_yL2l4j1kMQYmkep24qOpEkdsLsr6_jxB6_ZmgJkfRyc8Wk_o9wnUKr1hK6APP45ARmrHGQ","expires_in":7200,"refresh_token":"14_SdRTZk_D87UURCoPPLHVVe8rjc4j_vlH1KO00c7aC4SQu-5xMDDQNBdNoyMed-AXh4arwjAOeE5moXkNmKfe3Q","openid":"oOY_U1KTeDL3W3PtecWdVp1QXi-A","scope":"snsapi_userinfo","unionid":"oAmjlwxfN1p0B0dXEkx-9sZeTAgQ"}

[[[接口调用]]]
[2018/10/21 22:43:38]
[线程：8]
    URL：https://api.weixin.qq.com/sns/userinfo?access_token=14_Q0UftBnqpf244nF_yL2l4j1kMQYmkep24qOpEkdsLsr6_jxB6_ZmgJkfRyc8Wk_o9wnUKr1hK6APP45ARmrHGQ&openid=oOY_U1KTeDL3W3PtecWdVp1QXi-A&lang=zh_CN
    Result：
{"openid":"oOY_U1KTeDL3W3PtecWdVp1QXi-A","nickname":"雕","sex":1,"language":"zh_CN","city":"深圳","province":"广东","country":"中国","headimgurl":"http:\/\/thirdwx.qlogo.cn\/mmopen\/vi_32\/zibC1nlwP5Z6a4IPCRMARwKhPMvvtSCicVEZl8XPDjK9ZoBRrEq1Ycto32crNBosibk9SbGK68xVu4c9URh0ib7Vzw\/132","privilege":[],"unionid":"oAmjlwxfN1p0B0dXEkx-9sZeTAgQ"}

[[[首页被访问]]]
[2018/10/21 22:43:38]
[线程：8]
    Url：https://ai.12xiong.top/
IP：116.11.196.251

[[[接口调用]]]
[2018/10/21 22:43:43]
[线程：8]
    URL：https://api.weixin.qq.com/sns/oauth2/access_token?appid=wx15eb92053f01ff86&secret=55e9dac0dcf6d8ed52c2b1935d98fa86&code=0718Os4Z1G85c11eFP3Z1urp4Z18Os4i&grant_type=authorization_code
    Result：
{"errcode":40163,"errmsg":"code been used, hints: [ req_id: FIAE_00232165 ]"}

[[[ErrorJsonResultException]]]
[2018/10/21 22:43:43]
[线程：8]
    ErrorJsonResultException
    AccessTokenOrAppId：null
    URL：https://api.weixin.qq.com/sns/oauth2/access_token?appid=wx15eb92053f01ff86&secret=55e9dac0dcf6d8ed52c2b1935d98fa86&code=0718Os4Z1G85c11eFP3Z1urp4Z18Os4i&grant_type=authorization_code
    errcode：40163
    errmsg：code been used, hints: [ req_id: FIAE_00232165 ]

[[[接口调用]]]
[2018/10/21 22:43:47]
[线程：8]
    URL：https://api.weixin.qq.com/sns/oauth2/access_token?appid=wx15eb92053f01ff86&secret=55e9dac0dcf6d8ed52c2b1935d98fa86&code=0718Os4Z1G85c11eFP3Z1urp4Z18Os4i&grant_type=authorization_code
    Result：
{"errcode":40163,"errmsg":"code been used, hints: [ req_id: zWqAwa0027hb31 ]"}

[[[ErrorJsonResultException]]]
[2018/10/21 22:43:47]
[线程：8]
    ErrorJsonResultException
    AccessTokenOrAppId：null
    URL：https://api.weixin.qq.com/sns/oauth2/access_token?appid=wx15eb92053f01ff86&secret=55e9dac0dcf6d8ed52c2b1935d98fa86&code=0718Os4Z1G85c11eFP3Z1urp4Z18Os4i&grant_type=authorization_code
    errcode：40163
    errmsg：code been used, hints: [ req_id: zWqAwa0027hb31 ]

[[[接口调用]]]
[2018/10/21 22:43:47]
[线程：8]
    URL：https://api.weixin.qq.com/sns/oauth2/access_token?appid=wx15eb92053f01ff86&secret=55e9dac0dcf6d8ed52c2b1935d98fa86&code=0718Os4Z1G85c11eFP3Z1urp4Z18Os4i&grant_type=authorization_code
    Result：
{"errcode":40163,"errmsg":"code been used, hints: [ req_id: hawuMA00272026 ]"}

[[[ErrorJsonResultException]]]
[2018/10/21 22:43:47]
[线程：8]
    ErrorJsonResultException
    AccessTokenOrAppId：null
    URL：https://api.weixin.qq.com/sns/oauth2/access_token?appid=wx15eb92053f01ff86&secret=55e9dac0dcf6d8ed52c2b1935d98fa86&code=0718Os4Z1G85c11eFP3Z1urp4Z18Os4i&grant_type=authorization_code
    errcode：40163
    errmsg：code been used, hints: [ req_id: hawuMA00272026 ]

[[[接口调用]]]
[2018/10/21 22:43:50]
[线程：9]
    URL：https://api.weixin.qq.com/sns/oauth2/access_token?appid=wx15eb92053f01ff86&secret=55e9dac0dcf6d8ed52c2b1935d98fa86&code=0718Os4Z1G85c11eFP3Z1urp4Z18Os4i&grant_type=authorization_code
    Result：
{"errcode":40163,"errmsg":"code been used, hints: [ req_id: BknVya00302281 ]"}

[[[ErrorJsonResultException]]]
[2018/10/21 22:43:50]
[线程：9]
    ErrorJsonResultException
    AccessTokenOrAppId：null
    URL：https://api.weixin.qq.com/sns/oauth2/access_token?appid=wx15eb92053f01ff86&secret=55e9dac0dcf6d8ed52c2b1935d98fa86&code=0718Os4Z1G85c11eFP3Z1urp4Z18Os4i&grant_type=authorization_code
    errcode：40163
    errmsg：code been used, hints: [ req_id: BknVya00302281 ]

[[[首页被访问]]]
[2018/10/21 22:43:56]
[线程：9]
    Url：https://ai.12xiong.top/
IP：116.11.196.251

[[[首页被访问]]]
[2018/10/21 22:45:17]
[线程：13]
    Url：https://ai.12xiong.top/
IP：116.11.196.251

[[[首页被访问]]]
[2018/10/21 22:45:21]
[线程：15]
    Url：https://ai.12xiong.top/
IP：116.11.196.251

[[[首页被访问]]]
[2018/10/21 22:46:41]
[线程：13]
    Url：https://ai.12xiong.top/
IP：116.11.196.251

[[[自动注册扩展缓存完成]]]
[2018/10/21 23:10:39]
[线程：1]
    注册总用时：0ms
自动扫描程序集：0个
扩展缓存：

[[[系统日志]]]
[2018/10/21 23:10:39]
[线程：1]
    系统启动

[[[微信扩展缓存注册完成]]]
[2018/10/21 23:10:39]
[线程：1]
    微信扩展缓存注册总用时：0ms
扩展缓存：Senparc.Weixin.Cache.LocalContainerCacheStrategy

[[[RegisterApiBind() 自动扫描程序集异常：Senparc.Weixin.MP, Version=16.4.6.41549, Culture=neutral, PublicKeyToken=null]]]
[2018/10/21 23:10:39]
[线程：1]
    System.ArgumentException: 已添加了具有相同键的项。
   在 System.ThrowHelper.ThrowArgumentException(ExceptionResource resource)
   在 System.Collections.Generic.Dictionary`2.Insert(TKey key, TValue value, Boolean add)
   在 Senparc.NeuChar.ApiBind.ApiBindInfoCollection.Add(MethodInfo method, ApiBindAttribute apiBindAttr)
   在 Senparc.NeuChar.Register.RegisterApiBind()

[[[RegisterApiBind() 自动扫描程序集异常：Senparc.Weixin.Work, Version=3.1.13.41550, Culture=neutral, PublicKeyToken=null]]]
[2018/10/21 23:10:39]
[线程：1]
    System.ArgumentException: 已添加了具有相同键的项。
   在 System.ThrowHelper.ThrowArgumentException(ExceptionResource resource)
   在 System.Collections.Generic.Dictionary`2.Insert(TKey key, TValue value, Boolean add)
   在 Senparc.NeuChar.ApiBind.ApiBindInfoCollection.Add(MethodInfo method, ApiBindAttribute apiBindAttr)
   在 Senparc.NeuChar.Register.RegisterApiBind()

[[[RegisterApiBind() 自动扫描程序集异常：Senparc.Weixin.WxOpen, Version=3.1.13.29940, Culture=neutral, PublicKeyToken=null]]]
[2018/10/21 23:10:39]
[线程：1]
    System.ArgumentException: 已添加了具有相同键的项。
   在 System.ThrowHelper.ThrowArgumentException(ExceptionResource resource)
   在 System.Collections.Generic.Dictionary`2.Insert(TKey key, TValue value, Boolean add)
   在 Senparc.NeuChar.ApiBind.ApiBindInfoCollection.Add(MethodInfo method, ApiBindAttribute apiBindAttr)
   在 Senparc.NeuChar.Register.RegisterApiBind()

[[[接口调用]]]
[2018/10/21 23:10:41]
[线程：9]
    URL：https://api.weixin.qq.com/sns/oauth2/access_token?appid=wx15eb92053f01ff86&secret=55e9dac0dcf6d8ed52c2b1935d98fa86&code=0819prIV0HECkV18KWHV0l1AIV09prI-&grant_type=authorization_code
    Result：
{"access_token":"14_XkV4lpVYzQRgwZ2V9Wn5vkL9YduuxQ9iTOsAay1VlLUELpZhN81ZAMV1eqR0mvliNz54PJQR2Fgx3Vy2cLEB1JL7H8mgAPdy3Qv0ieAjOtw","expires_in":7200,"refresh_token":"14_Q0UftBnqpf244nF_yL2l4pCUod8NUC7aJ_UeDj9LqTozaicP4ovc7Apm6ue0c1s0crbzQI5xlorLhiJ76dNVcNFKw5nHZ6Qri9RwJWlDkJs","openid":"oOY_U1KTeDL3W3PtecWdVp1QXi-A","scope":"snsapi_userinfo","unionid":"oAmjlwxfN1p0B0dXEkx-9sZeTAgQ"}

[[[接口调用]]]
[2018/10/21 23:10:41]
[线程：9]
    URL：https://api.weixin.qq.com/sns/userinfo?access_token=14_XkV4lpVYzQRgwZ2V9Wn5vkL9YduuxQ9iTOsAay1VlLUELpZhN81ZAMV1eqR0mvliNz54PJQR2Fgx3Vy2cLEB1JL7H8mgAPdy3Qv0ieAjOtw&openid=oOY_U1KTeDL3W3PtecWdVp1QXi-A&lang=zh_CN
    Result：
{"openid":"oOY_U1KTeDL3W3PtecWdVp1QXi-A","nickname":"雕","sex":1,"language":"zh_CN","city":"深圳","province":"广东","country":"中国","headimgurl":"http:\/\/thirdwx.qlogo.cn\/mmopen\/vi_32\/zibC1nlwP5Z6a4IPCRMARwKhPMvvtSCicVEZl8XPDjK9ZoBRrEq1Ycto32crNBosibk9SbGK68xVu4c9URh0ib7Vzw\/132","privilege":[],"unionid":"oAmjlwxfN1p0B0dXEkx-9sZeTAgQ"}
